Running in wrapper mode for '11'

Running python job.

[u'r2'] [u'large'] [2]
terasort
/home/vode/pj/cherrypick-sandbox/spearmint/examples/typeba/experiment.txt
experiment:  <Experiment 1 name='terasort' count=0>
runs:  [<Run 25 expID=1 configID=25 time=79.16 num=0>]
<Run 25 expID=1 configID=25 time=79.16 num=0>
<Run 25 expID=1 configID=25 time=79.16 num=0>
<Run 25 expID=1 configID=25 time=79.16 num=0>
<Run 25 expID=1 configID=25 time=79.16 num=0>
<Run 25 expID=1 configID=25 time=79.16 num=0>
<Run 25 expID=1 configID=25 time=79.16 num=0>
<Run 25 expID=1 configID=25 time=79.16 num=0>
<Run 25 expID=1 configID=25 time=79.16 num=0>
<Run 25 expID=1 configID=25 time=79.16 num=0>
<Run 25 expID=1 configID=25 time=79.16 num=0>
<Run 25 expID=1 configID=25 time=79.16 num=0>
<Run 25 expID=1 configID=25 time=79.16 num=0>
<Run 25 expID=1 configID=25 time=79.16 num=0>
<Run 25 expID=1 configID=25 time=79.16 num=0>
<Run 25 expID=1 configID=25 time=79.16 num=0>
<Run 25 expID=1 configID=25 time=79.16 num=0>
<Run 25 expID=1 configID=25 time=79.16 num=0>
<Run 25 expID=1 configID=25 time=79.16 num=0>
<Run 25 expID=1 configID=25 time=79.16 num=0>
<Run 25 expID=1 configID=25 time=79.16 num=0>
<Run 25 expID=1 configID=25 time=79.16 num=0>
<Run 25 expID=1 configID=25 time=79.16 num=0>
<Run 25 expID=1 configID=25 time=79.16 num=0>
<Run 25 expID=1 configID=25 time=79.16 num=0>
<Run 25 expID=1 configID=25 time=79.16 num=0>
<Run 25 expID=1 configID=25 time=79.16 num=0>
<Run 25 expID=1 configID=25 time=79.16 num=0>
<Run 25 expID=1 configID=25 time=79.16 num=0>
<Run 25 expID=1 configID=25 time=79.16 num=0>
<Run 25 expID=1 configID=25 time=79.16 num=0>
<Run 25 expID=1 configID=25 time=79.16 num=0>
<Run 25 expID=1 configID=25 time=79.16 num=0>
<Run 25 expID=1 configID=25 time=79.16 num=0>
<Run 25 expID=1 configID=25 time=79.16 num=0>
<Run 25 expID=1 configID=25 time=79.16 num=0>
<Run 25 expID=1 configID=25 time=79.16 num=0>
<Run 25 expID=1 configID=25 time=79.16 num=0>
<Run 25 expID=1 configID=25 time=79.16 num=0>
<Run 25 expID=1 configID=25 time=79.16 num=0>
<Run 25 expID=1 configID=25 time=79.16 num=0>
<Run 25 expID=1 configID=25 time=79.16 num=0>
<Run 25 expID=1 configID=25 time=79.16 num=0>
<Run 25 expID=1 configID=25 time=79.16 num=0>
<Run 25 expID=1 configID=25 time=79.16 num=0>
<Run 25 expID=1 configID=25 time=79.16 num=0>
<Run 25 expID=1 configID=25 time=79.16 num=0>
<Run 25 expID=1 configID=25 time=79.16 num=0>
<Run 25 expID=1 configID=25 time=79.16 num=0>
<Run 25 expID=1 configID=25 time=79.16 num=1>
testdfsio
/home/vode/pj/cherrypick-sandbox/spearmint/examples/typeba/experiment.txt
experiment:  <Experiment 2 name='testdfsio' count=0>
runs:  [<Run 65 expID=2 configID=25 time=29.64 num=0>]
<Run 65 expID=2 configID=25 time=29.64 num=1>
tpcds
/home/vode/pj/cherrypick-sandbox/spearmint/examples/typeba/experiment.txt
experiment:  <Experiment 5 name='tpcds' count=0>
runs:  [<Run 185 expID=5 configID=25 time=106.42 num=0>]
<Run 185 expID=5 configID=25 time=106.42 num=1>
total cost:  486.776654054
Got result 6.187805

Job file reloaded.
Completed successfully in 255.30 seconds. [6.187805]
setting job 11 complete
set...
