Running in wrapper mode for '20048'

Running python job.

[u'm1'] [u'medium'] [2]
terasort
/home/vode/pj/cherrypick-sandbox/spearmint/examples/typeba/experiment.txt
experiment:  <Experiment 1 name='terasort' count=0>
runs:  [<Run 17 expID=1 configID=17 time=93.58 num=0>]
<Run 17 expID=1 configID=17 time=93.58 num=0>
<Run 17 expID=1 configID=17 time=93.58 num=0>
<Run 17 expID=1 configID=17 time=93.58 num=0>
<Run 17 expID=1 configID=17 time=93.58 num=0>
<Run 17 expID=1 configID=17 time=93.58 num=0>
<Run 17 expID=1 configID=17 time=93.58 num=0>
<Run 17 expID=1 configID=17 time=93.58 num=0>
<Run 17 expID=1 configID=17 time=93.58 num=0>
<Run 17 expID=1 configID=17 time=93.58 num=0>
<Run 17 expID=1 configID=17 time=93.58 num=1>
testdfsio
/home/vode/pj/cherrypick-sandbox/spearmint/examples/typeba/experiment.txt
experiment:  <Experiment 2 name='testdfsio' count=0>
runs:  [<Run 57 expID=2 configID=17 time=37.95 num=0>]
<Run 57 expID=2 configID=17 time=37.95 num=1>
tpcds
/home/vode/pj/cherrypick-sandbox/spearmint/examples/typeba/experiment.txt
experiment:  <Experiment 5 name='tpcds' count=0>
runs:  [<Run 177 expID=5 configID=17 time=43.39 num=0>]
<Run 177 expID=5 configID=17 time=43.39 num=1>
total cost:  242.490609647
Got result 5.490963

Job file reloaded.
Completed successfully in 60.12 seconds. [5.490963]
setting job 20048 complete
set...
