Running in wrapper mode for '24083'

Running python job.

[u'c3'] [u'small'] [16]
terasort
/home/vode/pj/cherrypick-sandbox/spearmint/examples/typeba/experiment.txt
experiment:  <Experiment 1 name='terasort' count=0>
runs:  []
<Run 211 expID=1 configID=45 time=0.0 num=0>
<Run 211 expID=1 configID=45 time=0.0 num=0>
<Run 211 expID=1 configID=45 time=0.0 num=0>
<Run 211 expID=1 configID=45 time=0.0 num=0>
<Run 211 expID=1 configID=45 time=0.0 num=0>
<Run 211 expID=1 configID=45 time=0.0 num=0>
<Run 211 expID=1 configID=45 time=0.0 num=0>
<Run 211 expID=1 configID=45 time=0.0 num=0>
<Run 211 expID=1 configID=45 time=0.0 num=0>
<Run 211 expID=1 configID=45 time=0.0 num=0>
<Run 211 expID=1 configID=45 time=0.0 num=0>
<Run 211 expID=1 configID=45 time=0.0 num=0>
<Run 211 expID=1 configID=45 time=0.0 num=0>
<Run 211 expID=1 configID=45 time=0.0 num=0>
<Run 211 expID=1 configID=45 time=0.0 num=0>
<Run 211 expID=1 configID=45 time=0.0 num=0>
<Run 211 expID=1 configID=45 time=0.0 num=0>
<Run 211 expID=1 configID=45 time=0.0 num=0>
<Run 211 expID=1 configID=45 time=0.0 num=0>
<Run 211 expID=1 configID=45 time=0.0 num=0>
<Run 211 expID=1 configID=45 time=0.0 num=0>
<Run 211 expID=1 configID=45 time=0.0 num=0>
<Run 211 expID=1 configID=45 time=0.0 num=0>
<Run 211 expID=1 configID=45 time=0.0 num=0>
<Run 211 expID=1 configID=45 time=0.0 num=0>
<Run 211 expID=1 configID=45 time=0.0 num=0>
<Run 211 expID=1 configID=45 time=0.0 num=0>
<Run 211 expID=1 configID=45 time=0.0 num=0>
<Run 211 expID=1 configID=45 time=0.0 num=0>
<Run 211 expID=1 configID=45 time=0.0 num=0>
<Run 211 expID=1 configID=45 time=0.0 num=0>
<Run 211 expID=1 configID=45 time=0.0 num=0>
<Run 211 expID=1 configID=45 time=0.0 num=0>
<Run 211 expID=1 configID=45 time=0.0 num=0>
<Run 211 expID=1 configID=45 time=0.0 num=0>
<Run 211 expID=1 configID=45 time=0.0 num=0>
<Run 211 expID=1 configID=45 time=0.0 num=0>
<Run 211 expID=1 configID=45 time=0.0 num=0>
<Run 211 expID=1 configID=45 time=0.0 num=0>
<Run 211 expID=1 configID=45 time=0.0 num=0>
<Run 211 expID=1 configID=45 time=0.0 num=0>
<Run 211 expID=1 configID=45 time=0.0 num=0>
<Run 211 expID=1 configID=45 time=0.0 num=0>
<Run 211 expID=1 configID=45 time=0.0 num=0>
<Run 211 expID=1 configID=45 time=0.0 num=0>
<Run 211 expID=1 configID=45 time=0.0 num=0>
<Run 211 expID=1 configID=45 time=0.0 num=0>
<Run 211 expID=1 configID=45 time=0.0 num=0>
<Run 211 expID=1 configID=45 time=0.0 num=0>
<Run 211 expID=1 configID=45 time=0.0 num=0>
<Run 211 expID=1 configID=45 time=0.0 num=0>
<Run 211 expID=1 configID=45 time=0.0 num=0>
<Run 211 expID=1 configID=45 time=0.0 num=0>
<Run 211 expID=1 configID=45 time=0.0 num=0>
<Run 211 expID=1 configID=45 time=0.0 num=0>
<Run 211 expID=1 configID=45 time=0.0 num=0>
<Run 211 expID=1 configID=45 time=0.0 num=0>
<Run 211 expID=1 configID=45 time=0.0 num=0>
<Run 211 expID=1 configID=45 time=0.0 num=0>
<Run 211 expID=1 configID=45 time=0.0 num=0>
<Run 211 expID=1 configID=45 time=0.0 num=0>
<Run 211 expID=1 configID=45 time=0.0 num=0>
<Run 211 expID=1 configID=45 time=0.0 num=0>
<Run 211 expID=1 configID=45 time=0.0 num=0>
<Run 211 expID=1 configID=45 time=0.0 num=0>
<Run 211 expID=1 configID=45 time=0.0 num=0>
<Run 211 expID=1 configID=45 time=0.0 num=0>
<Run 211 expID=1 configID=45 time=0.0 num=0>
<Run 211 expID=1 configID=45 time=0.0 num=0>
<Run 211 expID=1 configID=45 time=0.0 num=0>
<Run 211 expID=1 configID=45 time=0.0 num=0>
<Run 211 expID=1 configID=45 time=0.0 num=0>
<Run 211 expID=1 configID=45 time=0.0 num=0>
<Run 211 expID=1 configID=45 time=0.0 num=0>
<Run 211 expID=1 configID=45 time=0.0 num=0>
<Run 211 expID=1 configID=45 time=0.0 num=0>
<Run 211 expID=1 configID=45 time=0.0 num=0>
<Run 211 expID=1 configID=45 time=0.0 num=0>
<Run 211 expID=1 configID=45 time=0.0 num=0>
<Run 211 expID=1 configID=45 time=0.0 num=0>
<Run 211 expID=1 configID=45 time=0.0 num=0>
<Run 211 expID=1 configID=45 time=0.0 num=0>
<Run 211 expID=1 configID=45 time=0.0 num=0>
<Run 211 expID=1 configID=45 time=0.0 num=0>
<Run 211 expID=1 configID=45 time=0.0 num=0>
<Run 211 expID=1 configID=45 time=0.0 num=0>
<Run 211 expID=1 configID=45 time=0.0 num=0>
<Run 211 expID=1 configID=45 time=0.0 num=0>
<Run 211 expID=1 configID=45 time=0.0 num=0>
<Run 211 expID=1 configID=45 time=0.0 num=0>
<Run 211 expID=1 configID=45 time=0.0 num=0>
<Run 211 expID=1 configID=45 time=0.0 num=0>
<Run 211 expID=1 configID=45 time=0.0 num=0>
<Run 211 expID=1 configID=45 time=0.0 num=0>
<Run 211 expID=1 configID=45 time=0.0 num=0>
<Run 211 expID=1 configID=45 time=0.0 num=0>
<Run 211 expID=1 configID=45 time=0.0 num=0>
<Run 211 expID=1 configID=45 time=0.0 num=0>
<Run 211 expID=1 configID=45 time=0.0 num=0>
<Run 211 expID=1 configID=45 time=0.0 num=0>
<Run 211 expID=1 configID=45 time=0.0 num=0>
<Run 211 expID=1 configID=45 time=0.0 num=0>
<Run 211 expID=1 configID=45 time=0.0 num=0>
<Run 211 expID=1 configID=45 time=0.0 num=0>
<Run 211 expID=1 configID=45 time=0.0 num=0>
<Run 211 expID=1 configID=45 time=0.0 num=0>
<Run 211 expID=1 configID=45 time=0.0 num=0>
<Run 211 expID=1 configID=45 time=0.0 num=0>
<Run 211 expID=1 configID=45 time=0.0 num=0>
<Run 211 expID=1 configID=45 time=0.0 num=0>
<Run 211 expID=1 configID=45 time=0.0 num=0>
<Run 211 expID=1 configID=45 time=0.0 num=0>
<Run 211 expID=1 configID=45 time=0.0 num=0>
<Run 211 expID=1 configID=45 time=0.0 num=0>
<Run 211 expID=1 configID=45 time=0.0 num=0>
<Run 211 expID=1 configID=45 time=0.0 num=0>
<Run 211 expID=1 configID=45 time=0.0 num=0>
<Run 211 expID=1 configID=45 time=0.0 num=0>
<Run 211 expID=1 configID=45 time=0.0 num=0>
<Run 211 expID=1 configID=45 time=0.0 num=0>
<Run 211 expID=1 configID=45 time=0.0 num=0>
<Run 211 expID=1 configID=45 time=0.0 num=0>
<Run 211 expID=1 configID=45 time=0.0 num=0>
<Run 211 expID=1 configID=45 time=0.0 num=0>
<Run 211 expID=1 configID=45 time=0.0 num=0>
<Run 211 expID=1 configID=45 time=0.0 num=0>
<Run 211 expID=1 configID=45 time=0.0 num=0>
<Run 211 expID=1 configID=45 time=0.0 num=0>
<Run 211 expID=1 configID=45 time=0.0 num=0>
<Run 211 expID=1 configID=45 time=0.0 num=0>
<Run 211 expID=1 configID=45 time=0.0 num=0>
<Run 211 expID=1 configID=45 time=0.0 num=0>
<Run 211 expID=1 configID=45 time=0.0 num=0>
<Run 211 expID=1 configID=45 time=0.0 num=0>
<Run 211 expID=1 configID=45 time=0.0 num=0>
<Run 211 expID=1 configID=45 time=0.0 num=0>
<Run 211 expID=1 configID=45 time=0.0 num=0>
<Run 211 expID=1 configID=45 time=0.0 num=0>
<Run 211 expID=1 configID=45 time=0.0 num=0>
<Run 211 expID=1 configID=45 time=0.0 num=0>
<Run 211 expID=1 configID=45 time=0.0 num=0>
<Run 211 expID=1 configID=45 time=0.0 num=0>
<Run 211 expID=1 configID=45 time=0.0 num=0>
<Run 211 expID=1 configID=45 time=0.0 num=0>
<Run 211 expID=1 configID=45 time=0.0 num=0>
<Run 211 expID=1 configID=45 time=0.0 num=0>
<Run 211 expID=1 configID=45 time=0.0 num=0>
<Run 211 expID=1 configID=45 time=0.0 num=0>
<Run 211 expID=1 configID=45 time=0.0 num=0>
<Run 211 expID=1 configID=45 time=0.0 num=0>
<Run 211 expID=1 configID=45 time=0.0 num=0>
<Run 211 expID=1 configID=45 time=0.0 num=0>
<Run 211 expID=1 configID=45 time=0.0 num=0>
<Run 211 expID=1 configID=45 time=0.0 num=0>
<Run 211 expID=1 configID=45 time=0.0 num=0>
<Run 211 expID=1 configID=45 time=0.0 num=0>
<Run 211 expID=1 configID=45 time=0.0 num=0>
<Run 211 expID=1 configID=45 time=0.0 num=0>
<Run 211 expID=1 configID=45 time=0.0 num=0>
<Run 211 expID=1 configID=45 time=0.0 num=0>
<Run 211 expID=1 configID=45 time=0.0 num=0>
<Run 211 expID=1 configID=45 time=0.0 num=0>
<Run 211 expID=1 configID=45 time=0.0 num=0>
<Run 211 expID=1 configID=45 time=0.0 num=0>
<Run 211 expID=1 configID=45 time=0.0 num=0>
<Run 211 expID=1 configID=45 time=0.0 num=0>
<Run 211 expID=1 configID=45 time=0.0 num=0>
<Run 211 expID=1 configID=45 time=0.0 num=0>
<Run 211 expID=1 configID=45 time=0.0 num=0>
<Run 211 expID=1 configID=45 time=0.0 num=0>
<Run 211 expID=1 configID=45 time=0.0 num=0>
<Run 211 expID=1 configID=45 time=0.0 num=0>
<Run 211 expID=1 configID=45 time=0.0 num=0>
<Run 211 expID=1 configID=45 time=0.0 num=0>
<Run 211 expID=1 configID=45 time=0.0 num=0>
<Run 211 expID=1 configID=45 time=0.0 num=0>
<Run 211 expID=1 configID=45 time=0.0 num=0>
<Run 211 expID=1 configID=45 time=0.0 num=0>
<Run 211 expID=1 configID=45 time=0.0 num=0>
<Run 211 expID=1 configID=45 time=0.0 num=0>
<Run 211 expID=1 configID=45 time=0.0 num=0>
<Run 211 expID=1 configID=45 time=0.0 num=0>
<Run 211 expID=1 configID=45 time=0.0 num=0>
<Run 211 expID=1 configID=45 time=0.0 num=0>
<Run 211 expID=1 configID=45 time=0.0 num=0>
<Run 211 expID=1 configID=45 time=0.0 num=0>
<Run 211 expID=1 configID=45 time=0.0 num=0>
<Run 211 expID=1 configID=45 time=0.0 num=0>
<Run 211 expID=1 configID=45 time=0.0 num=0>
<Run 211 expID=1 configID=45 time=0.0 num=0>
<Run 211 expID=1 configID=45 time=0.0 num=0>
<Run 211 expID=1 configID=45 time=0.0 num=0>
<Run 211 expID=1 configID=45 time=0.0 num=0>
<Run 211 expID=1 configID=45 time=0.0 num=0>
<Run 211 expID=1 configID=45 time=0.0 num=0>
<Run 211 expID=1 configID=45 time=0.0 num=0>
<Run 211 expID=1 configID=45 time=0.0 num=0>
<Run 211 expID=1 configID=45 time=0.0 num=0>
<Run 211 expID=1 configID=45 time=0.0 num=0>
<Run 211 expID=1 configID=45 time=0.0 num=0>
<Run 211 expID=1 configID=45 time=0.0 num=0>
<Run 211 expID=1 configID=45 time=0.0 num=0>
<Run 211 expID=1 configID=45 time=0.0 num=0>
<Run 211 expID=1 configID=45 time=0.0 num=0>
<Run 211 expID=1 configID=45 time=0.0 num=0>
<Run 211 expID=1 configID=45 time=0.0 num=0>
<Run 211 expID=1 configID=45 time=0.0 num=0>
<Run 211 expID=1 configID=45 time=0.0 num=0>
<Run 211 expID=1 configID=45 time=0.0 num=0>
<Run 211 expID=1 configID=45 time=0.0 num=0>
<Run 211 expID=1 configID=45 time=0.0 num=0>
<Run 211 expID=1 configID=45 time=0.0 num=0>
<Run 211 expID=1 configID=45 time=0.0 num=0>
<Run 211 expID=1 configID=45 time=0.0 num=0>
<Run 211 expID=1 configID=45 time=0.0 num=0>
<Run 211 expID=1 configID=45 time=0.0 num=0>
<Run 211 expID=1 configID=45 time=0.0 num=0>
<Run 211 expID=1 configID=45 time=0.0 num=0>
<Run 211 expID=1 configID=45 time=0.0 num=0>
<Run 211 expID=1 configID=45 time=0.0 num=0>
<Run 211 expID=1 configID=45 time=0.0 num=0>
<Run 211 expID=1 configID=45 time=0.0 num=0>
<Run 211 expID=1 configID=45 time=0.0 num=0>
<Run 211 expID=1 configID=45 time=0.0 num=0>
<Run 211 expID=1 configID=45 time=0.0 num=0>
<Run 211 expID=1 configID=45 time=0.0 num=0>
<Run 211 expID=1 configID=45 time=0.0 num=0>
<Run 211 expID=1 configID=45 time=0.0 num=0>
<Run 211 expID=1 configID=45 time=0.0 num=0>
<Run 211 expID=1 configID=45 time=0.0 num=0>
<Run 211 expID=1 configID=45 time=0.0 num=0>
<Run 211 expID=1 configID=45 time=0.0 num=0>
<Run 211 expID=1 configID=45 time=0.0 num=0>
<Run 211 expID=1 configID=45 time=0.0 num=0>
<Run 211 expID=1 configID=45 time=0.0 num=0>
<Run 211 expID=1 configID=45 time=0.0 num=0>
<Run 211 expID=1 configID=45 time=0.0 num=0>
<Run 211 expID=1 configID=45 time=0.0 num=0>
<Run 211 expID=1 configID=45 time=0.0 num=0>
<Run 211 expID=1 configID=45 time=0.0 num=0>
<Run 211 expID=1 configID=45 time=0.0 num=0>
<Run 211 expID=1 configID=45 time=0.0 num=0>
<Run 211 expID=1 configID=45 time=0.0 num=0>
<Run 211 expID=1 configID=45 time=0.0 num=0>
<Run 211 expID=1 configID=45 time=0.0 num=0>
<Run 211 expID=1 configID=45 time=0.0 num=0>
<Run 211 expID=1 configID=45 time=0.0 num=0>
<Run 211 expID=1 configID=45 time=0.0 num=0>
<Run 211 expID=1 configID=45 time=0.0 num=0>
<Run 211 expID=1 configID=45 time=0.0 num=0>
<Run 211 expID=1 configID=45 time=0.0 num=0>
<Run 211 expID=1 configID=45 time=0.0 num=0>
<Run 211 expID=1 configID=45 time=0.0 num=0>
<Run 211 expID=1 configID=45 time=0.0 num=0>
<Run 211 expID=1 configID=45 time=0.0 num=0>
<Run 211 expID=1 configID=45 time=0.0 num=0>
<Run 211 expID=1 configID=45 time=0.0 num=0>
<Run 211 expID=1 configID=45 time=0.0 num=0>
<Run 211 expID=1 configID=45 time=0.0 num=0>
<Run 211 expID=1 configID=45 time=0.0 num=0>
<Run 211 expID=1 configID=45 time=0.0 num=0>
<Run 211 expID=1 configID=45 time=0.0 num=0>
<Run 211 expID=1 configID=45 time=0.0 num=0>
<Run 211 expID=1 configID=45 time=0.0 num=0>
<Run 211 expID=1 configID=45 time=0.0 num=0>
<Run 211 expID=1 configID=45 time=0.0 num=0>
<Run 211 expID=1 configID=45 time=0.0 num=0>
<Run 211 expID=1 configID=45 time=0.0 num=0>
<Run 211 expID=1 configID=45 time=0.0 num=0>
<Run 211 expID=1 configID=45 time=0.0 num=0>
<Run 211 expID=1 configID=45 time=0.0 num=0>
<Run 211 expID=1 configID=45 time=0.0 num=0>
<Run 211 expID=1 configID=45 time=0.0 num=0>
<Run 211 expID=1 configID=45 time=0.0 num=0>
<Run 211 expID=1 configID=45 time=0.0 num=0>
<Run 211 expID=1 configID=45 time=0.0 num=0>
<Run 211 expID=1 configID=45 time=0.0 num=0>
<Run 211 expID=1 configID=45 time=0.0 num=0>
<Run 211 expID=1 configID=45 time=0.0 num=0>
<Run 211 expID=1 configID=45 time=0.0 num=0>
<Run 211 expID=1 configID=45 time=0.0 num=0>
<Run 211 expID=1 configID=45 time=0.0 num=0>
<Run 211 expID=1 configID=45 time=0.0 num=0>
<Run 211 expID=1 configID=45 time=0.0 num=0>
<Run 211 expID=1 configID=45 time=0.0 num=0>
<Run 211 expID=1 configID=45 time=0.0 num=0>
<Run 211 expID=1 configID=45 time=0.0 num=0>
<Run 211 expID=1 configID=45 time=0.0 num=0>
<Run 211 expID=1 configID=45 time=0.0 num=0>
<Run 211 expID=1 configID=45 time=0.0 num=0>
<Run 211 expID=1 configID=45 time=0.0 num=0>
<Run 211 expID=1 configID=45 time=0.0 num=0>
<Run 211 expID=1 configID=45 time=0.0 num=0>
<Run 211 expID=1 configID=45 time=0.0 num=0>
<Run 211 expID=1 configID=45 time=0.0 num=0>
<Run 211 expID=1 configID=45 time=0.0 num=0>
<Run 211 expID=1 configID=45 time=0.0 num=0>
<Run 211 expID=1 configID=45 time=0.0 num=0>
<Run 211 expID=1 configID=45 time=0.0 num=0>
<Run 211 expID=1 configID=45 time=0.0 num=0>
<Run 211 expID=1 configID=45 time=0.0 num=0>
<Run 211 expID=1 configID=45 time=0.0 num=0>
<Run 211 expID=1 configID=45 time=0.0 num=0>
<Run 211 expID=1 configID=45 time=0.0 num=0>
<Run 211 expID=1 configID=45 time=0.0 num=0>
<Run 211 expID=1 configID=45 time=0.0 num=0>
<Run 211 expID=1 configID=45 time=0.0 num=0>
<Run 211 expID=1 configID=45 time=0.0 num=0>
<Run 211 expID=1 configID=45 time=0.0 num=0>
<Run 211 expID=1 configID=45 time=0.0 num=0>
<Run 211 expID=1 configID=45 time=0.0 num=0>
<Run 211 expID=1 configID=45 time=0.0 num=0>
<Run 211 expID=1 configID=45 time=0.0 num=0>
<Run 211 expID=1 configID=45 time=0.0 num=0>
<Run 211 expID=1 configID=45 time=0.0 num=0>
<Run 211 expID=1 configID=45 time=0.0 num=0>
<Run 211 expID=1 configID=45 time=0.0 num=0>
<Run 211 expID=1 configID=45 time=0.0 num=0>
<Run 211 expID=1 configID=45 time=0.0 num=0>
<Run 211 expID=1 configID=45 time=0.0 num=0>
<Run 211 expID=1 configID=45 time=0.0 num=0>
<Run 211 expID=1 configID=45 time=0.0 num=0>
<Run 211 expID=1 configID=45 time=0.0 num=0>
<Run 211 expID=1 configID=45 time=0.0 num=0>
<Run 211 expID=1 configID=45 time=0.0 num=0>
<Run 211 expID=1 configID=45 time=0.0 num=0>
<Run 211 expID=1 configID=45 time=0.0 num=0>
<Run 211 expID=1 configID=45 time=0.0 num=0>
<Run 211 expID=1 configID=45 time=0.0 num=0>
<Run 211 expID=1 configID=45 time=0.0 num=0>
<Run 211 expID=1 configID=45 time=0.0 num=0>
<Run 211 expID=1 configID=45 time=0.0 num=0>
<Run 211 expID=1 configID=45 time=0.0 num=0>
<Run 211 expID=1 configID=45 time=0.0 num=0>
<Run 211 expID=1 configID=45 time=0.0 num=0>
<Run 211 expID=1 configID=45 time=0.0 num=0>
<Run 211 expID=1 configID=45 time=0.0 num=0>
<Run 211 expID=1 configID=45 time=0.0 num=0>
<Run 211 expID=1 configID=45 time=0.0 num=0>
<Run 211 expID=1 configID=45 time=0.0 num=0>
<Run 211 expID=1 configID=45 time=0.0 num=0>
<Run 211 expID=1 configID=45 time=0.0 num=0>
<Run 211 expID=1 configID=45 time=0.0 num=0>
<Run 211 expID=1 configID=45 time=0.0 num=0>
<Run 211 expID=1 configID=45 time=0.0 num=0>
<Run 211 expID=1 configID=45 time=0.0 num=0>
<Run 211 expID=1 configID=45 time=0.0 num=0>
<Run 211 expID=1 configID=45 time=0.0 num=0>
<Run 211 expID=1 configID=45 time=0.0 num=0>
<Run 211 expID=1 configID=45 time=0.0 num=0>
<Run 211 expID=1 configID=45 time=0.0 num=0>
<Run 211 expID=1 configID=45 time=0.0 num=0>
<Run 211 expID=1 configID=45 time=0.0 num=0>
<Run 211 expID=1 configID=45 time=0.0 num=0>
<Run 211 expID=1 configID=45 time=0.0 num=0>
<Run 211 expID=1 configID=45 time=0.0 num=0>
<Run 211 expID=1 configID=45 time=0.0 num=0>
<Run 211 expID=1 configID=45 time=0.0 num=0>
<Run 211 expID=1 configID=45 time=0.0 num=0>
<Run 211 expID=1 configID=45 time=0.0 num=0>
<Run 211 expID=1 configID=45 time=0.0 num=0>
<Run 211 expID=1 configID=45 time=0.0 num=0>
<Run 211 expID=1 configID=45 time=0.0 num=0>
<Run 211 expID=1 configID=45 time=0.0 num=0>
<Run 211 expID=1 configID=45 time=0.0 num=0>
<Run 211 expID=1 configID=45 time=0.0 num=0>
<Run 211 expID=1 configID=45 time=0.0 num=0>
<Run 211 expID=1 configID=45 time=0.0 num=0>
<Run 211 expID=1 configID=45 time=0.0 num=0>
<Run 211 expID=1 configID=45 time=0.0 num=0>
<Run 211 expID=1 configID=45 time=0.0 num=0>
<Run 211 expID=1 configID=45 time=0.0 num=0>
<Run 211 expID=1 configID=45 time=0.0 num=0>
<Run 211 expID=1 configID=45 time=0.0 num=0>
<Run 211 expID=1 configID=45 time=0.0 num=0>
<Run 211 expID=1 configID=45 time=0.0 num=0>
<Run 211 expID=1 configID=45 time=0.0 num=0>
<Run 211 expID=1 configID=45 time=0.0 num=0>
<Run 211 expID=1 configID=45 time=0.0 num=0>
<Run 211 expID=1 configID=45 time=0.0 num=0>
<Run 211 expID=1 configID=45 time=0.0 num=0>
<Run 211 expID=1 configID=45 time=0.0 num=0>
<Run 211 expID=1 configID=45 time=0.0 num=0>
<Run 211 expID=1 configID=45 time=0.0 num=0>
<Run 211 expID=1 configID=45 time=0.0 num=0>
<Run 211 expID=1 configID=45 time=0.0 num=0>
<Run 211 expID=1 configID=45 time=0.0 num=0>
<Run 211 expID=1 configID=45 time=0.0 num=0>
<Run 211 expID=1 configID=45 time=0.0 num=0>
<Run 211 expID=1 configID=45 time=0.0 num=0>
<Run 211 expID=1 configID=45 time=0.0 num=0>
<Run 211 expID=1 configID=45 time=0.0 num=0>
<Run 211 expID=1 configID=45 time=0.0 num=0>
<Run 211 expID=1 configID=45 time=0.0 num=0>
<Run 211 expID=1 configID=45 time=0.0 num=0>
<Run 211 expID=1 configID=45 time=0.0 num=0>
<Run 211 expID=1 configID=45 time=0.0 num=0>
<Run 211 expID=1 configID=45 time=0.0 num=0>
<Run 211 expID=1 configID=45 time=0.0 num=0>
<Run 211 expID=1 configID=45 time=0.0 num=0>
<Run 211 expID=1 configID=45 time=0.0 num=0>
<Run 211 expID=1 configID=45 time=0.0 num=0>
<Run 211 expID=1 configID=45 time=0.0 num=0>
<Run 211 expID=1 configID=45 time=0.0 num=0>
<Run 211 expID=1 configID=45 time=0.0 num=0>
<Run 211 expID=1 configID=45 time=0.0 num=0>
<Run 211 expID=1 configID=45 time=0.0 num=0>
<Run 211 expID=1 configID=45 time=0.0 num=0>
<Run 211 expID=1 configID=45 time=0.0 num=0>
<Run 211 expID=1 configID=45 time=0.0 num=0>
<Run 211 expID=1 configID=45 time=0.0 num=0>
<Run 211 expID=1 configID=45 time=0.0 num=0>
<Run 211 expID=1 configID=45 time=0.0 num=0>
<Run 211 expID=1 configID=45 time=0.0 num=0>
<Run 211 expID=1 configID=45 time=0.0 num=0>
<Run 211 expID=1 configID=45 time=0.0 num=0>
<Run 211 expID=1 configID=45 time=0.0 num=0>
<Run 211 expID=1 configID=45 time=0.0 num=0>
<Run 211 expID=1 configID=45 time=0.0 num=0>
<Run 211 expID=1 configID=45 time=0.0 num=0>
<Run 211 expID=1 configID=45 time=0.0 num=0>
<Run 211 expID=1 configID=45 time=0.0 num=0>
<Run 211 expID=1 configID=45 time=0.0 num=0>
<Run 211 expID=1 configID=45 time=0.0 num=0>
<Run 211 expID=1 configID=45 time=0.0 num=0>
<Run 211 expID=1 configID=45 time=0.0 num=0>
<Run 211 expID=1 configID=45 time=0.0 num=0>
<Run 211 expID=1 configID=45 time=0.0 num=0>
<Run 211 expID=1 configID=45 time=0.0 num=0>
<Run 211 expID=1 configID=45 time=0.0 num=0>
<Run 211 expID=1 configID=45 time=0.0 num=0>
<Run 211 expID=1 configID=45 time=0.0 num=0>
<Run 211 expID=1 configID=45 time=0.0 num=0>
<Run 211 expID=1 configID=45 time=0.0 num=0>
<Run 211 expID=1 configID=45 time=0.0 num=0>
<Run 211 expID=1 configID=45 time=0.0 num=0>
<Run 211 expID=1 configID=45 time=0.0 num=0>
<Run 211 expID=1 configID=45 time=0.0 num=0>
<Run 211 expID=1 configID=45 time=0.0 num=0>
<Run 211 expID=1 configID=45 time=0.0 num=0>
<Run 211 expID=1 configID=45 time=0.0 num=0>
<Run 211 expID=1 configID=45 time=0.0 num=0>
<Run 211 expID=1 configID=45 time=0.0 num=0>
<Run 211 expID=1 configID=45 time=0.0 num=0>
<Run 211 expID=1 configID=45 time=0.0 num=0>
<Run 211 expID=1 configID=45 time=0.0 num=0>
<Run 211 expID=1 configID=45 time=0.0 num=0>
<Run 211 expID=1 configID=45 time=0.0 num=0>
<Run 211 expID=1 configID=45 time=0.0 num=0>
<Run 211 expID=1 configID=45 time=0.0 num=0>
<Run 211 expID=1 configID=45 time=0.0 num=0>
<Run 211 expID=1 configID=45 time=0.0 num=0>
<Run 211 expID=1 configID=45 time=0.0 num=0>
<Run 211 expID=1 configID=45 time=0.0 num=0>
<Run 211 expID=1 configID=45 time=0.0 num=0>
<Run 211 expID=1 configID=45 time=0.0 num=0>
<Run 211 expID=1 configID=45 time=0.0 num=0>
<Run 211 expID=1 configID=45 time=0.0 num=0>
<Run 211 expID=1 configID=45 time=0.0 num=0>
<Run 211 expID=1 configID=45 time=0.0 num=0>
<Run 211 expID=1 configID=45 time=0.0 num=0>
<Run 211 expID=1 configID=45 time=0.0 num=0>
<Run 211 expID=1 configID=45 time=0.0 num=0>
<Run 211 expID=1 configID=45 time=0.0 num=0>
<Run 211 expID=1 configID=45 time=0.0 num=0>
<Run 211 expID=1 configID=45 time=0.0 num=0>
<Run 211 expID=1 configID=45 time=0.0 num=0>
<Run 211 expID=1 configID=45 time=0.0 num=0>
<Run 211 expID=1 configID=45 time=0.0 num=0>
<Run 211 expID=1 configID=45 time=0.0 num=0>
<Run 211 expID=1 configID=45 time=0.0 num=0>
<Run 211 expID=1 configID=45 time=0.0 num=0>
<Run 211 expID=1 configID=45 time=0.0 num=0>
<Run 211 expID=1 configID=45 time=0.0 num=0>
<Run 211 expID=1 configID=45 time=0.0 num=0>
<Run 211 expID=1 configID=45 time=0.0 num=0>
<Run 211 expID=1 configID=45 time=0.0 num=0>
<Run 211 expID=1 configID=45 time=0.0 num=0>
<Run 211 expID=1 configID=45 time=0.0 num=0>
<Run 211 expID=1 configID=45 time=0.0 num=0>
<Run 211 expID=1 configID=45 time=0.0 num=0>
<Run 211 expID=1 configID=45 time=0.0 num=0>
<Run 211 expID=1 configID=45 time=0.0 num=0>
<Run 211 expID=1 configID=45 time=0.0 num=0>
<Run 211 expID=1 configID=45 time=0.0 num=0>
<Run 211 expID=1 configID=45 time=0.0 num=0>
<Run 211 expID=1 configID=45 time=0.0 num=0>
<Run 211 expID=1 configID=45 time=0.0 num=0>
<Run 211 expID=1 configID=45 time=0.0 num=0>
<Run 211 expID=1 configID=45 time=0.0 num=0>
<Run 211 expID=1 configID=45 time=0.0 num=0>
<Run 211 expID=1 configID=45 time=0.0 num=0>
<Run 211 expID=1 configID=45 time=0.0 num=0>
<Run 211 expID=1 configID=45 time=0.0 num=0>
<Run 211 expID=1 configID=45 time=0.0 num=0>
<Run 211 expID=1 configID=45 time=0.0 num=0>
<Run 211 expID=1 configID=45 time=0.0 num=0>
<Run 211 expID=1 configID=45 time=0.0 num=0>
<Run 211 expID=1 configID=45 time=0.0 num=0>
<Run 211 expID=1 configID=45 time=0.0 num=0>
<Run 211 expID=1 configID=45 time=0.0 num=0>
<Run 211 expID=1 configID=45 time=0.0 num=0>
<Run 211 expID=1 configID=45 time=0.0 num=0>
<Run 211 expID=1 configID=45 time=0.0 num=0>
<Run 211 expID=1 configID=45 time=0.0 num=0>
<Run 211 expID=1 configID=45 time=0.0 num=0>
<Run 211 expID=1 configID=45 time=0.0 num=0>
<Run 211 expID=1 configID=45 time=0.0 num=0>
<Run 211 expID=1 configID=45 time=0.0 num=0>
<Run 211 expID=1 configID=45 time=0.0 num=0>
<Run 211 expID=1 configID=45 time=0.0 num=0>
<Run 211 expID=1 configID=45 time=0.0 num=0>
<Run 211 expID=1 configID=45 time=0.0 num=0>
<Run 211 expID=1 configID=45 time=0.0 num=0>
<Run 211 expID=1 configID=45 time=0.0 num=0>
<Run 211 expID=1 configID=45 time=0.0 num=0>
<Run 211 expID=1 configID=45 time=0.0 num=0>
<Run 211 expID=1 configID=45 time=0.0 num=0>
<Run 211 expID=1 configID=45 time=0.0 num=0>
<Run 211 expID=1 configID=45 time=0.0 num=0>
<Run 211 expID=1 configID=45 time=0.0 num=0>
<Run 211 expID=1 configID=45 time=0.0 num=0>
<Run 211 expID=1 configID=45 time=0.0 num=0>
<Run 211 expID=1 configID=45 time=0.0 num=0>
<Run 211 expID=1 configID=45 time=0.0 num=0>
<Run 211 expID=1 configID=45 time=0.0 num=0>
<Run 211 expID=1 configID=45 time=0.0 num=0>
<Run 211 expID=1 configID=45 time=0.0 num=0>
<Run 211 expID=1 configID=45 time=0.0 num=0>
<Run 211 expID=1 configID=45 time=0.0 num=0>
<Run 211 expID=1 configID=45 time=0.0 num=0>
<Run 211 expID=1 configID=45 time=0.0 num=0>
<Run 211 expID=1 configID=45 time=0.0 num=0>
<Run 211 expID=1 configID=45 time=0.0 num=0>
<Run 211 expID=1 configID=45 time=0.0 num=0>
<Run 211 expID=1 configID=45 time=0.0 num=0>
<Run 211 expID=1 configID=45 time=0.0 num=0>
<Run 211 expID=1 configID=45 time=0.0 num=0>
<Run 211 expID=1 configID=45 time=0.0 num=0>
<Run 211 expID=1 configID=45 time=0.0 num=0>
<Run 211 expID=1 configID=45 time=0.0 num=0>
<Run 211 expID=1 configID=45 time=0.0 num=0>
<Run 211 expID=1 configID=45 time=0.0 num=0>
<Run 211 expID=1 configID=45 time=0.0 num=0>
<Run 211 expID=1 configID=45 time=0.0 num=0>
<Run 211 expID=1 configID=45 time=0.0 num=0>
<Run 211 expID=1 configID=45 time=0.0 num=0>
<Run 211 expID=1 configID=45 time=0.0 num=0>
<Run 211 expID=1 configID=45 time=0.0 num=0>
<Run 211 expID=1 configID=45 time=0.0 num=0>
<Run 211 expID=1 configID=45 time=0.0 num=0>
<Run 211 expID=1 configID=45 time=0.0 num=0>
<Run 211 expID=1 configID=45 time=0.0 num=0>
<Run 211 expID=1 configID=45 time=0.0 num=0>
<Run 211 expID=1 configID=45 time=0.0 num=0>
<Run 211 expID=1 configID=45 time=0.0 num=0>
<Run 211 expID=1 configID=45 time=0.0 num=0>
<Run 211 expID=1 configID=45 time=0.0 num=0>
<Run 211 expID=1 configID=45 time=0.0 num=0>
<Run 211 expID=1 configID=45 time=0.0 num=0>
<Run 211 expID=1 configID=45 time=0.0 num=0>
<Run 211 expID=1 configID=45 time=0.0 num=0>
<Run 211 expID=1 configID=45 time=0.0 num=0>
<Run 211 expID=1 configID=45 time=0.0 num=0>
<Run 211 expID=1 configID=45 time=0.0 num=0>
<Run 211 expID=1 configID=45 time=0.0 num=0>
<Run 211 expID=1 configID=45 time=0.0 num=0>
<Run 211 expID=1 configID=45 time=0.0 num=0>
<Run 211 expID=1 configID=45 time=0.0 num=0>
<Run 211 expID=1 configID=45 time=0.0 num=0>
<Run 211 expID=1 configID=45 time=0.0 num=0>
<Run 211 expID=1 configID=45 time=0.0 num=0>
<Run 211 expID=1 configID=45 time=0.0 num=0>
<Run 211 expID=1 configID=45 time=0.0 num=0>
<Run 211 expID=1 configID=45 time=0.0 num=0>
<Run 211 expID=1 configID=45 time=0.0 num=0>
<Run 211 expID=1 configID=45 time=0.0 num=0>
<Run 211 expID=1 configID=45 time=0.0 num=0>
<Run 211 expID=1 configID=45 time=0.0 num=0>
<Run 211 expID=1 configID=45 time=0.0 num=0>
<Run 211 expID=1 configID=45 time=0.0 num=0>
<Run 211 expID=1 configID=45 time=0.0 num=0>
<Run 211 expID=1 configID=45 time=0.0 num=0>
<Run 211 expID=1 configID=45 time=0.0 num=0>
<Run 211 expID=1 configID=45 time=0.0 num=0>
<Run 211 expID=1 configID=45 time=0.0 num=0>
<Run 211 expID=1 configID=45 time=0.0 num=0>
<Run 211 expID=1 configID=45 time=0.0 num=0>
<Run 211 expID=1 configID=45 time=0.0 num=0>
<Run 211 expID=1 configID=45 time=0.0 num=0>
<Run 211 expID=1 configID=45 time=0.0 num=0>
<Run 211 expID=1 configID=45 time=0.0 num=0>
<Run 211 expID=1 configID=45 time=0.0 num=0>
<Run 211 expID=1 configID=45 time=0.0 num=0>
<Run 211 expID=1 configID=45 time=0.0 num=0>
<Run 211 expID=1 configID=45 time=0.0 num=0>
<Run 211 expID=1 configID=45 time=0.0 num=0>
<Run 211 expID=1 configID=45 time=0.0 num=0>
<Run 211 expID=1 configID=45 time=0.0 num=0>
<Run 211 expID=1 configID=45 time=0.0 num=0>
<Run 211 expID=1 configID=45 time=0.0 num=0>
<Run 211 expID=1 configID=45 time=0.0 num=0>
<Run 211 expID=1 configID=45 time=0.0 num=0>
<Run 211 expID=1 configID=45 time=0.0 num=0>
<Run 211 expID=1 configID=45 time=0.0 num=0>
<Run 211 expID=1 configID=45 time=0.0 num=0>
<Run 211 expID=1 configID=45 time=0.0 num=0>
<Run 211 expID=1 configID=45 time=0.0 num=0>
<Run 211 expID=1 configID=45 time=0.0 num=0>
<Run 211 expID=1 configID=45 time=0.0 num=0>
<Run 211 expID=1 configID=45 time=0.0 num=0>
<Run 211 expID=1 configID=45 time=0.0 num=0>
<Run 211 expID=1 configID=45 time=0.0 num=0>
<Run 211 expID=1 configID=45 time=0.0 num=0>
<Run 211 expID=1 configID=45 time=0.0 num=0>
<Run 211 expID=1 configID=45 time=0.0 num=0>
<Run 211 expID=1 configID=45 time=0.0 num=0>
<Run 211 expID=1 configID=45 time=0.0 num=0>
<Run 211 expID=1 configID=45 time=0.0 num=0>
<Run 211 expID=1 configID=45 time=0.0 num=0>
<Run 211 expID=1 configID=45 time=0.0 num=0>
<Run 211 expID=1 configID=45 time=0.0 num=0>
<Run 211 expID=1 configID=45 time=0.0 num=0>
<Run 211 expID=1 configID=45 time=0.0 num=0>
<Run 211 expID=1 configID=45 time=0.0 num=0>
<Run 211 expID=1 configID=45 time=0.0 num=0>
<Run 211 expID=1 configID=45 time=0.0 num=0>
<Run 211 expID=1 configID=45 time=0.0 num=0>
<Run 211 expID=1 configID=45 time=0.0 num=0>
<Run 211 expID=1 configID=45 time=0.0 num=0>
<Run 211 expID=1 configID=45 time=0.0 num=0>
<Run 211 expID=1 configID=45 time=0.0 num=0>
<Run 211 expID=1 configID=45 time=0.0 num=0>
<Run 211 expID=1 configID=45 time=0.0 num=0>
<Run 211 expID=1 configID=45 time=0.0 num=0>
<Run 211 expID=1 configID=45 time=0.0 num=0>
<Run 211 expID=1 configID=45 time=0.0 num=0>
<Run 211 expID=1 configID=45 time=0.0 num=0>
<Run 211 expID=1 configID=45 time=0.0 num=0>
<Run 211 expID=1 configID=45 time=0.0 num=0>
<Run 211 expID=1 configID=45 time=0.0 num=0>
<Run 211 expID=1 configID=45 time=0.0 num=0>
<Run 211 expID=1 configID=45 time=0.0 num=0>
<Run 211 expID=1 configID=45 time=0.0 num=0>
<Run 211 expID=1 configID=45 time=0.0 num=0>
<Run 211 expID=1 configID=45 time=0.0 num=0>
<Run 211 expID=1 configID=45 time=0.0 num=0>
<Run 211 expID=1 configID=45 time=0.0 num=0>
<Run 211 expID=1 configID=45 time=0.0 num=0>
<Run 211 expID=1 configID=45 time=0.0 num=0>
<Run 211 expID=1 configID=45 time=0.0 num=0>
<Run 211 expID=1 configID=45 time=0.0 num=0>
<Run 211 expID=1 configID=45 time=0.0 num=0>
<Run 211 expID=1 configID=45 time=0.0 num=0>
<Run 211 expID=1 configID=45 time=0.0 num=0>
<Run 211 expID=1 configID=45 time=0.0 num=0>
<Run 211 expID=1 configID=45 time=0.0 num=0>
<Run 211 expID=1 configID=45 time=0.0 num=0>
<Run 211 expID=1 configID=45 time=0.0 num=0>
<Run 211 expID=1 configID=45 time=0.0 num=0>
<Run 211 expID=1 configID=45 time=0.0 num=0>
<Run 211 expID=1 configID=45 time=0.0 num=0>
<Run 211 expID=1 configID=45 time=0.0 num=0>
<Run 211 expID=1 configID=45 time=0.0 num=0>
<Run 211 expID=1 configID=45 time=0.0 num=0>
<Run 211 expID=1 configID=45 time=0.0 num=0>
<Run 211 expID=1 configID=45 time=0.0 num=0>
<Run 211 expID=1 configID=45 time=0.0 num=0>
<Run 211 expID=1 configID=45 time=0.0 num=0>
<Run 211 expID=1 configID=45 time=0.0 num=0>
<Run 211 expID=1 configID=45 time=0.0 num=0>
<Run 211 expID=1 configID=45 time=0.0 num=0>
<Run 211 expID=1 configID=45 time=0.0 num=0>
<Run 211 expID=1 configID=45 time=0.0 num=0>
<Run 211 expID=1 configID=45 time=0.0 num=0>
<Run 211 expID=1 configID=45 time=0.0 num=0>
<Run 211 expID=1 configID=45 time=0.0 num=0>
<Run 211 expID=1 configID=45 time=0.0 num=0>
<Run 211 expID=1 configID=45 time=0.0 num=0>
<Run 211 expID=1 configID=45 time=0.0 num=0>
<Run 211 expID=1 configID=45 time=0.0 num=0>
<Run 211 expID=1 configID=45 time=0.0 num=0>
<Run 211 expID=1 configID=45 time=0.0 num=0>
<Run 211 expID=1 configID=45 time=0.0 num=0>
<Run 211 expID=1 configID=45 time=0.0 num=0>
<Run 211 expID=1 configID=45 time=0.0 num=0>
<Run 211 expID=1 configID=45 time=0.0 num=0>
<Run 211 expID=1 configID=45 time=0.0 num=0>
<Run 211 expID=1 configID=45 time=0.0 num=0>
<Run 211 expID=1 configID=45 time=0.0 num=0>
<Run 211 expID=1 configID=45 time=0.0 num=0>
<Run 211 expID=1 configID=45 time=0.0 num=0>
<Run 211 expID=1 configID=45 time=0.0 num=0>
<Run 211 expID=1 configID=45 time=0.0 num=0>
<Run 211 expID=1 configID=45 time=0.0 num=0>
<Run 211 expID=1 configID=45 time=0.0 num=0>
<Run 211 expID=1 configID=45 time=0.0 num=0>
<Run 211 expID=1 configID=45 time=0.0 num=0>
<Run 211 expID=1 configID=45 time=0.0 num=0>
<Run 211 expID=1 configID=45 time=0.0 num=0>
<Run 211 expID=1 configID=45 time=0.0 num=0>
<Run 211 expID=1 configID=45 time=0.0 num=0>
<Run 211 expID=1 configID=45 time=0.0 num=0>
<Run 211 expID=1 configID=45 time=0.0 num=0>
<Run 211 expID=1 configID=45 time=0.0 num=0>
<Run 211 expID=1 configID=45 time=0.0 num=0>
<Run 211 expID=1 configID=45 time=0.0 num=0>
<Run 211 expID=1 configID=45 time=0.0 num=0>
<Run 211 expID=1 configID=45 time=0.0 num=0>
<Run 211 expID=1 configID=45 time=0.0 num=0>
<Run 211 expID=1 configID=45 time=0.0 num=0>
<Run 211 expID=1 configID=45 time=0.0 num=0>
<Run 211 expID=1 configID=45 time=0.0 num=0>
<Run 211 expID=1 configID=45 time=0.0 num=0>
<Run 211 expID=1 configID=45 time=0.0 num=0>
<Run 211 expID=1 configID=45 time=0.0 num=0>
<Run 211 expID=1 configID=45 time=0.0 num=0>
<Run 211 expID=1 configID=45 time=0.0 num=0>
<Run 211 expID=1 configID=45 time=0.0 num=0>
<Run 211 expID=1 configID=45 time=0.0 num=0>
<Run 211 expID=1 configID=45 time=0.0 num=0>
<Run 211 expID=1 configID=45 time=0.0 num=0>
<Run 211 expID=1 configID=45 time=0.0 num=0>
<Run 211 expID=1 configID=45 time=0.0 num=0>
<Run 211 expID=1 configID=45 time=0.0 num=0>
<Run 211 expID=1 configID=45 time=0.0 num=0>
<Run 211 expID=1 configID=45 time=0.0 num=0>
<Run 211 expID=1 configID=45 time=0.0 num=0>
<Run 211 expID=1 configID=45 time=0.0 num=0>
<Run 211 expID=1 configID=45 time=0.0 num=0>
<Run 211 expID=1 configID=45 time=0.0 num=0>
<Run 211 expID=1 configID=45 time=0.0 num=0>
<Run 211 expID=1 configID=45 time=0.0 num=0>
<Run 211 expID=1 configID=45 time=0.0 num=0>
<Run 211 expID=1 configID=45 time=0.0 num=0>
<Run 211 expID=1 configID=45 time=0.0 num=0>
<Run 211 expID=1 configID=45 time=0.0 num=0>
<Run 211 expID=1 configID=45 time=0.0 num=0>
<Run 211 expID=1 configID=45 time=0.0 num=0>
<Run 211 expID=1 configID=45 time=0.0 num=0>
<Run 211 expID=1 configID=45 time=0.0 num=0>
<Run 211 expID=1 configID=45 time=0.0 num=0>
<Run 211 expID=1 configID=45 time=0.0 num=0>
<Run 211 expID=1 configID=45 time=0.0 num=0>
<Run 211 expID=1 configID=45 time=0.0 num=0>
<Run 211 expID=1 configID=45 time=0.0 num=0>
<Run 211 expID=1 configID=45 time=0.0 num=0>
<Run 211 expID=1 configID=45 time=0.0 num=0>
<Run 211 expID=1 configID=45 time=0.0 num=0>
<Run 211 expID=1 configID=45 time=0.0 num=0>
<Run 211 expID=1 configID=45 time=0.0 num=0>
<Run 211 expID=1 configID=45 time=0.0 num=0>
<Run 211 expID=1 configID=45 time=0.0 num=0>
<Run 211 expID=1 configID=45 time=0.0 num=0>
<Run 211 expID=1 configID=45 time=0.0 num=0>
<Run 211 expID=1 configID=45 time=0.0 num=0>
<Run 211 expID=1 configID=45 time=0.0 num=0>
<Run 211 expID=1 configID=45 time=-1.0 num=1>
----------------------------------------
Problem running the job:
(<type 'exceptions.Exception'>, Exception('Some errors when running!',), <traceback object at 0x7fa95dcb92d8>)
Traceback (most recent call last):
  File "/home/vode/pj/cherrypick-sandbox/spearmint/spearmint/runner.py", line 42, in job_runner
    elif job.language == PYTHON: run_python_job(job)
  File "/home/vode/pj/cherrypick-sandbox/spearmint/spearmint/runner.py", line 137, in run_python_job
    result = module.main(job.id, params)
  File "/home/vode/pj/cherrypick-sandbox/spearmint/examples/typeba/typeba.py", line 93, in main
    return COST_FUNC(get_cost(params))
  File "/home/vode/pj/cherrypick-sandbox/spearmint/examples/typeba/typeba.py", line 78, in get_cost
    raise Exception("Some errors when running!")
Exception: Some errors when running!
None
----------------------------------------
Job file reloaded.
Could not find value in output file.
Job failed in 3794.32 seconds.
