Running in wrapper mode for '13'

Running python job.

[u'c3'] [u'large'] [8]
testdfsio
/home/vode/pj/cherrypick-sandbox/spearmint/examples/typeda/experiment.txt
experiment:  <Experiment 2 name='testdfsio' count=0>
runs:  [<Run 43 expID=2 configID=3 time=47.47 num=0>]
<Run 43 expID=2 configID=3 time=47.47 num=0>
<Run 43 expID=2 configID=3 time=47.47 num=0>
<Run 43 expID=2 configID=3 time=47.47 num=0>
<Run 43 expID=2 configID=3 time=47.47 num=0>
<Run 43 expID=2 configID=3 time=47.47 num=0>
<Run 43 expID=2 configID=3 time=47.47 num=0>
<Run 43 expID=2 configID=3 time=47.47 num=0>
<Run 43 expID=2 configID=3 time=47.47 num=0>
<Run 43 expID=2 configID=3 time=47.47 num=0>
<Run 43 expID=2 configID=3 time=47.47 num=0>
<Run 43 expID=2 configID=3 time=47.47 num=0>
<Run 43 expID=2 configID=3 time=47.47 num=0>
<Run 43 expID=2 configID=3 time=47.47 num=0>
<Run 43 expID=2 configID=3 time=47.47 num=0>
<Run 43 expID=2 configID=3 time=47.47 num=0>
<Run 43 expID=2 configID=3 time=47.47 num=0>
<Run 43 expID=2 configID=3 time=47.47 num=0>
<Run 43 expID=2 configID=3 time=47.47 num=0>
<Run 43 expID=2 configID=3 time=47.47 num=0>
<Run 43 expID=2 configID=3 time=47.47 num=0>
<Run 43 expID=2 configID=3 time=47.47 num=0>
<Run 43 expID=2 configID=3 time=47.47 num=0>
<Run 43 expID=2 configID=3 time=47.47 num=0>
<Run 43 expID=2 configID=3 time=47.47 num=0>
<Run 43 expID=2 configID=3 time=47.47 num=0>
<Run 43 expID=2 configID=3 time=47.47 num=0>
<Run 43 expID=2 configID=3 time=47.47 num=0>
<Run 43 expID=2 configID=3 time=47.47 num=0>
<Run 43 expID=2 configID=3 time=47.47 num=0>
<Run 43 expID=2 configID=3 time=47.47 num=0>
<Run 43 expID=2 configID=3 time=47.47 num=0>
<Run 43 expID=2 configID=3 time=47.47 num=0>
<Run 43 expID=2 configID=3 time=47.47 num=0>
<Run 43 expID=2 configID=3 time=47.47 num=0>
<Run 43 expID=2 configID=3 time=47.47 num=0>
<Run 43 expID=2 configID=3 time=47.47 num=0>
<Run 43 expID=2 configID=3 time=47.47 num=0>
<Run 43 expID=2 configID=3 time=47.47 num=0>
<Run 43 expID=2 configID=3 time=47.47 num=0>
<Run 43 expID=2 configID=3 time=47.47 num=0>
<Run 43 expID=2 configID=3 time=47.47 num=0>
<Run 43 expID=2 configID=3 time=47.47 num=0>
<Run 43 expID=2 configID=3 time=47.47 num=0>
<Run 43 expID=2 configID=3 time=47.47 num=0>
<Run 43 expID=2 configID=3 time=47.47 num=0>
<Run 43 expID=2 configID=3 time=47.47 num=0>
<Run 43 expID=2 configID=3 time=47.47 num=0>
<Run 43 expID=2 configID=3 time=47.47 num=0>
<Run 43 expID=2 configID=3 time=47.47 num=0>
<Run 43 expID=2 configID=3 time=47.47 num=0>
<Run 43 expID=2 configID=3 time=47.47 num=0>
<Run 43 expID=2 configID=3 time=47.47 num=0>
<Run 43 expID=2 configID=3 time=47.47 num=0>
<Run 43 expID=2 configID=3 time=47.47 num=0>
<Run 43 expID=2 configID=3 time=47.47 num=0>
<Run 43 expID=2 configID=3 time=47.47 num=0>
<Run 43 expID=2 configID=3 time=47.47 num=0>
<Run 43 expID=2 configID=3 time=47.47 num=0>
<Run 43 expID=2 configID=3 time=47.47 num=0>
<Run 43 expID=2 configID=3 time=47.47 num=1>
<Run 43 expID=2 configID=3 time=47.47 num=1>
<Run 43 expID=2 configID=3 time=47.47 num=1>
tpcds
/home/vode/pj/cherrypick-sandbox/spearmint/examples/typeda/experiment.txt
experiment:  <Experiment 5 name='tpcds' count=0>
runs:  [<Run 163 expID=5 configID=3 time=88.17 num=1>]
spark
/home/vode/pj/cherrypick-sandbox/spearmint/examples/typeda/experiment.txt
experiment:  <Experiment 3 name='spark' count=0>
runs:  [<Run 83 expID=3 configID=3 time=477.84 num=0>]
<Run 83 expID=3 configID=3 time=477.84 num=1>
total cost:  2522.71626584
Got result 7.833091

Job file reloaded.
Completed successfully in 315.43 seconds. [7.833091]
setting job 13 complete
set...
