Running in wrapper mode for '20009'

Running python job.

[u'm1'] [u'xlarge'] [2]
testdfsio
/home/vode/pj/cherrypick-sandbox/spearmint/examples/typeda/experiment.txt
experiment:  <Experiment 2 name='testdfsio' count=0>
runs:  [<Run 61 expID=2 configID=21 time=23.19 num=0>]
<Run 61 expID=2 configID=21 time=23.19 num=1>
<Run 61 expID=2 configID=21 time=23.19 num=1>
<Run 61 expID=2 configID=21 time=23.19 num=1>
tpcds
/home/vode/pj/cherrypick-sandbox/spearmint/examples/typeda/experiment.txt
experiment:  <Experiment 5 name='tpcds' count=0>
runs:  [<Run 181 expID=5 configID=21 time=90.52 num=1>]
spark
/home/vode/pj/cherrypick-sandbox/spearmint/examples/typeda/experiment.txt
experiment:  <Experiment 3 name='spark' count=0>
runs:  [<Run 101 expID=3 configID=21 time=398.46 num=1>]
total cost:  1548.62943081
Got result 7.345126

Job file reloaded.
Completed successfully in 15.12 seconds. [7.345126]
setting job 20009 complete
set...
