Running in wrapper mode for '20007'

Running python job.

[u'm1'] [u'medium'] [2]
testdfsio
/home/vode/pj/cherrypick-sandbox/spearmint/examples/typeda/experiment.txt
experiment:  <Experiment 2 name='testdfsio' count=0>
runs:  [<Run 57 expID=2 configID=17 time=37.95 num=0>]
<Run 57 expID=2 configID=17 time=37.95 num=0>
<Run 57 expID=2 configID=17 time=37.95 num=0>
<Run 57 expID=2 configID=17 time=37.95 num=0>
<Run 57 expID=2 configID=17 time=37.95 num=0>
<Run 57 expID=2 configID=17 time=37.95 num=0>
<Run 57 expID=2 configID=17 time=37.95 num=0>
<Run 57 expID=2 configID=17 time=37.95 num=0>
<Run 57 expID=2 configID=17 time=37.95 num=0>
<Run 57 expID=2 configID=17 time=37.95 num=0>
<Run 57 expID=2 configID=17 time=37.95 num=0>
<Run 57 expID=2 configID=17 time=37.95 num=0>
<Run 57 expID=2 configID=17 time=37.95 num=0>
<Run 57 expID=2 configID=17 time=37.95 num=0>
<Run 57 expID=2 configID=17 time=37.95 num=0>
<Run 57 expID=2 configID=17 time=37.95 num=0>
<Run 57 expID=2 configID=17 time=37.95 num=0>
<Run 57 expID=2 configID=17 time=37.95 num=0>
<Run 57 expID=2 configID=17 time=37.95 num=0>
<Run 57 expID=2 configID=17 time=37.95 num=0>
<Run 57 expID=2 configID=17 time=37.95 num=0>
<Run 57 expID=2 configID=17 time=37.95 num=0>
<Run 57 expID=2 configID=17 time=37.95 num=0>
<Run 57 expID=2 configID=17 time=37.95 num=0>
<Run 57 expID=2 configID=17 time=37.95 num=0>
<Run 57 expID=2 configID=17 time=37.95 num=0>
<Run 57 expID=2 configID=17 time=37.95 num=0>
<Run 57 expID=2 configID=17 time=37.95 num=0>
<Run 57 expID=2 configID=17 time=37.95 num=0>
<Run 57 expID=2 configID=17 time=37.95 num=0>
<Run 57 expID=2 configID=17 time=37.95 num=0>
<Run 57 expID=2 configID=17 time=37.95 num=0>
<Run 57 expID=2 configID=17 time=37.95 num=0>
<Run 57 expID=2 configID=17 time=37.95 num=0>
<Run 57 expID=2 configID=17 time=37.95 num=0>
<Run 57 expID=2 configID=17 time=37.95 num=0>
<Run 57 expID=2 configID=17 time=37.95 num=0>
<Run 57 expID=2 configID=17 time=37.95 num=0>
<Run 57 expID=2 configID=17 time=37.95 num=0>
<Run 57 expID=2 configID=17 time=37.95 num=0>
<Run 57 expID=2 configID=17 time=37.95 num=0>
<Run 57 expID=2 configID=17 time=37.95 num=0>
<Run 57 expID=2 configID=17 time=37.95 num=0>
<Run 57 expID=2 configID=17 time=37.95 num=0>
<Run 57 expID=2 configID=17 time=37.95 num=0>
<Run 57 expID=2 configID=17 time=37.95 num=0>
<Run 57 expID=2 configID=17 time=37.95 num=0>
<Run 57 expID=2 configID=17 time=37.95 num=0>
<Run 57 expID=2 configID=17 time=37.95 num=0>
<Run 57 expID=2 configID=17 time=37.95 num=0>
<Run 57 expID=2 configID=17 time=37.95 num=0>
<Run 57 expID=2 configID=17 time=37.95 num=0>
<Run 57 expID=2 configID=17 time=37.95 num=0>
<Run 57 expID=2 configID=17 time=37.95 num=0>
<Run 57 expID=2 configID=17 time=37.95 num=0>
<Run 57 expID=2 configID=17 time=37.95 num=0>
<Run 57 expID=2 configID=17 time=37.95 num=0>
<Run 57 expID=2 configID=17 time=37.95 num=0>
<Run 57 expID=2 configID=17 time=37.95 num=0>
<Run 57 expID=2 configID=17 time=37.95 num=0>
<Run 57 expID=2 configID=17 time=37.95 num=0>
<Run 57 expID=2 configID=17 time=37.95 num=0>
<Run 57 expID=2 configID=17 time=37.95 num=0>
<Run 57 expID=2 configID=17 time=37.95 num=0>
<Run 57 expID=2 configID=17 time=37.95 num=0>
<Run 57 expID=2 configID=17 time=37.95 num=0>
<Run 57 expID=2 configID=17 time=37.95 num=0>
<Run 57 expID=2 configID=17 time=37.95 num=0>
<Run 57 expID=2 configID=17 time=37.95 num=0>
<Run 57 expID=2 configID=17 time=37.95 num=0>
<Run 57 expID=2 configID=17 time=37.95 num=0>
<Run 57 expID=2 configID=17 time=37.95 num=0>
<Run 57 expID=2 configID=17 time=37.95 num=0>
<Run 57 expID=2 configID=17 time=37.95 num=0>
<Run 57 expID=2 configID=17 time=37.95 num=0>
<Run 57 expID=2 configID=17 time=37.95 num=0>
<Run 57 expID=2 configID=17 time=37.95 num=0>
<Run 57 expID=2 configID=17 time=37.95 num=0>
<Run 57 expID=2 configID=17 time=37.95 num=0>
<Run 57 expID=2 configID=17 time=37.95 num=0>
<Run 57 expID=2 configID=17 time=37.95 num=0>
<Run 57 expID=2 configID=17 time=37.95 num=0>
<Run 57 expID=2 configID=17 time=37.95 num=0>
<Run 57 expID=2 configID=17 time=37.95 num=0>
<Run 57 expID=2 configID=17 time=37.95 num=0>
<Run 57 expID=2 configID=17 time=37.95 num=0>
<Run 57 expID=2 configID=17 time=37.95 num=0>
<Run 57 expID=2 configID=17 time=37.95 num=0>
<Run 57 expID=2 configID=17 time=37.95 num=0>
<Run 57 expID=2 configID=17 time=37.95 num=0>
<Run 57 expID=2 configID=17 time=37.95 num=0>
<Run 57 expID=2 configID=17 time=37.95 num=0>
<Run 57 expID=2 configID=17 time=37.95 num=1>
<Run 57 expID=2 configID=17 time=37.95 num=1>
<Run 57 expID=2 configID=17 time=37.95 num=1>
tpcds
/home/vode/pj/cherrypick-sandbox/spearmint/examples/typeda/experiment.txt
experiment:  <Experiment 5 name='tpcds' count=0>
runs:  [<Run 177 expID=5 configID=17 time=43.39 num=1>]
spark
/home/vode/pj/cherrypick-sandbox/spearmint/examples/typeda/experiment.txt
experiment:  <Experiment 3 name='spark' count=0>
runs:  [<Run 97 expID=3 configID=17 time=710.91 num=0>]
<Run 97 expID=3 configID=17 time=710.91 num=1>
total cost:  1203.51144961
Got result 7.092999

Job file reloaded.
Completed successfully in 475.61 seconds. [7.092999]
setting job 20007 complete
set...
