Running in wrapper mode for '13'

Running python job.

[u'c3'] [u'large'] [8]
terasort
/home/vode/pj/cherrypick-sandbox/spearmint/examples/typeca/experiment.txt
experiment:  <Experiment 1 name='terasort' count=0>
runs:  [<Run 3 expID=1 configID=3 time=98.42 num=0>]
<Run 3 expID=1 configID=3 time=98.42 num=0>
<Run 3 expID=1 configID=3 time=98.42 num=0>
<Run 3 expID=1 configID=3 time=98.42 num=0>
<Run 3 expID=1 configID=3 time=98.42 num=0>
<Run 3 expID=1 configID=3 time=98.42 num=0>
<Run 3 expID=1 configID=3 time=98.42 num=0>
<Run 3 expID=1 configID=3 time=98.42 num=0>
<Run 3 expID=1 configID=3 time=98.42 num=0>
<Run 3 expID=1 configID=3 time=98.42 num=0>
<Run 3 expID=1 configID=3 time=98.42 num=0>
<Run 3 expID=1 configID=3 time=98.42 num=0>
<Run 3 expID=1 configID=3 time=98.42 num=0>
<Run 3 expID=1 configID=3 time=98.42 num=0>
<Run 3 expID=1 configID=3 time=98.42 num=0>
<Run 3 expID=1 configID=3 time=98.42 num=0>
<Run 3 expID=1 configID=3 time=98.42 num=0>
<Run 3 expID=1 configID=3 time=98.42 num=0>
<Run 3 expID=1 configID=3 time=98.42 num=0>
<Run 3 expID=1 configID=3 time=98.42 num=1>
<Run 3 expID=1 configID=3 time=98.42 num=1>
<Run 3 expID=1 configID=3 time=98.42 num=1>
testdfsio
/home/vode/pj/cherrypick-sandbox/spearmint/examples/typeca/experiment.txt
experiment:  <Experiment 2 name='testdfsio' count=0>
runs:  [<Run 43 expID=2 configID=3 time=47.47 num=0>]
<Run 43 expID=2 configID=3 time=47.47 num=1>
<Run 43 expID=2 configID=3 time=47.47 num=1>
<Run 43 expID=2 configID=3 time=47.47 num=1>
kmeans
/home/vode/pj/cherrypick-sandbox/spearmint/examples/typeca/experiment.txt
experiment:  <Experiment 4 name='kmeans' count=0>
runs:  [<Run 123 expID=4 configID=3 time=296.51 num=1>]
total cost:  2614.44881293
Got result 7.868809

Job file reloaded.
Completed successfully in 120.21 seconds. [7.868809]
setting job 13 complete
set...
Running in wrapper mode for '13'

Running python job.

[u'c3'] [u'large'] [8]
terasort
/home/qh/Documents/cherrypick-sandbox/spearmint/examples/typeca/experiment.txt
experiment:  <Experiment 1 name='terasort' count=0>
runs:  [<Run 3 expID=1 configID=3 time=98.42 num=0>]
<Run 3 expID=1 configID=3 time=98.42 num=0>
<Run 3 expID=1 configID=3 time=98.42 num=0>
<Run 3 expID=1 configID=3 time=98.42 num=0>
<Run 3 expID=1 configID=3 time=98.42 num=0>
<Run 3 expID=1 configID=3 time=98.42 num=0>
<Run 3 expID=1 configID=3 time=98.42 num=0>
<Run 3 expID=1 configID=3 time=98.42 num=0>
<Run 3 expID=1 configID=3 time=98.42 num=0>
<Run 3 expID=1 configID=3 time=98.42 num=0>
<Run 3 expID=1 configID=3 time=98.42 num=0>
<Run 3 expID=1 configID=3 time=98.42 num=0>
<Run 3 expID=1 configID=3 time=98.42 num=0>
<Run 3 expID=1 configID=3 time=98.42 num=0>
<Run 3 expID=1 configID=3 time=98.42 num=0>
<Run 3 expID=1 configID=3 time=98.42 num=0>
<Run 3 expID=1 configID=3 time=98.42 num=0>
<Run 3 expID=1 configID=3 time=98.42 num=0>
<Run 3 expID=1 configID=3 time=98.42 num=0>
<Run 3 expID=1 configID=3 time=98.42 num=0>
<Run 3 expID=1 configID=3 time=98.42 num=0>
<Run 3 expID=1 configID=3 time=98.42 num=0>
<Run 3 expID=1 configID=3 time=98.42 num=0>
<Run 3 expID=1 configID=3 time=98.42 num=0>
<Run 3 expID=1 configID=3 time=98.42 num=0>
<Run 3 expID=1 configID=3 time=98.42 num=0>
<Run 3 expID=1 configID=3 time=98.42 num=0>
<Run 3 expID=1 configID=3 time=98.42 num=0>
<Run 3 expID=1 configID=3 time=98.42 num=0>
<Run 3 expID=1 configID=3 time=98.42 num=0>
<Run 3 expID=1 configID=3 time=98.42 num=0>
<Run 3 expID=1 configID=3 time=98.42 num=0>
<Run 3 expID=1 configID=3 time=80.822 num=1>
<Run 3 expID=1 configID=3 time=80.822 num=0>
<Run 3 expID=1 configID=3 time=80.822 num=0>
<Run 3 expID=1 configID=3 time=80.822 num=0>
<Run 3 expID=1 configID=3 time=80.822 num=0>
<Run 3 expID=1 configID=3 time=80.822 num=0>
<Run 3 expID=1 configID=3 time=80.822 num=0>
<Run 3 expID=1 configID=3 time=80.822 num=0>
<Run 3 expID=1 configID=3 time=80.822 num=0>
<Run 3 expID=1 configID=3 time=80.822 num=0>
<Run 3 expID=1 configID=3 time=80.822 num=0>
<Run 3 expID=1 configID=3 time=80.822 num=0>
<Run 3 expID=1 configID=3 time=80.822 num=0>
<Run 3 expID=1 configID=3 time=80.822 num=0>
<Run 3 expID=1 configID=3 time=80.822 num=0>
<Run 3 expID=1 configID=3 time=80.822 num=0>
<Run 3 expID=1 configID=3 time=80.822 num=0>
<Run 3 expID=1 configID=3 time=80.822 num=0>
<Run 3 expID=1 configID=3 time=80.822 num=0>
<Run 3 expID=1 configID=3 time=80.822 num=0>
<Run 3 expID=1 configID=3 time=80.822 num=0>
<Run 3 expID=1 configID=3 time=80.822 num=0>
<Run 3 expID=1 configID=3 time=80.822 num=0>
<Run 3 expID=1 configID=3 time=80.822 num=0>
<Run 3 expID=1 configID=3 time=80.822 num=0>
<Run 3 expID=1 configID=3 time=80.822 num=0>
<Run 3 expID=1 configID=3 time=80.822 num=0>
<Run 3 expID=1 configID=3 time=80.822 num=0>
<Run 3 expID=1 configID=3 time=80.822 num=0>
<Run 3 expID=1 configID=3 time=80.822 num=0>
<Run 3 expID=1 configID=3 time=80.822 num=0>
<Run 3 expID=1 configID=3 time=80.822 num=0>
<Run 3 expID=1 configID=3 time=80.822 num=0>
<Run 3 expID=1 configID=3 time=80.822 num=0>
<Run 3 expID=1 configID=3 time=80.822 num=0>
<Run 3 expID=1 configID=3 time=80.822 num=0>
<Run 3 expID=1 configID=3 time=80.822 num=0>
<Run 3 expID=1 configID=3 time=80.822 num=0>
<Run 3 expID=1 configID=3 time=80.822 num=0>
<Run 3 expID=1 configID=3 time=80.822 num=0>
<Run 3 expID=1 configID=3 time=80.822 num=0>
<Run 3 expID=1 configID=3 time=80.822 num=0>
<Run 3 expID=1 configID=3 time=80.822 num=0>
<Run 3 expID=1 configID=3 time=62.8868 num=1>
<Run 3 expID=1 configID=3 time=62.8868 num=0>
<Run 3 expID=1 configID=3 time=62.8868 num=0>
<Run 3 expID=1 configID=3 time=62.8868 num=0>
<Run 3 expID=1 configID=3 time=62.8868 num=0>
<Run 3 expID=1 configID=3 time=62.8868 num=0>
<Run 3 expID=1 configID=3 time=62.8868 num=0>
<Run 3 expID=1 configID=3 time=62.8868 num=0>
<Run 3 expID=1 configID=3 time=62.8868 num=0>
<Run 3 expID=1 configID=3 time=62.8868 num=0>
<Run 3 expID=1 configID=3 time=62.8868 num=0>
<Run 3 expID=1 configID=3 time=62.8868 num=0>
<Run 3 expID=1 configID=3 time=62.8868 num=0>
<Run 3 expID=1 configID=3 time=62.8868 num=0>
<Run 3 expID=1 configID=3 time=62.8868 num=0>
<Run 3 expID=1 configID=3 time=62.8868 num=0>
<Run 3 expID=1 configID=3 time=62.8868 num=0>
<Run 3 expID=1 configID=3 time=62.8868 num=0>
<Run 3 expID=1 configID=3 time=62.8868 num=0>
<Run 3 expID=1 configID=3 time=62.8868 num=0>
<Run 3 expID=1 configID=3 time=62.8868 num=0>
<Run 3 expID=1 configID=3 time=62.8868 num=0>
<Run 3 expID=1 configID=3 time=62.8868 num=0>
<Run 3 expID=1 configID=3 time=62.8868 num=0>
<Run 3 expID=1 configID=3 time=62.8868 num=0>
<Run 3 expID=1 configID=3 time=62.8868 num=0>
<Run 3 expID=1 configID=3 time=62.8868 num=0>
<Run 3 expID=1 configID=3 time=62.8868 num=0>
<Run 3 expID=1 configID=3 time=62.8868 num=0>
<Run 3 expID=1 configID=3 time=56.15071999999999 num=1>
testdfsio
/home/qh/Documents/cherrypick-sandbox/spearmint/examples/typeca/experiment.txt
experiment:  <Experiment 2 name='testdfsio' count=0>
runs:  [<Run 43 expID=2 configID=3 time=47.47 num=0>]
<Run 43 expID=2 configID=3 time=47.47 num=0>
<Run 43 expID=2 configID=3 time=47.47 num=0>
<Run 43 expID=2 configID=3 time=47.47 num=0>
<Run 43 expID=2 configID=3 time=47.47 num=0>
<Run 43 expID=2 configID=3 time=47.47 num=0>
<Run 43 expID=2 configID=3 time=47.47 num=0>
<Run 43 expID=2 configID=3 time=47.47 num=0>
<Run 43 expID=2 configID=3 time=47.47 num=0>
<Run 43 expID=2 configID=3 time=47.47 num=0>
<Run 43 expID=2 configID=3 time=47.47 num=0>
<Run 43 expID=2 configID=3 time=47.47 num=0>
<Run 43 expID=2 configID=3 time=47.47 num=0>
<Run 43 expID=2 configID=3 time=47.47 num=0>
<Run 43 expID=2 configID=3 time=47.47 num=0>
<Run 43 expID=2 configID=3 time=47.47 num=0>
<Run 43 expID=2 configID=3 time=47.47 num=0>
<Run 43 expID=2 configID=3 time=47.47 num=0>
<Run 43 expID=2 configID=3 time=47.47 num=0>
<Run 43 expID=2 configID=3 time=47.47 num=0>
<Run 43 expID=2 configID=3 time=47.47 num=0>
<Run 43 expID=2 configID=3 time=47.47 num=0>
<Run 43 expID=2 configID=3 time=47.47 num=0>
<Run 43 expID=2 configID=3 time=47.47 num=0>
<Run 43 expID=2 configID=3 time=47.47 num=0>
<Run 43 expID=2 configID=3 time=47.47 num=0>
<Run 43 expID=2 configID=3 time=47.47 num=0>
<Run 43 expID=2 configID=3 time=47.47 num=0>
<Run 43 expID=2 configID=3 time=47.47 num=0>
<Run 43 expID=2 configID=3 time=47.47 num=0>
<Run 43 expID=2 configID=3 time=47.47 num=0>
<Run 43 expID=2 configID=3 time=47.47 num=0>
<Run 43 expID=2 configID=3 time=37.468 num=1>
<Run 43 expID=2 configID=3 time=37.468 num=0>
<Run 43 expID=2 configID=3 time=37.468 num=0>
<Run 43 expID=2 configID=3 time=37.468 num=0>
<Run 43 expID=2 configID=3 time=37.468 num=0>
<Run 43 expID=2 configID=3 time=37.468 num=0>
<Run 43 expID=2 configID=3 time=37.468 num=0>
<Run 43 expID=2 configID=3 time=37.468 num=0>
<Run 43 expID=2 configID=3 time=37.468 num=0>
<Run 43 expID=2 configID=3 time=37.468 num=0>
<Run 43 expID=2 configID=3 time=37.468 num=0>
<Run 43 expID=2 configID=3 time=37.468 num=0>
<Run 43 expID=2 configID=3 time=37.468 num=0>
<Run 43 expID=2 configID=3 time=37.468 num=0>
<Run 43 expID=2 configID=3 time=37.468 num=0>
<Run 43 expID=2 configID=3 time=37.468 num=0>
<Run 43 expID=2 configID=3 time=37.468 num=0>
<Run 43 expID=2 configID=3 time=37.468 num=0>
<Run 43 expID=2 configID=3 time=37.468 num=0>
<Run 43 expID=2 configID=3 time=37.468 num=0>
<Run 43 expID=2 configID=3 time=37.468 num=0>
<Run 43 expID=2 configID=3 time=37.468 num=0>
<Run 43 expID=2 configID=3 time=37.468 num=0>
<Run 43 expID=2 configID=3 time=37.468 num=0>
<Run 43 expID=2 configID=3 time=37.468 num=0>
<Run 43 expID=2 configID=3 time=37.468 num=0>
<Run 43 expID=2 configID=3 time=37.468 num=0>
<Run 43 expID=2 configID=3 time=37.468 num=0>
<Run 43 expID=2 configID=3 time=37.468 num=0>
<Run 43 expID=2 configID=3 time=37.468 num=0>
<Run 43 expID=2 configID=3 time=37.468 num=0>
<Run 43 expID=2 configID=3 time=37.468 num=0>
<Run 43 expID=2 configID=3 time=37.468 num=0>
<Run 43 expID=2 configID=3 time=37.468 num=0>
<Run 43 expID=2 configID=3 time=37.468 num=0>
<Run 43 expID=2 configID=3 time=37.468 num=0>
<Run 43 expID=2 configID=3 time=32.0152 num=1>
<Run 43 expID=2 configID=3 time=32.0152 num=0>
<Run 43 expID=2 configID=3 time=32.0152 num=0>
<Run 43 expID=2 configID=3 time=32.0152 num=0>
<Run 43 expID=2 configID=3 time=32.0152 num=0>
<Run 43 expID=2 configID=3 time=32.0152 num=0>
<Run 43 expID=2 configID=3 time=32.0152 num=0>
<Run 43 expID=2 configID=3 time=32.0152 num=0>
<Run 43 expID=2 configID=3 time=32.0152 num=0>
<Run 43 expID=2 configID=3 time=32.0152 num=0>
<Run 43 expID=2 configID=3 time=32.0152 num=0>
<Run 43 expID=2 configID=3 time=32.0152 num=0>
<Run 43 expID=2 configID=3 time=32.0152 num=0>
<Run 43 expID=2 configID=3 time=32.0152 num=0>
<Run 43 expID=2 configID=3 time=32.0152 num=0>
<Run 43 expID=2 configID=3 time=32.0152 num=0>
<Run 43 expID=2 configID=3 time=32.0152 num=0>
<Run 43 expID=2 configID=3 time=32.0152 num=0>
<Run 43 expID=2 configID=3 time=32.0152 num=0>
<Run 43 expID=2 configID=3 time=32.0152 num=0>
<Run 43 expID=2 configID=3 time=32.0152 num=0>
<Run 43 expID=2 configID=3 time=32.0152 num=0>
<Run 43 expID=2 configID=3 time=32.0152 num=0>
<Run 43 expID=2 configID=3 time=32.0152 num=0>
<Run 43 expID=2 configID=3 time=32.0152 num=0>
<Run 43 expID=2 configID=3 time=32.0152 num=0>
<Run 43 expID=2 configID=3 time=32.0152 num=0>
<Run 43 expID=2 configID=3 time=32.0152 num=0>
<Run 43 expID=2 configID=3 time=32.0152 num=0>
<Run 43 expID=2 configID=3 time=32.0152 num=0>
<Run 43 expID=2 configID=3 time=32.0152 num=0>
<Run 43 expID=2 configID=3 time=32.0152 num=0>
<Run 43 expID=2 configID=3 time=32.0152 num=0>
<Run 43 expID=2 configID=3 time=32.0152 num=0>
<Run 43 expID=2 configID=3 time=32.0152 num=0>
<Run 43 expID=2 configID=3 time=32.0152 num=0>
<Run 43 expID=2 configID=3 time=32.0152 num=0>
<Run 43 expID=2 configID=3 time=32.0152 num=0>
<Run 43 expID=2 configID=3 time=32.0152 num=0>
<Run 43 expID=2 configID=3 time=32.0152 num=0>
<Run 43 expID=2 configID=3 time=32.0152 num=0>
<Run 43 expID=2 configID=3 time=32.0152 num=0>
<Run 43 expID=2 configID=3 time=32.0152 num=0>
<Run 43 expID=2 configID=3 time=32.0152 num=0>
<Run 43 expID=2 configID=3 time=32.0152 num=0>
<Run 43 expID=2 configID=3 time=32.0152 num=0>
<Run 43 expID=2 configID=3 time=32.0152 num=0>
<Run 43 expID=2 configID=3 time=32.0152 num=0>
<Run 43 expID=2 configID=3 time=32.0152 num=0>
<Run 43 expID=2 configID=3 time=32.0152 num=0>
<Run 43 expID=2 configID=3 time=32.0152 num=0>
<Run 43 expID=2 configID=3 time=32.0152 num=0>
<Run 43 expID=2 configID=3 time=32.0152 num=0>
<Run 43 expID=2 configID=3 time=32.0152 num=0>
<Run 43 expID=2 configID=3 time=32.0152 num=0>
<Run 43 expID=2 configID=3 time=32.0152 num=0>
<Run 43 expID=2 configID=3 time=32.0152 num=0>
<Run 43 expID=2 configID=3 time=32.0152 num=0>
<Run 43 expID=2 configID=3 time=32.0152 num=0>
<Run 43 expID=2 configID=3 time=32.0152 num=0>
<Run 43 expID=2 configID=3 time=32.0152 num=0>
<Run 43 expID=2 configID=3 time=32.0152 num=0>
<Run 43 expID=2 configID=3 time=32.0152 num=0>
<Run 43 expID=2 configID=3 time=32.0152 num=0>
<Run 43 expID=2 configID=3 time=32.0152 num=0>
<Run 43 expID=2 configID=3 time=32.0152 num=0>
<Run 43 expID=2 configID=3 time=32.0152 num=0>
<Run 43 expID=2 configID=3 time=32.0152 num=0>
<Run 43 expID=2 configID=3 time=32.0152 num=0>
<Run 43 expID=2 configID=3 time=32.0152 num=0>
<Run 43 expID=2 configID=3 time=32.0152 num=0>
<Run 43 expID=2 configID=3 time=32.0152 num=0>
<Run 43 expID=2 configID=3 time=30.59008 num=1>
<Run 43 expID=2 configID=3 time=30.59008 num=0>
<Run 43 expID=2 configID=3 time=30.59008 num=0>
<Run 43 expID=2 configID=3 time=30.59008 num=0>
<Run 43 expID=2 configID=3 time=30.59008 num=0>
<Run 43 expID=2 configID=3 time=30.59008 num=0>
<Run 43 expID=2 configID=3 time=30.59008 num=0>
<Run 43 expID=2 configID=3 time=30.59008 num=0>
<Run 43 expID=2 configID=3 time=30.59008 num=0>
<Run 43 expID=2 configID=3 time=30.59008 num=0>
<Run 43 expID=2 configID=3 time=30.59008 num=0>
<Run 43 expID=2 configID=3 time=30.59008 num=0>
<Run 43 expID=2 configID=3 time=30.59008 num=0>
<Run 43 expID=2 configID=3 time=30.59008 num=0>
<Run 43 expID=2 configID=3 time=30.59008 num=0>
<Run 43 expID=2 configID=3 time=30.59008 num=0>
<Run 43 expID=2 configID=3 time=30.59008 num=0>
<Run 43 expID=2 configID=3 time=30.59008 num=0>
<Run 43 expID=2 configID=3 time=30.59008 num=0>
<Run 43 expID=2 configID=3 time=30.59008 num=0>
<Run 43 expID=2 configID=3 time=30.59008 num=0>
<Run 43 expID=2 configID=3 time=30.59008 num=0>
<Run 43 expID=2 configID=3 time=30.59008 num=0>
<Run 43 expID=2 configID=3 time=30.59008 num=0>
<Run 43 expID=2 configID=3 time=37.394031999999996 num=1>
<Run 43 expID=2 configID=3 time=37.394031999999996 num=0>
<Run 43 expID=2 configID=3 time=37.394031999999996 num=0>
<Run 43 expID=2 configID=3 time=37.394031999999996 num=0>
<Run 43 expID=2 configID=3 time=37.394031999999996 num=0>
<Run 43 expID=2 configID=3 time=37.394031999999996 num=0>
<Run 43 expID=2 configID=3 time=37.394031999999996 num=0>
<Run 43 expID=2 configID=3 time=37.394031999999996 num=0>
<Run 43 expID=2 configID=3 time=37.394031999999996 num=0>
<Run 43 expID=2 configID=3 time=37.394031999999996 num=0>
<Run 43 expID=2 configID=3 time=37.394031999999996 num=0>
<Run 43 expID=2 configID=3 time=37.394031999999996 num=0>
<Run 43 expID=2 configID=3 time=37.394031999999996 num=0>
<Run 43 expID=2 configID=3 time=37.394031999999996 num=0>
<Run 43 expID=2 configID=3 time=37.394031999999996 num=0>
<Run 43 expID=2 configID=3 time=37.394031999999996 num=0>
<Run 43 expID=2 configID=3 time=37.394031999999996 num=0>
<Run 43 expID=2 configID=3 time=37.394031999999996 num=0>
<Run 43 expID=2 configID=3 time=37.394031999999996 num=0>
<Run 43 expID=2 configID=3 time=37.394031999999996 num=0>
<Run 43 expID=2 configID=3 time=37.394031999999996 num=0>
<Run 43 expID=2 configID=3 time=37.394031999999996 num=0>
<Run 43 expID=2 configID=3 time=37.394031999999996 num=0>
<Run 43 expID=2 configID=3 time=35.3996128 num=1>
<Run 43 expID=2 configID=3 time=35.3996128 num=0>
<Run 43 expID=2 configID=3 time=35.3996128 num=0>
<Run 43 expID=2 configID=3 time=35.3996128 num=0>
<Run 43 expID=2 configID=3 time=35.3996128 num=0>
<Run 43 expID=2 configID=3 time=35.3996128 num=0>
<Run 43 expID=2 configID=3 time=35.3996128 num=0>
<Run 43 expID=2 configID=3 time=35.3996128 num=0>
<Run 43 expID=2 configID=3 time=35.3996128 num=0>
<Run 43 expID=2 configID=3 time=35.3996128 num=0>
<Run 43 expID=2 configID=3 time=35.3996128 num=0>
<Run 43 expID=2 configID=3 time=35.3996128 num=0>
<Run 43 expID=2 configID=3 time=35.3996128 num=0>
<Run 43 expID=2 configID=3 time=35.3996128 num=0>
<Run 43 expID=2 configID=3 time=35.3996128 num=0>
<Run 43 expID=2 configID=3 time=35.3996128 num=0>
<Run 43 expID=2 configID=3 time=35.3996128 num=0>
<Run 43 expID=2 configID=3 time=35.3996128 num=0>
<Run 43 expID=2 configID=3 time=35.3996128 num=0>
<Run 43 expID=2 configID=3 time=35.3996128 num=0>
<Run 43 expID=2 configID=3 time=35.3996128 num=0>
<Run 43 expID=2 configID=3 time=35.3996128 num=0>
<Run 43 expID=2 configID=3 time=35.3996128 num=0>
<Run 43 expID=2 configID=3 time=35.3996128 num=0>
<Run 43 expID=2 configID=3 time=35.3996128 num=0>
<Run 43 expID=2 configID=3 time=35.3996128 num=0>
<Run 43 expID=2 configID=3 time=35.3996128 num=0>
<Run 43 expID=2 configID=3 time=35.3996128 num=0>
<Run 43 expID=2 configID=3 time=36.61784512 num=1>
<Run 43 expID=2 configID=3 time=36.61784512 num=0>
<Run 43 expID=2 configID=3 time=36.61784512 num=0>
<Run 43 expID=2 configID=3 time=36.61784512 num=0>
<Run 43 expID=2 configID=3 time=36.61784512 num=0>
<Run 43 expID=2 configID=3 time=36.61784512 num=0>
<Run 43 expID=2 configID=3 time=36.61784512 num=0>
<Run 43 expID=2 configID=3 time=36.61784512 num=0>
<Run 43 expID=2 configID=3 time=36.61784512 num=0>
<Run 43 expID=2 configID=3 time=36.61784512 num=0>
<Run 43 expID=2 configID=3 time=36.61784512 num=0>
<Run 43 expID=2 configID=3 time=36.61784512 num=0>
<Run 43 expID=2 configID=3 time=36.61784512 num=0>
<Run 43 expID=2 configID=3 time=36.61784512 num=0>
<Run 43 expID=2 configID=3 time=36.61784512 num=0>
<Run 43 expID=2 configID=3 time=36.61784512 num=0>
<Run 43 expID=2 configID=3 time=36.61784512 num=0>
<Run 43 expID=2 configID=3 time=36.61784512 num=0>
<Run 43 expID=2 configID=3 time=36.61784512 num=0>
<Run 43 expID=2 configID=3 time=36.61784512 num=0>
<Run 43 expID=2 configID=3 time=36.61784512 num=0>
<Run 43 expID=2 configID=3 time=36.61784512 num=0>
<Run 43 expID=2 configID=3 time=36.61784512 num=0>
<Run 43 expID=2 configID=3 time=36.61784512 num=0>
<Run 43 expID=2 configID=3 time=36.61784512 num=0>
<Run 43 expID=2 configID=3 time=31.945138047999997 num=1>
<Run 43 expID=2 configID=3 time=31.945138047999997 num=0>
<Run 43 expID=2 configID=3 time=31.945138047999997 num=0>
<Run 43 expID=2 configID=3 time=31.945138047999997 num=0>
<Run 43 expID=2 configID=3 time=31.945138047999997 num=0>
<Run 43 expID=2 configID=3 time=31.945138047999997 num=0>
<Run 43 expID=2 configID=3 time=31.945138047999997 num=0>
<Run 43 expID=2 configID=3 time=31.945138047999997 num=0>
<Run 43 expID=2 configID=3 time=31.945138047999997 num=0>
<Run 43 expID=2 configID=3 time=31.945138047999997 num=0>
<Run 43 expID=2 configID=3 time=31.945138047999997 num=0>
<Run 43 expID=2 configID=3 time=31.945138047999997 num=0>
<Run 43 expID=2 configID=3 time=31.945138047999997 num=0>
<Run 43 expID=2 configID=3 time=31.945138047999997 num=0>
<Run 43 expID=2 configID=3 time=31.945138047999997 num=0>
<Run 43 expID=2 configID=3 time=31.945138047999997 num=0>
<Run 43 expID=2 configID=3 time=31.945138047999997 num=0>
<Run 43 expID=2 configID=3 time=31.945138047999997 num=0>
<Run 43 expID=2 configID=3 time=31.945138047999997 num=0>
<Run 43 expID=2 configID=3 time=31.945138047999997 num=0>
<Run 43 expID=2 configID=3 time=31.945138047999997 num=0>
<Run 43 expID=2 configID=3 time=31.945138047999997 num=0>
<Run 43 expID=2 configID=3 time=31.945138047999997 num=0>
<Run 43 expID=2 configID=3 time=31.945138047999997 num=0>
<Run 43 expID=2 configID=3 time=31.945138047999997 num=0>
<Run 43 expID=2 configID=3 time=31.945138047999997 num=0>
<Run 43 expID=2 configID=3 time=31.945138047999997 num=0>
<Run 43 expID=2 configID=3 time=31.945138047999997 num=0>
<Run 43 expID=2 configID=3 time=31.945138047999997 num=0>
<Run 43 expID=2 configID=3 time=31.945138047999997 num=0>
<Run 43 expID=2 configID=3 time=31.945138047999997 num=0>
<Run 43 expID=2 configID=3 time=31.945138047999997 num=0>
<Run 43 expID=2 configID=3 time=31.945138047999997 num=0>
<Run 43 expID=2 configID=3 time=31.945138047999997 num=0>
<Run 43 expID=2 configID=3 time=31.945138047999997 num=0>
<Run 43 expID=2 configID=3 time=31.945138047999997 num=0>
<Run 43 expID=2 configID=3 time=31.945138047999997 num=0>
<Run 43 expID=2 configID=3 time=31.945138047999997 num=0>
<Run 43 expID=2 configID=3 time=31.945138047999997 num=0>
<Run 43 expID=2 configID=3 time=31.945138047999997 num=0>
<Run 43 expID=2 configID=3 time=31.945138047999997 num=0>
<Run 43 expID=2 configID=3 time=31.945138047999997 num=0>
<Run 43 expID=2 configID=3 time=31.945138047999997 num=0>
<Run 43 expID=2 configID=3 time=31.945138047999997 num=0>
<Run 43 expID=2 configID=3 time=31.945138047999997 num=0>
<Run 43 expID=2 configID=3 time=31.945138047999997 num=0>
<Run 43 expID=2 configID=3 time=31.945138047999997 num=0>
<Run 43 expID=2 configID=3 time=31.945138047999997 num=0>
<Run 43 expID=2 configID=3 time=31.945138047999997 num=0>
<Run 43 expID=2 configID=3 time=31.945138047999997 num=0>
<Run 43 expID=2 configID=3 time=31.945138047999997 num=0>
<Run 43 expID=2 configID=3 time=31.945138047999997 num=0>
<Run 43 expID=2 configID=3 time=31.945138047999997 num=0>
<Run 43 expID=2 configID=3 time=31.945138047999997 num=0>
<Run 43 expID=2 configID=3 time=31.945138047999997 num=0>
<Run 43 expID=2 configID=3 time=31.945138047999997 num=0>
<Run 43 expID=2 configID=3 time=31.945138047999997 num=0>
<Run 43 expID=2 configID=3 time=31.945138047999997 num=0>
<Run 43 expID=2 configID=3 time=31.945138047999997 num=0>
<Run 43 expID=2 configID=3 time=31.945138047999997 num=0>
<Run 43 expID=2 configID=3 time=31.945138047999997 num=0>
<Run 43 expID=2 configID=3 time=31.945138047999997 num=0>
<Run 43 expID=2 configID=3 time=31.945138047999997 num=0>
<Run 43 expID=2 configID=3 time=31.945138047999997 num=0>
<Run 43 expID=2 configID=3 time=31.945138047999997 num=0>
<Run 43 expID=2 configID=3 time=31.945138047999997 num=0>
<Run 43 expID=2 configID=3 time=31.945138047999997 num=0>
<Run 43 expID=2 configID=3 time=31.945138047999997 num=0>
<Run 43 expID=2 configID=3 time=31.945138047999997 num=0>
<Run 43 expID=2 configID=3 time=31.945138047999997 num=0>
<Run 43 expID=2 configID=3 time=31.945138047999997 num=0>
<Run 43 expID=2 configID=3 time=31.945138047999997 num=0>
<Run 43 expID=2 configID=3 time=34.9720552192 num=1>
tpcds
/home/qh/Documents/cherrypick-sandbox/spearmint/examples/typeca/experiment.txt
experiment:  <Experiment 5 name='tpcds' count=0>
runs:  [<Run 163 expID=5 configID=3 time=88.17 num=0>]
<Run 163 expID=5 configID=3 time=88.17 num=0>
<Run 163 expID=5 configID=3 time=88.17 num=0>
<Run 163 expID=5 configID=3 time=88.17 num=0>
<Run 163 expID=5 configID=3 time=88.17 num=0>
<Run 163 expID=5 configID=3 time=88.17 num=0>
<Run 163 expID=5 configID=3 time=88.17 num=0>
<Run 163 expID=5 configID=3 time=88.17 num=0>
<Run 163 expID=5 configID=3 time=88.17 num=0>
<Run 163 expID=5 configID=3 time=88.17 num=0>
<Run 163 expID=5 configID=3 time=88.17 num=0>
<Run 163 expID=5 configID=3 time=88.17 num=0>
<Run 163 expID=5 configID=3 time=88.17 num=0>
<Run 163 expID=5 configID=3 time=88.17 num=0>
<Run 163 expID=5 configID=3 time=88.17 num=0>
<Run 163 expID=5 configID=3 time=88.17 num=0>
<Run 163 expID=5 configID=3 time=88.17 num=0>
<Run 163 expID=5 configID=3 time=88.17 num=0>
<Run 163 expID=5 configID=3 time=88.17 num=0>
<Run 163 expID=5 configID=3 time=88.17 num=0>
<Run 163 expID=5 configID=3 time=88.17 num=0>
<Run 163 expID=5 configID=3 time=88.17 num=0>
<Run 163 expID=5 configID=3 time=88.17 num=0>
<Run 163 expID=5 configID=3 time=88.17 num=0>
<Run 163 expID=5 configID=3 time=88.17 num=0>
<Run 163 expID=5 configID=3 time=88.17 num=0>
<Run 163 expID=5 configID=3 time=88.17 num=0>
<Run 163 expID=5 configID=3 time=88.17 num=0>
<Run 163 expID=5 configID=3 time=88.17 num=0>
<Run 163 expID=5 configID=3 time=88.17 num=0>
<Run 163 expID=5 configID=3 time=88.17 num=0>
<Run 163 expID=5 configID=3 time=88.17 num=0>
<Run 163 expID=5 configID=3 time=88.17 num=0>
<Run 163 expID=5 configID=3 time=88.17 num=0>
<Run 163 expID=5 configID=3 time=88.17 num=0>
<Run 163 expID=5 configID=3 time=88.17 num=0>
<Run 163 expID=5 configID=3 time=88.17 num=0>
<Run 163 expID=5 configID=3 time=88.17 num=0>
<Run 163 expID=5 configID=3 time=88.17 num=0>
<Run 163 expID=5 configID=3 time=88.17 num=0>
<Run 163 expID=5 configID=3 time=88.17 num=0>
<Run 163 expID=5 configID=3 time=88.17 num=0>
<Run 163 expID=5 configID=3 time=88.17 num=0>
<Run 163 expID=5 configID=3 time=88.17 num=0>
<Run 163 expID=5 configID=3 time=88.17 num=0>
<Run 163 expID=5 configID=3 time=88.17 num=0>
<Run 163 expID=5 configID=3 time=88.17 num=0>
<Run 163 expID=5 configID=3 time=88.17 num=0>
<Run 163 expID=5 configID=3 time=88.17 num=0>
<Run 163 expID=5 configID=3 time=88.17 num=0>
<Run 163 expID=5 configID=3 time=88.17 num=0>
<Run 163 expID=5 configID=3 time=88.17 num=0>
<Run 163 expID=5 configID=3 time=88.17 num=0>
<Run 163 expID=5 configID=3 time=88.17 num=0>
<Run 163 expID=5 configID=3 time=88.17 num=0>
<Run 163 expID=5 configID=3 time=88.17 num=0>
<Run 163 expID=5 configID=3 time=88.17 num=0>
<Run 163 expID=5 configID=3 time=88.17 num=0>
<Run 163 expID=5 configID=3 time=88.17 num=0>
<Run 163 expID=5 configID=3 time=88.17 num=0>
<Run 163 expID=5 configID=3 time=88.17 num=0>
<Run 163 expID=5 configID=3 time=88.17 num=0>
<Run 163 expID=5 configID=3 time=88.17 num=0>
<Run 163 expID=5 configID=3 time=88.17 num=0>
<Run 163 expID=5 configID=3 time=88.17 num=0>
<Run 163 expID=5 configID=3 time=88.17 num=0>
<Run 163 expID=5 configID=3 time=88.17 num=0>
<Run 163 expID=5 configID=3 time=88.17 num=0>
<Run 163 expID=5 configID=3 time=88.17 num=0>
<Run 163 expID=5 configID=3 time=88.17 num=0>
<Run 163 expID=5 configID=3 time=88.17 num=0>
<Run 163 expID=5 configID=3 time=88.17 num=0>
<Run 163 expID=5 configID=3 time=88.17 num=0>
<Run 163 expID=5 configID=3 time=88.17 num=0>
<Run 163 expID=5 configID=3 time=88.17 num=0>
<Run 163 expID=5 configID=3 time=88.17 num=0>
<Run 163 expID=5 configID=3 time=88.17 num=0>
<Run 163 expID=5 configID=3 time=88.17 num=0>
<Run 163 expID=5 configID=3 time=88.17 num=0>
<Run 163 expID=5 configID=3 time=88.17 num=0>
<Run 163 expID=5 configID=3 time=88.17 num=0>
<Run 163 expID=5 configID=3 time=88.17 num=0>
<Run 163 expID=5 configID=3 time=88.17 num=0>
<Run 163 expID=5 configID=3 time=88.17 num=0>
<Run 163 expID=5 configID=3 time=88.17 num=0>
<Run 163 expID=5 configID=3 time=88.17 num=0>
<Run 163 expID=5 configID=3 time=88.17 num=0>
<Run 163 expID=5 configID=3 time=88.17 num=0>
<Run 163 expID=5 configID=3 time=88.17 num=0>
<Run 163 expID=5 configID=3 time=88.17 num=0>
<Run 163 expID=5 configID=3 time=88.17 num=0>
<Run 163 expID=5 configID=3 time=88.17 num=0>
<Run 163 expID=5 configID=3 time=88.17 num=0>
<Run 163 expID=5 configID=3 time=88.17 num=0>
<Run 163 expID=5 configID=3 time=88.17 num=0>
<Run 163 expID=5 configID=3 time=88.17 num=0>
<Run 163 expID=5 configID=3 time=88.17 num=0>
<Run 163 expID=5 configID=3 time=88.17 num=0>
<Run 163 expID=5 configID=3 time=88.17 num=0>
<Run 163 expID=5 configID=3 time=88.17 num=0>
<Run 163 expID=5 configID=3 time=88.17 num=0>
<Run 163 expID=5 configID=3 time=88.17 num=0>
<Run 163 expID=5 configID=3 time=88.17 num=0>
<Run 163 expID=5 configID=3 time=88.17 num=0>
<Run 163 expID=5 configID=3 time=88.17 num=0>
<Run 163 expID=5 configID=3 time=88.17 num=0>
<Run 163 expID=5 configID=3 time=88.17 num=0>
<Run 163 expID=5 configID=3 time=88.17 num=0>
<Run 163 expID=5 configID=3 time=88.17 num=0>
<Run 163 expID=5 configID=3 time=88.17 num=0>
<Run 163 expID=5 configID=3 time=88.17 num=0>
<Run 163 expID=5 configID=3 time=88.17 num=0>
<Run 163 expID=5 configID=3 time=88.17 num=0>
<Run 163 expID=5 configID=3 time=88.17 num=0>
<Run 163 expID=5 configID=3 time=88.17 num=0>
<Run 163 expID=5 configID=3 time=88.17 num=0>
<Run 163 expID=5 configID=3 time=88.17 num=0>
<Run 163 expID=5 configID=3 time=88.17 num=0>
<Run 163 expID=5 configID=3 time=88.17 num=0>
<Run 163 expID=5 configID=3 time=88.17 num=0>
<Run 163 expID=5 configID=3 time=88.17 num=0>
<Run 163 expID=5 configID=3 time=88.17 num=0>
<Run 163 expID=5 configID=3 time=88.17 num=0>
<Run 163 expID=5 configID=3 time=88.17 num=0>
<Run 163 expID=5 configID=3 time=88.17 num=0>
<Run 163 expID=5 configID=3 time=88.17 num=0>
<Run 163 expID=5 configID=3 time=88.17 num=0>
<Run 163 expID=5 configID=3 time=92.4244207077 num=1>
spark
/home/qh/Documents/cherrypick-sandbox/spearmint/examples/typeca/experiment.txt
experiment:  <Experiment 3 name='spark' count=0>
runs:  [<Run 83 expID=3 configID=3 time=477.84 num=0>]
<Run 83 expID=3 configID=3 time=477.84 num=0>
<Run 83 expID=3 configID=3 time=477.84 num=0>
<Run 83 expID=3 configID=3 time=477.84 num=0>
<Run 83 expID=3 configID=3 time=477.84 num=0>
<Run 83 expID=3 configID=3 time=477.84 num=0>
<Run 83 expID=3 configID=3 time=477.84 num=0>
<Run 83 expID=3 configID=3 time=477.84 num=0>
<Run 83 expID=3 configID=3 time=477.84 num=0>
<Run 83 expID=3 configID=3 time=477.84 num=0>
<Run 83 expID=3 configID=3 time=477.84 num=0>
<Run 83 expID=3 configID=3 time=477.84 num=0>
<Run 83 expID=3 configID=3 time=477.84 num=0>
<Run 83 expID=3 configID=3 time=477.84 num=0>
<Run 83 expID=3 configID=3 time=477.84 num=0>
<Run 83 expID=3 configID=3 time=477.84 num=0>
<Run 83 expID=3 configID=3 time=477.84 num=0>
<Run 83 expID=3 configID=3 time=477.84 num=0>
<Run 83 expID=3 configID=3 time=477.84 num=0>
<Run 83 expID=3 configID=3 time=477.84 num=0>
<Run 83 expID=3 configID=3 time=477.84 num=0>
<Run 83 expID=3 configID=3 time=477.84 num=0>
<Run 83 expID=3 configID=3 time=477.84 num=0>
<Run 83 expID=3 configID=3 time=477.84 num=0>
<Run 83 expID=3 configID=3 time=477.84 num=0>
<Run 83 expID=3 configID=3 time=477.84 num=0>
<Run 83 expID=3 configID=3 time=477.84 num=0>
<Run 83 expID=3 configID=3 time=477.84 num=0>
<Run 83 expID=3 configID=3 time=477.84 num=0>
<Run 83 expID=3 configID=3 time=477.84 num=0>
<Run 83 expID=3 configID=3 time=477.84 num=0>
<Run 83 expID=3 configID=3 time=477.84 num=0>
<Run 83 expID=3 configID=3 time=477.84 num=0>
<Run 83 expID=3 configID=3 time=477.84 num=0>
<Run 83 expID=3 configID=3 time=477.84 num=0>
<Run 83 expID=3 configID=3 time=477.84 num=0>
<Run 83 expID=3 configID=3 time=477.84 num=0>
<Run 83 expID=3 configID=3 time=477.84 num=0>
<Run 83 expID=3 configID=3 time=477.84 num=0>
<Run 83 expID=3 configID=3 time=477.84 num=0>
<Run 83 expID=3 configID=3 time=477.84 num=0>
<Run 83 expID=3 configID=3 time=477.84 num=0>
<Run 83 expID=3 configID=3 time=477.84 num=0>
<Run 83 expID=3 configID=3 time=477.84 num=0>
<Run 83 expID=3 configID=3 time=477.84 num=0>
<Run 83 expID=3 configID=3 time=477.84 num=0>
<Run 83 expID=3 configID=3 time=477.84 num=0>
<Run 83 expID=3 configID=3 time=477.84 num=0>
<Run 83 expID=3 configID=3 time=477.84 num=0>
<Run 83 expID=3 configID=3 time=477.84 num=0>
<Run 83 expID=3 configID=3 time=477.84 num=0>
<Run 83 expID=3 configID=3 time=477.84 num=0>
<Run 83 expID=3 configID=3 time=477.84 num=0>
<Run 83 expID=3 configID=3 time=477.84 num=0>
<Run 83 expID=3 configID=3 time=477.84 num=0>
<Run 83 expID=3 configID=3 time=477.84 num=0>
<Run 83 expID=3 configID=3 time=477.84 num=0>
<Run 83 expID=3 configID=3 time=477.84 num=0>
<Run 83 expID=3 configID=3 time=477.84 num=0>
<Run 83 expID=3 configID=3 time=477.84 num=0>
<Run 83 expID=3 configID=3 time=477.84 num=0>
<Run 83 expID=3 configID=3 time=477.84 num=0>
<Run 83 expID=3 configID=3 time=477.84 num=0>
<Run 83 expID=3 configID=3 time=477.84 num=0>
<Run 83 expID=3 configID=3 time=477.84 num=0>
<Run 83 expID=3 configID=3 time=477.84 num=0>
<Run 83 expID=3 configID=3 time=477.84 num=0>
<Run 83 expID=3 configID=3 time=477.84 num=0>
<Run 83 expID=3 configID=3 time=477.84 num=0>
<Run 83 expID=3 configID=3 time=477.84 num=0>
<Run 83 expID=3 configID=3 time=477.84 num=0>
<Run 83 expID=3 configID=3 time=477.84 num=0>
<Run 83 expID=3 configID=3 time=477.84 num=0>
<Run 83 expID=3 configID=3 time=477.84 num=0>
<Run 83 expID=3 configID=3 time=477.84 num=0>
<Run 83 expID=3 configID=3 time=477.84 num=0>
<Run 83 expID=3 configID=3 time=477.84 num=0>
<Run 83 expID=3 configID=3 time=477.84 num=0>
<Run 83 expID=3 configID=3 time=477.84 num=0>
<Run 83 expID=3 configID=3 time=477.84 num=0>
<Run 83 expID=3 configID=3 time=477.84 num=0>
<Run 83 expID=3 configID=3 time=477.84 num=0>
<Run 83 expID=3 configID=3 time=477.84 num=0>
<Run 83 expID=3 configID=3 time=477.84 num=0>
<Run 83 expID=3 configID=3 time=477.84 num=0>
<Run 83 expID=3 configID=3 time=477.84 num=0>
<Run 83 expID=3 configID=3 time=477.84 num=0>
<Run 83 expID=3 configID=3 time=477.84 num=0>
<Run 83 expID=3 configID=3 time=477.84 num=0>
<Run 83 expID=3 configID=3 time=477.84 num=0>
<Run 83 expID=3 configID=3 time=477.84 num=0>
<Run 83 expID=3 configID=3 time=477.84 num=0>
<Run 83 expID=3 configID=3 time=477.84 num=0>
<Run 83 expID=3 configID=3 time=477.84 num=0>
<Run 83 expID=3 configID=3 time=477.84 num=0>
<Run 83 expID=3 configID=3 time=477.84 num=0>
<Run 83 expID=3 configID=3 time=477.84 num=0>
<Run 83 expID=3 configID=3 time=477.84 num=0>
<Run 83 expID=3 configID=3 time=477.84 num=0>
<Run 83 expID=3 configID=3 time=477.84 num=0>
<Run 83 expID=3 configID=3 time=477.84 num=0>
<Run 83 expID=3 configID=3 time=477.84 num=0>
<Run 83 expID=3 configID=3 time=477.84 num=0>
<Run 83 expID=3 configID=3 time=477.84 num=0>
<Run 83 expID=3 configID=3 time=477.84 num=0>
<Run 83 expID=3 configID=3 time=477.84 num=0>
<Run 83 expID=3 configID=3 time=477.84 num=0>
<Run 83 expID=3 configID=3 time=477.84 num=0>
<Run 83 expID=3 configID=3 time=477.84 num=0>
<Run 83 expID=3 configID=3 time=477.84 num=0>
<Run 83 expID=3 configID=3 time=477.84 num=0>
<Run 83 expID=3 configID=3 time=477.84 num=0>
<Run 83 expID=3 configID=3 time=477.84 num=0>
<Run 83 expID=3 configID=3 time=477.84 num=0>
<Run 83 expID=3 configID=3 time=477.84 num=0>
<Run 83 expID=3 configID=3 time=477.84 num=0>
<Run 83 expID=3 configID=3 time=477.84 num=0>
<Run 83 expID=3 configID=3 time=477.84 num=0>
<Run 83 expID=3 configID=3 time=477.84 num=0>
<Run 83 expID=3 configID=3 time=477.84 num=0>
<Run 83 expID=3 configID=3 time=477.84 num=0>
<Run 83 expID=3 configID=3 time=477.84 num=0>
<Run 83 expID=3 configID=3 time=477.84 num=0>
<Run 83 expID=3 configID=3 time=477.84 num=0>
<Run 83 expID=3 configID=3 time=477.84 num=0>
<Run 83 expID=3 configID=3 time=477.84 num=0>
<Run 83 expID=3 configID=3 time=477.84 num=0>
<Run 83 expID=3 configID=3 time=477.84 num=0>
<Run 83 expID=3 configID=3 time=477.84 num=0>
<Run 83 expID=3 configID=3 time=477.84 num=0>
<Run 83 expID=3 configID=3 time=477.84 num=0>
<Run 83 expID=3 configID=3 time=477.84 num=0>
<Run 83 expID=3 configID=3 time=477.84 num=0>
<Run 83 expID=3 configID=3 time=477.84 num=0>
<Run 83 expID=3 configID=3 time=477.84 num=0>
<Run 83 expID=3 configID=3 time=477.84 num=0>
<Run 83 expID=3 configID=3 time=477.84 num=0>
<Run 83 expID=3 configID=3 time=477.84 num=0>
<Run 83 expID=3 configID=3 time=477.84 num=0>
<Run 83 expID=3 configID=3 time=477.84 num=0>
<Run 83 expID=3 configID=3 time=477.84 num=0>
<Run 83 expID=3 configID=3 time=477.84 num=0>
<Run 83 expID=3 configID=3 time=477.84 num=0>
<Run 83 expID=3 configID=3 time=477.84 num=0>
<Run 83 expID=3 configID=3 time=477.84 num=0>
<Run 83 expID=3 configID=3 time=477.84 num=0>
<Run 83 expID=3 configID=3 time=477.84 num=0>
<Run 83 expID=3 configID=3 time=477.84 num=0>
<Run 83 expID=3 configID=3 time=477.84 num=0>
<Run 83 expID=3 configID=3 time=477.84 num=0>
<Run 83 expID=3 configID=3 time=477.84 num=0>
<Run 83 expID=3 configID=3 time=477.84 num=0>
<Run 83 expID=3 configID=3 time=477.84 num=0>
<Run 83 expID=3 configID=3 time=477.84 num=0>
<Run 83 expID=3 configID=3 time=477.84 num=0>
<Run 83 expID=3 configID=3 time=477.84 num=0>
<Run 83 expID=3 configID=3 time=477.84 num=0>
<Run 83 expID=3 configID=3 time=477.84 num=0>
<Run 83 expID=3 configID=3 time=477.84 num=0>
<Run 83 expID=3 configID=3 time=477.84 num=0>
<Run 83 expID=3 configID=3 time=477.84 num=0>
<Run 83 expID=3 configID=3 time=477.84 num=0>
<Run 83 expID=3 configID=3 time=477.84 num=0>
<Run 83 expID=3 configID=3 time=477.84 num=0>
<Run 83 expID=3 configID=3 time=477.84 num=0>
<Run 83 expID=3 configID=3 time=477.84 num=0>
<Run 83 expID=3 configID=3 time=477.84 num=0>
<Run 83 expID=3 configID=3 time=477.84 num=0>
<Run 83 expID=3 configID=3 time=477.84 num=0>
<Run 83 expID=3 configID=3 time=477.84 num=0>
<Run 83 expID=3 configID=3 time=477.84 num=0>
<Run 83 expID=3 configID=3 time=477.84 num=0>
<Run 83 expID=3 configID=3 time=477.84 num=0>
<Run 83 expID=3 configID=3 time=477.84 num=0>
<Run 83 expID=3 configID=3 time=477.84 num=0>
<Run 83 expID=3 configID=3 time=477.84 num=0>
<Run 83 expID=3 configID=3 time=477.84 num=0>
<Run 83 expID=3 configID=3 time=477.84 num=0>
<Run 83 expID=3 configID=3 time=477.84 num=0>
<Run 83 expID=3 configID=3 time=477.84 num=0>
<Run 83 expID=3 configID=3 time=477.84 num=0>
<Run 83 expID=3 configID=3 time=477.84 num=0>
<Run 83 expID=3 configID=3 time=477.84 num=0>
<Run 83 expID=3 configID=3 time=477.84 num=0>
<Run 83 expID=3 configID=3 time=477.84 num=0>
<Run 83 expID=3 configID=3 time=477.84 num=0>
<Run 83 expID=3 configID=3 time=477.84 num=0>
<Run 83 expID=3 configID=3 time=477.84 num=0>
<Run 83 expID=3 configID=3 time=477.84 num=0>
<Run 83 expID=3 configID=3 time=477.84 num=0>
<Run 83 expID=3 configID=3 time=477.84 num=0>
<Run 83 expID=3 configID=3 time=477.84 num=0>
<Run 83 expID=3 configID=3 time=477.84 num=0>
<Run 83 expID=3 configID=3 time=477.84 num=0>
<Run 83 expID=3 configID=3 time=477.84 num=0>
<Run 83 expID=3 configID=3 time=477.84 num=0>
<Run 83 expID=3 configID=3 time=477.84 num=0>
<Run 83 expID=3 configID=3 time=477.84 num=0>
<Run 83 expID=3 configID=3 time=477.84 num=0>
<Run 83 expID=3 configID=3 time=477.84 num=0>
<Run 83 expID=3 configID=3 time=477.84 num=0>
<Run 83 expID=3 configID=3 time=477.84 num=0>
<Run 83 expID=3 configID=3 time=477.84 num=0>
<Run 83 expID=3 configID=3 time=477.84 num=0>
<Run 83 expID=3 configID=3 time=477.84 num=0>
<Run 83 expID=3 configID=3 time=477.84 num=0>
<Run 83 expID=3 configID=3 time=477.84 num=0>
<Run 83 expID=3 configID=3 time=477.84 num=0>
<Run 83 expID=3 configID=3 time=477.84 num=0>
<Run 83 expID=3 configID=3 time=477.84 num=0>
<Run 83 expID=3 configID=3 time=477.84 num=0>
<Run 83 expID=3 configID=3 time=477.84 num=0>
<Run 83 expID=3 configID=3 time=477.84 num=0>
<Run 83 expID=3 configID=3 time=477.84 num=0>
<Run 83 expID=3 configID=3 time=477.84 num=0>
<Run 83 expID=3 configID=3 time=477.84 num=0>
<Run 83 expID=3 configID=3 time=477.84 num=0>
<Run 83 expID=3 configID=3 time=477.84 num=0>
<Run 83 expID=3 configID=3 time=477.84 num=0>
<Run 83 expID=3 configID=3 time=477.84 num=0>
<Run 83 expID=3 configID=3 time=477.84 num=0>
<Run 83 expID=3 configID=3 time=477.84 num=0>
<Run 83 expID=3 configID=3 time=477.84 num=0>
<Run 83 expID=3 configID=3 time=477.84 num=0>
<Run 83 expID=3 configID=3 time=477.84 num=0>
<Run 83 expID=3 configID=3 time=477.84 num=0>
<Run 83 expID=3 configID=3 time=477.84 num=0>
<Run 83 expID=3 configID=3 time=477.84 num=0>
<Run 83 expID=3 configID=3 time=477.84 num=0>
<Run 83 expID=3 configID=3 time=477.84 num=0>
<Run 83 expID=3 configID=3 time=477.84 num=0>
<Run 83 expID=3 configID=3 time=477.84 num=0>
<Run 83 expID=3 configID=3 time=477.84 num=0>
<Run 83 expID=3 configID=3 time=477.84 num=0>
<Run 83 expID=3 configID=3 time=477.84 num=0>
<Run 83 expID=3 configID=3 time=477.84 num=0>
<Run 83 expID=3 configID=3 time=477.84 num=0>
<Run 83 expID=3 configID=3 time=477.84 num=0>
<Run 83 expID=3 configID=3 time=477.84 num=0>
<Run 83 expID=3 configID=3 time=477.84 num=0>
<Run 83 expID=3 configID=3 time=477.84 num=0>
<Run 83 expID=3 configID=3 time=477.84 num=0>
<Run 83 expID=3 configID=3 time=477.84 num=0>
<Run 83 expID=3 configID=3 time=477.84 num=0>
<Run 83 expID=3 configID=3 time=477.84 num=0>
<Run 83 expID=3 configID=3 time=477.84 num=0>
<Run 83 expID=3 configID=3 time=477.84 num=0>
<Run 83 expID=3 configID=3 time=477.84 num=0>
<Run 83 expID=3 configID=3 time=477.84 num=0>
<Run 83 expID=3 configID=3 time=477.84 num=0>
<Run 83 expID=3 configID=3 time=477.84 num=0>
<Run 83 expID=3 configID=3 time=477.84 num=0>
<Run 83 expID=3 configID=3 time=477.84 num=0>
<Run 83 expID=3 configID=3 time=477.84 num=0>
<Run 83 expID=3 configID=3 time=477.84 num=0>
<Run 83 expID=3 configID=3 time=477.84 num=0>
<Run 83 expID=3 configID=3 time=477.84 num=0>
<Run 83 expID=3 configID=3 time=477.84 num=0>
<Run 83 expID=3 configID=3 time=477.84 num=0>
<Run 83 expID=3 configID=3 time=477.84 num=0>
<Run 83 expID=3 configID=3 time=477.84 num=0>
<Run 83 expID=3 configID=3 time=477.84 num=0>
<Run 83 expID=3 configID=3 time=477.84 num=0>
<Run 83 expID=3 configID=3 time=477.84 num=0>
<Run 83 expID=3 configID=3 time=477.84 num=0>
<Run 83 expID=3 configID=3 time=477.84 num=0>
<Run 83 expID=3 configID=3 time=477.84 num=0>
<Run 83 expID=3 configID=3 time=477.84 num=0>
<Run 83 expID=3 configID=3 time=477.84 num=0>
<Run 83 expID=3 configID=3 time=477.84 num=0>
<Run 83 expID=3 configID=3 time=477.84 num=0>
<Run 83 expID=3 configID=3 time=477.84 num=0>
<Run 83 expID=3 configID=3 time=477.84 num=0>
<Run 83 expID=3 configID=3 time=477.84 num=0>
<Run 83 expID=3 configID=3 time=477.84 num=0>
<Run 83 expID=3 configID=3 time=477.84 num=0>
<Run 83 expID=3 configID=3 time=477.84 num=0>
<Run 83 expID=3 configID=3 time=477.84 num=0>
<Run 83 expID=3 configID=3 time=477.84 num=0>
<Run 83 expID=3 configID=3 time=477.84 num=0>
<Run 83 expID=3 configID=3 time=477.84 num=0>
<Run 83 expID=3 configID=3 time=477.84 num=0>
<Run 83 expID=3 configID=3 time=477.84 num=0>
<Run 83 expID=3 configID=3 time=477.84 num=0>
<Run 83 expID=3 configID=3 time=477.84 num=0>
<Run 83 expID=3 configID=3 time=477.84 num=0>
<Run 83 expID=3 configID=3 time=477.84 num=0>
<Run 83 expID=3 configID=3 time=477.84 num=0>
<Run 83 expID=3 configID=3 time=477.84 num=0>
<Run 83 expID=3 configID=3 time=477.84 num=0>
<Run 83 expID=3 configID=3 time=477.84 num=0>
<Run 83 expID=3 configID=3 time=477.84 num=0>
<Run 83 expID=3 configID=3 time=477.84 num=0>
<Run 83 expID=3 configID=3 time=477.84 num=0>
<Run 83 expID=3 configID=3 time=477.84 num=0>
<Run 83 expID=3 configID=3 time=477.84 num=0>
<Run 83 expID=3 configID=3 time=477.84 num=0>
<Run 83 expID=3 configID=3 time=477.84 num=0>
<Run 83 expID=3 configID=3 time=477.84 num=0>
<Run 83 expID=3 configID=3 time=477.84 num=0>
<Run 83 expID=3 configID=3 time=477.84 num=0>
<Run 83 expID=3 configID=3 time=477.84 num=0>
<Run 83 expID=3 configID=3 time=477.84 num=0>
<Run 83 expID=3 configID=3 time=477.84 num=0>
<Run 83 expID=3 configID=3 time=477.84 num=0>
<Run 83 expID=3 configID=3 time=477.84 num=0>
<Run 83 expID=3 configID=3 time=477.84 num=0>
<Run 83 expID=3 configID=3 time=477.84 num=0>
<Run 83 expID=3 configID=3 time=477.84 num=0>
<Run 83 expID=3 configID=3 time=477.84 num=0>
<Run 83 expID=3 configID=3 time=477.84 num=0>
<Run 83 expID=3 configID=3 time=477.84 num=0>
<Run 83 expID=3 configID=3 time=477.84 num=0>
<Run 83 expID=3 configID=3 time=477.84 num=0>
<Run 83 expID=3 configID=3 time=477.84 num=0>
<Run 83 expID=3 configID=3 time=477.84 num=0>
<Run 83 expID=3 configID=3 time=477.84 num=0>
<Run 83 expID=3 configID=3 time=477.84 num=0>
<Run 83 expID=3 configID=3 time=477.84 num=0>
<Run 83 expID=3 configID=3 time=477.84 num=0>
<Run 83 expID=3 configID=3 time=477.84 num=0>
<Run 83 expID=3 configID=3 time=477.84 num=0>
<Run 83 expID=3 configID=3 time=477.84 num=0>
<Run 83 expID=3 configID=3 time=477.84 num=0>
<Run 83 expID=3 configID=3 time=477.84 num=0>
<Run 83 expID=3 configID=3 time=477.84 num=0>
<Run 83 expID=3 configID=3 time=477.84 num=0>
<Run 83 expID=3 configID=3 time=477.84 num=0>
<Run 83 expID=3 configID=3 time=477.84 num=0>
<Run 83 expID=3 configID=3 time=477.84 num=0>
<Run 83 expID=3 configID=3 time=477.84 num=0>
<Run 83 expID=3 configID=3 time=477.84 num=0>
<Run 83 expID=3 configID=3 time=477.84 num=0>
<Run 83 expID=3 configID=3 time=477.84 num=0>
<Run 83 expID=3 configID=3 time=477.84 num=0>
<Run 83 expID=3 configID=3 time=477.84 num=0>
<Run 83 expID=3 configID=3 time=477.84 num=0>
<Run 83 expID=3 configID=3 time=477.84 num=0>
<Run 83 expID=3 configID=3 time=477.84 num=0>
<Run 83 expID=3 configID=3 time=477.84 num=0>
<Run 83 expID=3 configID=3 time=477.84 num=0>
<Run 83 expID=3 configID=3 time=477.84 num=0>
<Run 83 expID=3 configID=3 time=477.84 num=0>
<Run 83 expID=3 configID=3 time=477.84 num=0>
<Run 83 expID=3 configID=3 time=477.84 num=0>
<Run 83 expID=3 configID=3 time=477.84 num=0>
<Run 83 expID=3 configID=3 time=477.84 num=0>
<Run 83 expID=3 configID=3 time=477.84 num=0>
<Run 83 expID=3 configID=3 time=477.84 num=0>
<Run 83 expID=3 configID=3 time=477.84 num=0>
<Run 83 expID=3 configID=3 time=477.84 num=0>
<Run 83 expID=3 configID=3 time=477.84 num=0>
<Run 83 expID=3 configID=3 time=477.84 num=0>
<Run 83 expID=3 configID=3 time=477.84 num=0>
<Run 83 expID=3 configID=3 time=477.84 num=0>
<Run 83 expID=3 configID=3 time=477.84 num=0>
<Run 83 expID=3 configID=3 time=477.84 num=0>
<Run 83 expID=3 configID=3 time=477.84 num=0>
<Run 83 expID=3 configID=3 time=477.84 num=0>
<Run 83 expID=3 configID=3 time=477.84 num=0>
<Run 83 expID=3 configID=3 time=477.84 num=0>
<Run 83 expID=3 configID=3 time=477.84 num=0>
<Run 83 expID=3 configID=3 time=477.84 num=0>
<Run 83 expID=3 configID=3 time=477.84 num=0>
<Run 83 expID=3 configID=3 time=477.84 num=0>
<Run 83 expID=3 configID=3 time=477.84 num=0>
<Run 83 expID=3 configID=3 time=477.84 num=0>
<Run 83 expID=3 configID=3 time=477.84 num=0>
<Run 83 expID=3 configID=3 time=477.84 num=0>
<Run 83 expID=3 configID=3 time=477.84 num=0>
<Run 83 expID=3 configID=3 time=477.84 num=0>
<Run 83 expID=3 configID=3 time=477.84 num=0>
<Run 83 expID=3 configID=3 time=477.84 num=0>
<Run 83 expID=3 configID=3 time=477.84 num=0>
<Run 83 expID=3 configID=3 time=477.84 num=0>
<Run 83 expID=3 configID=3 time=477.84 num=0>
<Run 83 expID=3 configID=3 time=477.84 num=0>
<Run 83 expID=3 configID=3 time=477.84 num=0>
<Run 83 expID=3 configID=3 time=477.84 num=0>
<Run 83 expID=3 configID=3 time=477.84 num=0>
<Run 83 expID=3 configID=3 time=477.84 num=0>
<Run 83 expID=3 configID=3 time=477.84 num=0>
<Run 83 expID=3 configID=3 time=477.84 num=0>
<Run 83 expID=3 configID=3 time=477.84 num=0>
<Run 83 expID=3 configID=3 time=477.84 num=0>
<Run 83 expID=3 configID=3 time=477.84 num=0>
<Run 83 expID=3 configID=3 time=477.84 num=0>
<Run 83 expID=3 configID=3 time=477.84 num=0>
<Run 83 expID=3 configID=3 time=477.84 num=0>
<Run 83 expID=3 configID=3 time=477.84 num=0>
<Run 83 expID=3 configID=3 time=477.84 num=0>
<Run 83 expID=3 configID=3 time=477.84 num=0>
<Run 83 expID=3 configID=3 time=477.84 num=0>
<Run 83 expID=3 configID=3 time=477.84 num=0>
<Run 83 expID=3 configID=3 time=477.84 num=0>
<Run 83 expID=3 configID=3 time=477.84 num=0>
<Run 83 expID=3 configID=3 time=477.84 num=0>
<Run 83 expID=3 configID=3 time=477.84 num=0>
<Run 83 expID=3 configID=3 time=477.84 num=0>
<Run 83 expID=3 configID=3 time=477.84 num=0>
<Run 83 expID=3 configID=3 time=477.84 num=0>
<Run 83 expID=3 configID=3 time=477.84 num=0>
<Run 83 expID=3 configID=3 time=477.84 num=0>
<Run 83 expID=3 configID=3 time=477.84 num=0>
<Run 83 expID=3 configID=3 time=477.84 num=0>
<Run 83 expID=3 configID=3 time=477.84 num=0>
<Run 83 expID=3 configID=3 time=477.84 num=0>
<Run 83 expID=3 configID=3 time=477.84 num=0>
<Run 83 expID=3 configID=3 time=477.84 num=0>
<Run 83 expID=3 configID=3 time=477.84 num=0>
<Run 83 expID=3 configID=3 time=477.84 num=0>
<Run 83 expID=3 configID=3 time=477.84 num=0>
<Run 83 expID=3 configID=3 time=477.84 num=0>
<Run 83 expID=3 configID=3 time=477.84 num=0>
<Run 83 expID=3 configID=3 time=477.84 num=0>
<Run 83 expID=3 configID=3 time=477.84 num=0>
<Run 83 expID=3 configID=3 time=477.84 num=0>
<Run 83 expID=3 configID=3 time=477.84 num=0>
<Run 83 expID=3 configID=3 time=477.84 num=0>
<Run 83 expID=3 configID=3 time=477.84 num=0>
<Run 83 expID=3 configID=3 time=477.84 num=0>
<Run 83 expID=3 configID=3 time=477.84 num=0>
<Run 83 expID=3 configID=3 time=477.84 num=0>
<Run 83 expID=3 configID=3 time=477.84 num=0>
<Run 83 expID=3 configID=3 time=477.84 num=0>
<Run 83 expID=3 configID=3 time=477.84 num=0>
<Run 83 expID=3 configID=3 time=477.84 num=0>
<Run 83 expID=3 configID=3 time=477.84 num=0>
<Run 83 expID=3 configID=3 time=477.84 num=0>
<Run 83 expID=3 configID=3 time=477.84 num=0>
<Run 83 expID=3 configID=3 time=477.84 num=0>
<Run 83 expID=3 configID=3 time=477.84 num=0>
<Run 83 expID=3 configID=3 time=477.84 num=0>
<Run 83 expID=3 configID=3 time=477.84 num=0>
<Run 83 expID=3 configID=3 time=477.84 num=0>
<Run 83 expID=3 configID=3 time=477.84 num=0>
<Run 83 expID=3 configID=3 time=477.84 num=0>
<Run 83 expID=3 configID=3 time=477.84 num=0>
<Run 83 expID=3 configID=3 time=477.84 num=0>
<Run 83 expID=3 configID=3 time=477.84 num=0>
<Run 83 expID=3 configID=3 time=477.84 num=0>
<Run 83 expID=3 configID=3 time=477.84 num=0>
<Run 83 expID=3 configID=3 time=477.84 num=0>
<Run 83 expID=3 configID=3 time=477.84 num=0>
<Run 83 expID=3 configID=3 time=477.84 num=0>
<Run 83 expID=3 configID=3 time=477.84 num=0>
<Run 83 expID=3 configID=3 time=477.84 num=0>
<Run 83 expID=3 configID=3 time=477.84 num=0>
<Run 83 expID=3 configID=3 time=477.84 num=0>
<Run 83 expID=3 configID=3 time=477.84 num=0>
<Run 83 expID=3 configID=3 time=477.84 num=0>
<Run 83 expID=3 configID=3 time=477.84 num=0>
<Run 83 expID=3 configID=3 time=477.84 num=0>
<Run 83 expID=3 configID=3 time=477.84 num=0>
<Run 83 expID=3 configID=3 time=477.84 num=0>
<Run 83 expID=3 configID=3 time=477.84 num=0>
<Run 83 expID=3 configID=3 time=477.84 num=0>
<Run 83 expID=3 configID=3 time=477.84 num=0>
<Run 83 expID=3 configID=3 time=477.84 num=0>
<Run 83 expID=3 configID=3 time=477.84 num=0>
<Run 83 expID=3 configID=3 time=477.84 num=0>
<Run 83 expID=3 configID=3 time=477.84 num=0>
<Run 83 expID=3 configID=3 time=477.84 num=0>
<Run 83 expID=3 configID=3 time=477.84 num=0>
<Run 83 expID=3 configID=3 time=477.84 num=0>
<Run 83 expID=3 configID=3 time=477.84 num=0>
<Run 83 expID=3 configID=3 time=477.84 num=0>
<Run 83 expID=3 configID=3 time=477.84 num=0>
<Run 83 expID=3 configID=3 time=477.84 num=0>
<Run 83 expID=3 configID=3 time=477.84 num=0>
<Run 83 expID=3 configID=3 time=477.84 num=0>
<Run 83 expID=3 configID=3 time=477.84 num=0>
<Run 83 expID=3 configID=3 time=477.84 num=0>
<Run 83 expID=3 configID=3 time=477.84 num=0>
<Run 83 expID=3 configID=3 time=477.84 num=0>
<Run 83 expID=3 configID=3 time=477.84 num=0>
<Run 83 expID=3 configID=3 time=477.84 num=0>
<Run 83 expID=3 configID=3 time=477.84 num=0>
<Run 83 expID=3 configID=3 time=477.84 num=0>
<Run 83 expID=3 configID=3 time=477.84 num=0>
<Run 83 expID=3 configID=3 time=477.84 num=0>
<Run 83 expID=3 configID=3 time=477.84 num=0>
<Run 83 expID=3 configID=3 time=477.84 num=0>
<Run 83 expID=3 configID=3 time=477.84 num=0>
<Run 83 expID=3 configID=3 time=477.84 num=0>
<Run 83 expID=3 configID=3 time=477.84 num=0>
<Run 83 expID=3 configID=3 time=477.84 num=0>
<Run 83 expID=3 configID=3 time=477.84 num=0>
<Run 83 expID=3 configID=3 time=477.84 num=0>
<Run 83 expID=3 configID=3 time=477.84 num=0>
<Run 83 expID=3 configID=3 time=477.84 num=0>
<Run 83 expID=3 configID=3 time=477.84 num=0>
<Run 83 expID=3 configID=3 time=477.84 num=0>
<Run 83 expID=3 configID=3 time=477.84 num=0>
<Run 83 expID=3 configID=3 time=477.84 num=0>
<Run 83 expID=3 configID=3 time=477.84 num=0>
<Run 83 expID=3 configID=3 time=477.84 num=0>
<Run 83 expID=3 configID=3 time=477.84 num=0>
<Run 83 expID=3 configID=3 time=477.84 num=0>
<Run 83 expID=3 configID=3 time=477.84 num=0>
<Run 83 expID=3 configID=3 time=477.84 num=0>
<Run 83 expID=3 configID=3 time=477.84 num=0>
<Run 83 expID=3 configID=3 time=477.84 num=0>
<Run 83 expID=3 configID=3 time=477.84 num=0>
<Run 83 expID=3 configID=3 time=477.84 num=0>
<Run 83 expID=3 configID=3 time=477.84 num=0>
<Run 83 expID=3 configID=3 time=477.84 num=0>
<Run 83 expID=3 configID=3 time=477.84 num=0>
<Run 83 expID=3 configID=3 time=477.84 num=0>
<Run 83 expID=3 configID=3 time=477.84 num=0>
<Run 83 expID=3 configID=3 time=477.84 num=0>
<Run 83 expID=3 configID=3 time=477.84 num=0>
<Run 83 expID=3 configID=3 time=477.84 num=0>
<Run 83 expID=3 configID=3 time=477.84 num=0>
<Run 83 expID=3 configID=3 time=477.84 num=0>
<Run 83 expID=3 configID=3 time=477.84 num=0>
<Run 83 expID=3 configID=3 time=477.84 num=0>
<Run 83 expID=3 configID=3 time=477.84 num=0>
<Run 83 expID=3 configID=3 time=477.84 num=0>
<Run 83 expID=3 configID=3 time=477.84 num=0>
<Run 83 expID=3 configID=3 time=477.84 num=0>
<Run 83 expID=3 configID=3 time=477.84 num=0>
<Run 83 expID=3 configID=3 time=477.84 num=0>
<Run 83 expID=3 configID=3 time=477.84 num=0>
<Run 83 expID=3 configID=3 time=477.84 num=0>
<Run 83 expID=3 configID=3 time=477.84 num=0>
<Run 83 expID=3 configID=3 time=477.84 num=0>
<Run 83 expID=3 configID=3 time=477.84 num=0>
<Run 83 expID=3 configID=3 time=477.84 num=0>
<Run 83 expID=3 configID=3 time=477.84 num=0>
<Run 83 expID=3 configID=3 time=477.84 num=0>
<Run 83 expID=3 configID=3 time=477.84 num=0>
<Run 83 expID=3 configID=3 time=477.84 num=0>
<Run 83 expID=3 configID=3 time=477.84 num=0>
<Run 83 expID=3 configID=3 time=477.84 num=0>
<Run 83 expID=3 configID=3 time=477.84 num=0>
<Run 83 expID=3 configID=3 time=477.84 num=0>
<Run 83 expID=3 configID=3 time=477.84 num=0>
<Run 83 expID=3 configID=3 time=477.84 num=0>
<Run 83 expID=3 configID=3 time=477.84 num=0>
<Run 83 expID=3 configID=3 time=477.84 num=0>
<Run 83 expID=3 configID=3 time=477.84 num=0>
<Run 83 expID=3 configID=3 time=477.84 num=0>
<Run 83 expID=3 configID=3 time=477.84 num=0>
<Run 83 expID=3 configID=3 time=477.84 num=0>
<Run 83 expID=3 configID=3 time=477.84 num=0>
<Run 83 expID=3 configID=3 time=477.84 num=0>
<Run 83 expID=3 configID=3 time=477.84 num=0>
<Run 83 expID=3 configID=3 time=477.84 num=0>
<Run 83 expID=3 configID=3 time=477.84 num=0>
<Run 83 expID=3 configID=3 time=477.84 num=0>
<Run 83 expID=3 configID=3 time=477.84 num=0>
<Run 83 expID=3 configID=3 time=477.84 num=0>
<Run 83 expID=3 configID=3 time=477.84 num=0>
<Run 83 expID=3 configID=3 time=477.84 num=0>
<Run 83 expID=3 configID=3 time=477.84 num=0>
<Run 83 expID=3 configID=3 time=477.84 num=0>
<Run 83 expID=3 configID=3 time=477.84 num=0>
<Run 83 expID=3 configID=3 time=477.84 num=0>
<Run 83 expID=3 configID=3 time=477.84 num=0>
<Run 83 expID=3 configID=3 time=477.84 num=0>
<Run 83 expID=3 configID=3 time=477.84 num=0>
<Run 83 expID=3 configID=3 time=477.84 num=0>
<Run 83 expID=3 configID=3 time=477.84 num=0>
<Run 83 expID=3 configID=3 time=477.84 num=0>
<Run 83 expID=3 configID=3 time=477.84 num=0>
<Run 83 expID=3 configID=3 time=477.84 num=0>
<Run 83 expID=3 configID=3 time=477.84 num=0>
<Run 83 expID=3 configID=3 time=477.84 num=0>
<Run 83 expID=3 configID=3 time=477.84 num=0>
<Run 83 expID=3 configID=3 time=477.84 num=0>
<Run 83 expID=3 configID=3 time=477.84 num=0>
<Run 83 expID=3 configID=3 time=477.84 num=0>
<Run 83 expID=3 configID=3 time=477.84 num=0>
<Run 83 expID=3 configID=3 time=477.84 num=0>
<Run 83 expID=3 configID=3 time=477.84 num=0>
<Run 83 expID=3 configID=3 time=477.84 num=0>
<Run 83 expID=3 configID=3 time=477.84 num=0>
<Run 83 expID=3 configID=3 time=477.84 num=0>
<Run 83 expID=3 configID=3 time=477.84 num=0>
<Run 83 expID=3 configID=3 time=477.84 num=0>
<Run 83 expID=3 configID=3 time=477.84 num=0>
<Run 83 expID=3 configID=3 time=477.84 num=0>
<Run 83 expID=3 configID=3 time=477.84 num=0>
<Run 83 expID=3 configID=3 time=477.84 num=0>
<Run 83 expID=3 configID=3 time=477.84 num=0>
<Run 83 expID=3 configID=3 time=477.84 num=0>
<Run 83 expID=3 configID=3 time=477.84 num=0>
<Run 83 expID=3 configID=3 time=477.84 num=0>
<Run 83 expID=3 configID=3 time=477.84 num=0>
<Run 83 expID=3 configID=3 time=477.84 num=0>
<Run 83 expID=3 configID=3 time=477.84 num=0>
<Run 83 expID=3 configID=3 time=477.84 num=0>
<Run 83 expID=3 configID=3 time=477.84 num=0>
<Run 83 expID=3 configID=3 time=477.84 num=0>
<Run 83 expID=3 configID=3 time=477.84 num=0>
<Run 83 expID=3 configID=3 time=477.84 num=0>
<Run 83 expID=3 configID=3 time=477.84 num=0>
<Run 83 expID=3 configID=3 time=477.84 num=0>
<Run 83 expID=3 configID=3 time=477.84 num=0>
<Run 83 expID=3 configID=3 time=477.84 num=0>
<Run 83 expID=3 configID=3 time=477.84 num=0>
<Run 83 expID=3 configID=3 time=477.84 num=0>
<Run 83 expID=3 configID=3 time=477.84 num=0>
<Run 83 expID=3 configID=3 time=477.84 num=0>
<Run 83 expID=3 configID=3 time=477.84 num=0>
<Run 83 expID=3 configID=3 time=477.84 num=0>
<Run 83 expID=3 configID=3 time=477.84 num=0>
<Run 83 expID=3 configID=3 time=477.84 num=0>
<Run 83 expID=3 configID=3 time=477.84 num=0>
<Run 83 expID=3 configID=3 time=477.84 num=0>
<Run 83 expID=3 configID=3 time=477.84 num=0>
<Run 83 expID=3 configID=3 time=477.84 num=0>
<Run 83 expID=3 configID=3 time=477.84 num=0>
<Run 83 expID=3 configID=3 time=477.84 num=0>
<Run 83 expID=3 configID=3 time=477.84 num=0>
<Run 83 expID=3 configID=3 time=477.84 num=0>
<Run 83 expID=3 configID=3 time=477.84 num=0>
<Run 83 expID=3 configID=3 time=477.84 num=0>
<Run 83 expID=3 configID=3 time=477.84 num=0>
<Run 83 expID=3 configID=3 time=477.84 num=0>
<Run 83 expID=3 configID=3 time=477.84 num=0>
<Run 83 expID=3 configID=3 time=477.84 num=0>
<Run 83 expID=3 configID=3 time=477.84 num=0>
<Run 83 expID=3 configID=3 time=477.84 num=0>
<Run 83 expID=3 configID=3 time=477.84 num=0>
<Run 83 expID=3 configID=3 time=477.84 num=0>
<Run 83 expID=3 configID=3 time=477.84 num=0>
<Run 83 expID=3 configID=3 time=477.84 num=0>
<Run 83 expID=3 configID=3 time=477.84 num=0>
<Run 83 expID=3 configID=3 time=477.84 num=0>
<Run 83 expID=3 configID=3 time=477.84 num=0>
<Run 83 expID=3 configID=3 time=477.84 num=0>
<Run 83 expID=3 configID=3 time=477.84 num=0>
<Run 83 expID=3 configID=3 time=477.84 num=0>
<Run 83 expID=3 configID=3 time=477.84 num=0>
<Run 83 expID=3 configID=3 time=477.84 num=0>
<Run 83 expID=3 configID=3 time=477.84 num=0>
<Run 83 expID=3 configID=3 time=477.84 num=0>
<Run 83 expID=3 configID=3 time=477.84 num=0>
<Run 83 expID=3 configID=3 time=477.84 num=0>
<Run 83 expID=3 configID=3 time=477.84 num=0>
<Run 83 expID=3 configID=3 time=477.84 num=0>
<Run 83 expID=3 configID=3 time=477.84 num=0>
<Run 83 expID=3 configID=3 time=477.84 num=0>
<Run 83 expID=3 configID=3 time=477.84 num=0>
<Run 83 expID=3 configID=3 time=477.84 num=0>
<Run 83 expID=3 configID=3 time=477.84 num=0>
<Run 83 expID=3 configID=3 time=477.84 num=0>
<Run 83 expID=3 configID=3 time=477.84 num=0>
<Run 83 expID=3 configID=3 time=477.84 num=0>
<Run 83 expID=3 configID=3 time=477.84 num=0>
<Run 83 expID=3 configID=3 time=477.84 num=0>
<Run 83 expID=3 configID=3 time=477.84 num=0>
<Run 83 expID=3 configID=3 time=477.84 num=0>
<Run 83 expID=3 configID=3 time=477.84 num=0>
<Run 83 expID=3 configID=3 time=477.84 num=0>
<Run 83 expID=3 configID=3 time=477.84 num=0>
<Run 83 expID=3 configID=3 time=477.84 num=0>
<Run 83 expID=3 configID=3 time=477.84 num=0>
<Run 83 expID=3 configID=3 time=477.84 num=0>
<Run 83 expID=3 configID=3 time=477.84 num=0>
<Run 83 expID=3 configID=3 time=477.84 num=0>
<Run 83 expID=3 configID=3 time=477.84 num=0>
<Run 83 expID=3 configID=3 time=477.84 num=0>
<Run 83 expID=3 configID=3 time=477.84 num=0>
<Run 83 expID=3 configID=3 time=477.84 num=0>
<Run 83 expID=3 configID=3 time=477.84 num=0>
<Run 83 expID=3 configID=3 time=477.84 num=0>
<Run 83 expID=3 configID=3 time=477.84 num=0>
<Run 83 expID=3 configID=3 time=477.84 num=0>
<Run 83 expID=3 configID=3 time=477.84 num=0>
<Run 83 expID=3 configID=3 time=477.84 num=0>
<Run 83 expID=3 configID=3 time=477.84 num=0>
<Run 83 expID=3 configID=3 time=477.84 num=0>
<Run 83 expID=3 configID=3 time=477.84 num=0>
<Run 83 expID=3 configID=3 time=477.84 num=0>
<Run 83 expID=3 configID=3 time=477.84 num=0>
<Run 83 expID=3 configID=3 time=477.84 num=0>
<Run 83 expID=3 configID=3 time=477.84 num=0>
<Run 83 expID=3 configID=3 time=477.84 num=0>
<Run 83 expID=3 configID=3 time=477.84 num=0>
<Run 83 expID=3 configID=3 time=477.84 num=0>
<Run 83 expID=3 configID=3 time=477.84 num=0>
<Run 83 expID=3 configID=3 time=477.84 num=0>
<Run 83 expID=3 configID=3 time=477.84 num=0>
<Run 83 expID=3 configID=3 time=477.84 num=0>
<Run 83 expID=3 configID=3 time=477.84 num=0>
<Run 83 expID=3 configID=3 time=477.84 num=0>
<Run 83 expID=3 configID=3 time=477.84 num=0>
<Run 83 expID=3 configID=3 time=477.84 num=0>
<Run 83 expID=3 configID=3 time=477.84 num=0>
<Run 83 expID=3 configID=3 time=477.84 num=0>
<Run 83 expID=3 configID=3 time=477.84 num=0>
<Run 83 expID=3 configID=3 time=477.84 num=0>
<Run 83 expID=3 configID=3 time=477.84 num=0>
<Run 83 expID=3 configID=3 time=477.84 num=0>
<Run 83 expID=3 configID=3 time=477.84 num=0>
<Run 83 expID=3 configID=3 time=477.84 num=0>
<Run 83 expID=3 configID=3 time=477.84 num=0>
<Run 83 expID=3 configID=3 time=477.84 num=0>
<Run 83 expID=3 configID=3 time=477.84 num=0>
<Run 83 expID=3 configID=3 time=477.84 num=0>
<Run 83 expID=3 configID=3 time=477.84 num=0>
<Run 83 expID=3 configID=3 time=477.84 num=0>
<Run 83 expID=3 configID=3 time=477.84 num=0>
<Run 83 expID=3 configID=3 time=477.84 num=0>
<Run 83 expID=3 configID=3 time=477.84 num=0>
<Run 83 expID=3 configID=3 time=477.84 num=0>
<Run 83 expID=3 configID=3 time=477.84 num=0>
<Run 83 expID=3 configID=3 time=477.84 num=0>
<Run 83 expID=3 configID=3 time=477.84 num=0>
<Run 83 expID=3 configID=3 time=477.84 num=0>
<Run 83 expID=3 configID=3 time=477.84 num=0>
<Run 83 expID=3 configID=3 time=477.84 num=0>
<Run 83 expID=3 configID=3 time=477.84 num=0>
<Run 83 expID=3 configID=3 time=477.84 num=0>
<Run 83 expID=3 configID=3 time=477.84 num=0>
<Run 83 expID=3 configID=3 time=477.84 num=0>
<Run 83 expID=3 configID=3 time=477.84 num=0>
<Run 83 expID=3 configID=3 time=477.84 num=0>
<Run 83 expID=3 configID=3 time=477.84 num=0>
<Run 83 expID=3 configID=3 time=477.84 num=0>
<Run 83 expID=3 configID=3 time=477.84 num=0>
<Run 83 expID=3 configID=3 time=477.84 num=0>
<Run 83 expID=3 configID=3 time=477.84 num=0>
<Run 83 expID=3 configID=3 time=477.84 num=0>
<Run 83 expID=3 configID=3 time=477.84 num=0>
<Run 83 expID=3 configID=3 time=477.84 num=0>
<Run 83 expID=3 configID=3 time=477.84 num=0>
<Run 83 expID=3 configID=3 time=477.84 num=0>
<Run 83 expID=3 configID=3 time=477.84 num=0>
<Run 83 expID=3 configID=3 time=477.84 num=0>
<Run 83 expID=3 configID=3 time=477.84 num=0>
<Run 83 expID=3 configID=3 time=477.84 num=0>
<Run 83 expID=3 configID=3 time=477.84 num=0>
<Run 83 expID=3 configID=3 time=477.84 num=0>
<Run 83 expID=3 configID=3 time=477.84 num=0>
<Run 83 expID=3 configID=3 time=477.84 num=0>
<Run 83 expID=3 configID=3 time=477.84 num=0>
<Run 83 expID=3 configID=3 time=477.84 num=0>
<Run 83 expID=3 configID=3 time=477.84 num=0>
<Run 83 expID=3 configID=3 time=477.84 num=0>
<Run 83 expID=3 configID=3 time=477.84 num=0>
<Run 83 expID=3 configID=3 time=477.84 num=0>
<Run 83 expID=3 configID=3 time=477.84 num=0>
<Run 83 expID=3 configID=3 time=477.84 num=0>
<Run 83 expID=3 configID=3 time=477.84 num=0>
<Run 83 expID=3 configID=3 time=477.84 num=0>
<Run 83 expID=3 configID=3 time=477.84 num=0>
<Run 83 expID=3 configID=3 time=477.84 num=0>
<Run 83 expID=3 configID=3 time=477.84 num=0>
<Run 83 expID=3 configID=3 time=477.84 num=0>
<Run 83 expID=3 configID=3 time=477.84 num=0>
<Run 83 expID=3 configID=3 time=477.84 num=0>
<Run 83 expID=3 configID=3 time=477.84 num=0>
<Run 83 expID=3 configID=3 time=477.84 num=0>
<Run 83 expID=3 configID=3 time=477.84 num=0>
<Run 83 expID=3 configID=3 time=477.84 num=0>
<Run 83 expID=3 configID=3 time=477.84 num=0>
<Run 83 expID=3 configID=3 time=477.84 num=0>
<Run 83 expID=3 configID=3 time=477.84 num=0>
<Run 83 expID=3 configID=3 time=477.84 num=0>
<Run 83 expID=3 configID=3 time=477.84 num=0>
<Run 83 expID=3 configID=3 time=477.84 num=0>
<Run 83 expID=3 configID=3 time=477.84 num=0>
<Run 83 expID=3 configID=3 time=477.84 num=0>
<Run 83 expID=3 configID=3 time=477.84 num=0>
<Run 83 expID=3 configID=3 time=477.84 num=0>
<Run 83 expID=3 configID=3 time=477.84 num=0>
<Run 83 expID=3 configID=3 time=477.84 num=0>
<Run 83 expID=3 configID=3 time=477.84 num=0>
<Run 83 expID=3 configID=3 time=477.84 num=0>
<Run 83 expID=3 configID=3 time=477.84 num=0>
<Run 83 expID=3 configID=3 time=477.84 num=0>
<Run 83 expID=3 configID=3 time=477.84 num=0>
<Run 83 expID=3 configID=3 time=477.84 num=0>
<Run 83 expID=3 configID=3 time=477.84 num=0>
<Run 83 expID=3 configID=3 time=477.84 num=0>
<Run 83 expID=3 configID=3 time=477.84 num=0>
<Run 83 expID=3 configID=3 time=477.84 num=0>
<Run 83 expID=3 configID=3 time=477.84 num=0>
<Run 83 expID=3 configID=3 time=477.84 num=0>
<Run 83 expID=3 configID=3 time=477.84 num=0>
<Run 83 expID=3 configID=3 time=477.84 num=0>
<Run 83 expID=3 configID=3 time=477.84 num=0>
<Run 83 expID=3 configID=3 time=477.84 num=0>
<Run 83 expID=3 configID=3 time=477.84 num=0>
<Run 83 expID=3 configID=3 time=477.84 num=0>
<Run 83 expID=3 configID=3 time=477.84 num=0>
<Run 83 expID=3 configID=3 time=477.84 num=0>
<Run 83 expID=3 configID=3 time=477.84 num=0>
<Run 83 expID=3 configID=3 time=477.84 num=0>
<Run 83 expID=3 configID=3 time=477.84 num=0>
<Run 83 expID=3 configID=3 time=477.84 num=0>
<Run 83 expID=3 configID=3 time=477.84 num=0>
<Run 83 expID=3 configID=3 time=477.84 num=0>
<Run 83 expID=3 configID=3 time=477.84 num=0>
<Run 83 expID=3 configID=3 time=477.84 num=0>
<Run 83 expID=3 configID=3 time=477.84 num=0>
<Run 83 expID=3 configID=3 time=477.84 num=0>
<Run 83 expID=3 configID=3 time=477.84 num=0>
<Run 83 expID=3 configID=3 time=477.84 num=0>
<Run 83 expID=3 configID=3 time=477.84 num=0>
<Run 83 expID=3 configID=3 time=477.84 num=0>
<Run 83 expID=3 configID=3 time=477.84 num=0>
<Run 83 expID=3 configID=3 time=477.84 num=0>
<Run 83 expID=3 configID=3 time=477.84 num=0>
<Run 83 expID=3 configID=3 time=477.84 num=0>
<Run 83 expID=3 configID=3 time=477.84 num=0>
<Run 83 expID=3 configID=3 time=477.84 num=0>
<Run 83 expID=3 configID=3 time=477.84 num=0>
<Run 83 expID=3 configID=3 time=477.84 num=0>
<Run 83 expID=3 configID=3 time=477.84 num=0>
<Run 83 expID=3 configID=3 time=477.84 num=0>
<Run 83 expID=3 configID=3 time=477.84 num=0>
<Run 83 expID=3 configID=3 time=477.84 num=0>
<Run 83 expID=3 configID=3 time=477.84 num=0>
<Run 83 expID=3 configID=3 time=477.84 num=0>
<Run 83 expID=3 configID=3 time=477.84 num=0>
<Run 83 expID=3 configID=3 time=477.84 num=0>
<Run 83 expID=3 configID=3 time=477.84 num=0>
<Run 83 expID=3 configID=3 time=477.84 num=0>
<Run 83 expID=3 configID=3 time=477.84 num=0>
<Run 83 expID=3 configID=3 time=477.84 num=0>
<Run 83 expID=3 configID=3 time=477.84 num=0>
<Run 83 expID=3 configID=3 time=477.84 num=0>
<Run 83 expID=3 configID=3 time=477.84 num=0>
<Run 83 expID=3 configID=3 time=477.84 num=0>
<Run 83 expID=3 configID=3 time=477.84 num=0>
<Run 83 expID=3 configID=3 time=477.84 num=0>
<Run 83 expID=3 configID=3 time=477.84 num=0>
<Run 83 expID=3 configID=3 time=477.84 num=0>
<Run 83 expID=3 configID=3 time=477.84 num=0>
<Run 83 expID=3 configID=3 time=477.84 num=0>
<Run 83 expID=3 configID=3 time=477.84 num=0>
<Run 83 expID=3 configID=3 time=477.84 num=0>
<Run 83 expID=3 configID=3 time=477.84 num=0>
<Run 83 expID=3 configID=3 time=477.84 num=0>
<Run 83 expID=3 configID=3 time=477.84 num=0>
<Run 83 expID=3 configID=3 time=477.84 num=0>
<Run 83 expID=3 configID=3 time=477.84 num=0>
<Run 83 expID=3 configID=3 time=477.84 num=0>
<Run 83 expID=3 configID=3 time=477.84 num=0>
<Run 83 expID=3 configID=3 time=477.84 num=0>
<Run 83 expID=3 configID=3 time=477.84 num=0>
<Run 83 expID=3 configID=3 time=477.84 num=0>
<Run 83 expID=3 configID=3 time=477.84 num=0>
<Run 83 expID=3 configID=3 time=477.84 num=0>
<Run 83 expID=3 configID=3 time=477.84 num=0>
<Run 83 expID=3 configID=3 time=477.84 num=0>
<Run 83 expID=3 configID=3 time=477.84 num=0>
<Run 83 expID=3 configID=3 time=477.84 num=0>
<Run 83 expID=3 configID=3 time=477.84 num=0>
<Run 83 expID=3 configID=3 time=477.84 num=0>
<Run 83 expID=3 configID=3 time=477.84 num=0>
<Run 83 expID=3 configID=3 time=477.84 num=0>
<Run 83 expID=3 configID=3 time=477.84 num=0>
<Run 83 expID=3 configID=3 time=477.84 num=0>
<Run 83 expID=3 configID=3 time=477.84 num=0>
<Run 83 expID=3 configID=3 time=477.84 num=0>
<Run 83 expID=3 configID=3 time=477.84 num=0>
<Run 83 expID=3 configID=3 time=477.84 num=0>
<Run 83 expID=3 configID=3 time=477.84 num=0>
<Run 83 expID=3 configID=3 time=477.84 num=0>
<Run 83 expID=3 configID=3 time=477.84 num=0>
<Run 83 expID=3 configID=3 time=477.84 num=0>
<Run 83 expID=3 configID=3 time=477.84 num=0>
<Run 83 expID=3 configID=3 time=477.84 num=0>
<Run 83 expID=3 configID=3 time=477.84 num=0>
<Run 83 expID=3 configID=3 time=477.84 num=0>
<Run 83 expID=3 configID=3 time=477.84 num=0>
<Run 83 expID=3 configID=3 time=477.84 num=0>
<Run 83 expID=3 configID=3 time=477.84 num=0>
<Run 83 expID=3 configID=3 time=477.84 num=0>
<Run 83 expID=3 configID=3 time=477.84 num=0>
<Run 83 expID=3 configID=3 time=477.84 num=0>
<Run 83 expID=3 configID=3 time=477.84 num=0>
<Run 83 expID=3 configID=3 time=477.84 num=0>
<Run 83 expID=3 configID=3 time=477.84 num=0>
<Run 83 expID=3 configID=3 time=477.84 num=0>
<Run 83 expID=3 configID=3 time=477.84 num=0>
<Run 83 expID=3 configID=3 time=477.84 num=0>
<Run 83 expID=3 configID=3 time=477.84 num=0>
<Run 83 expID=3 configID=3 time=477.84 num=0>
<Run 83 expID=3 configID=3 time=477.84 num=0>
<Run 83 expID=3 configID=3 time=477.84 num=0>
<Run 83 expID=3 configID=3 time=477.84 num=0>
<Run 83 expID=3 configID=3 time=477.84 num=0>
<Run 83 expID=3 configID=3 time=477.84 num=0>
<Run 83 expID=3 configID=3 time=477.84 num=0>
<Run 83 expID=3 configID=3 time=477.84 num=0>
<Run 83 expID=3 configID=3 time=477.84 num=0>
<Run 83 expID=3 configID=3 time=477.84 num=0>
<Run 83 expID=3 configID=3 time=477.84 num=0>
<Run 83 expID=3 configID=3 time=477.84 num=0>
<Run 83 expID=3 configID=3 time=477.84 num=0>
<Run 83 expID=3 configID=3 time=477.84 num=0>
<Run 83 expID=3 configID=3 time=477.84 num=0>
<Run 83 expID=3 configID=3 time=477.84 num=0>
<Run 83 expID=3 configID=3 time=477.84 num=0>
<Run 83 expID=3 configID=3 time=477.84 num=0>
<Run 83 expID=3 configID=3 time=477.84 num=0>
<Run 83 expID=3 configID=3 time=477.84 num=0>
<Run 83 expID=3 configID=3 time=477.84 num=0>
<Run 83 expID=3 configID=3 time=477.84 num=0>
<Run 83 expID=3 configID=3 time=477.84 num=0>
<Run 83 expID=3 configID=3 time=477.84 num=0>
<Run 83 expID=3 configID=3 time=477.84 num=0>
<Run 83 expID=3 configID=3 time=477.84 num=0>
<Run 83 expID=3 configID=3 time=477.84 num=0>
<Run 83 expID=3 configID=3 time=477.84 num=0>
<Run 83 expID=3 configID=3 time=477.84 num=0>
<Run 83 expID=3 configID=3 time=477.84 num=0>
<Run 83 expID=3 configID=3 time=477.84 num=0>
<Run 83 expID=3 configID=3 time=477.84 num=0>
<Run 83 expID=3 configID=3 time=477.84 num=0>
<Run 83 expID=3 configID=3 time=477.84 num=0>
<Run 83 expID=3 configID=3 time=477.84 num=0>
<Run 83 expID=3 configID=3 time=477.84 num=0>
<Run 83 expID=3 configID=3 time=477.84 num=0>
<Run 83 expID=3 configID=3 time=477.84 num=0>
<Run 83 expID=3 configID=3 time=477.84 num=0>
<Run 83 expID=3 configID=3 time=477.84 num=0>
<Run 83 expID=3 configID=3 time=477.84 num=0>
<Run 83 expID=3 configID=3 time=477.84 num=0>
<Run 83 expID=3 configID=3 time=477.84 num=0>
<Run 83 expID=3 configID=3 time=477.84 num=0>
<Run 83 expID=3 configID=3 time=477.84 num=0>
<Run 83 expID=3 configID=3 time=477.84 num=0>
<Run 83 expID=3 configID=3 time=477.84 num=0>
<Run 83 expID=3 configID=3 time=477.84 num=0>
<Run 83 expID=3 configID=3 time=477.84 num=0>
<Run 83 expID=3 configID=3 time=477.84 num=0>
<Run 83 expID=3 configID=3 time=477.84 num=0>
<Run 83 expID=3 configID=3 time=477.84 num=0>
<Run 83 expID=3 configID=3 time=477.84 num=0>
<Run 83 expID=3 configID=3 time=477.84 num=0>
<Run 83 expID=3 configID=3 time=477.84 num=0>
<Run 83 expID=3 configID=3 time=477.84 num=0>
<Run 83 expID=3 configID=3 time=477.84 num=0>
<Run 83 expID=3 configID=3 time=477.84 num=0>
<Run 83 expID=3 configID=3 time=477.84 num=0>
<Run 83 expID=3 configID=3 time=477.84 num=0>
<Run 83 expID=3 configID=3 time=477.84 num=0>
<Run 83 expID=3 configID=3 time=477.84 num=0>
<Run 83 expID=3 configID=3 time=477.84 num=0>
<Run 83 expID=3 configID=3 time=477.84 num=0>
<Run 83 expID=3 configID=3 time=477.84 num=0>
<Run 83 expID=3 configID=3 time=477.84 num=0>
<Run 83 expID=3 configID=3 time=477.84 num=0>
<Run 83 expID=3 configID=3 time=477.84 num=0>
<Run 83 expID=3 configID=3 time=477.84 num=0>
<Run 83 expID=3 configID=3 time=477.84 num=0>
<Run 83 expID=3 configID=3 time=477.84 num=0>
<Run 83 expID=3 configID=3 time=477.84 num=0>
<Run 83 expID=3 configID=3 time=477.84 num=0>
<Run 83 expID=3 configID=3 time=477.84 num=0>
<Run 83 expID=3 configID=3 time=477.84 num=0>
<Run 83 expID=3 configID=3 time=477.84 num=0>
<Run 83 expID=3 configID=3 time=477.84 num=0>
<Run 83 expID=3 configID=3 time=477.84 num=0>
<Run 83 expID=3 configID=3 time=477.84 num=0>
<Run 83 expID=3 configID=3 time=477.84 num=0>
<Run 83 expID=3 configID=3 time=477.84 num=0>
<Run 83 expID=3 configID=3 time=477.84 num=0>
<Run 83 expID=3 configID=3 time=477.84 num=0>
<Run 83 expID=3 configID=3 time=477.84 num=0>
<Run 83 expID=3 configID=3 time=477.84 num=0>
<Run 83 expID=3 configID=3 time=477.84 num=0>
<Run 83 expID=3 configID=3 time=477.84 num=0>
<Run 83 expID=3 configID=3 time=477.84 num=0>
<Run 83 expID=3 configID=3 time=477.84 num=0>
<Run 83 expID=3 configID=3 time=477.84 num=0>
<Run 83 expID=3 configID=3 time=477.84 num=0>
<Run 83 expID=3 configID=3 time=477.84 num=0>
<Run 83 expID=3 configID=3 time=477.84 num=0>
<Run 83 expID=3 configID=3 time=477.84 num=0>
<Run 83 expID=3 configID=3 time=477.84 num=0>
<Run 83 expID=3 configID=3 time=477.84 num=0>
<Run 83 expID=3 configID=3 time=477.84 num=0>
<Run 83 expID=3 configID=3 time=477.84 num=0>
<Run 83 expID=3 configID=3 time=477.84 num=0>
<Run 83 expID=3 configID=3 time=477.84 num=0>
<Run 83 expID=3 configID=3 time=477.84 num=0>
<Run 83 expID=3 configID=3 time=477.84 num=0>
<Run 83 expID=3 configID=3 time=477.84 num=0>
<Run 83 expID=3 configID=3 time=477.84 num=0>
<Run 83 expID=3 configID=3 time=477.84 num=0>
<Run 83 expID=3 configID=3 time=477.84 num=0>
<Run 83 expID=3 configID=3 time=477.84 num=0>
<Run 83 expID=3 configID=3 time=477.84 num=0>
<Run 83 expID=3 configID=3 time=477.84 num=0>
<Run 83 expID=3 configID=3 time=477.84 num=0>
<Run 83 expID=3 configID=3 time=477.84 num=0>
<Run 83 expID=3 configID=3 time=477.84 num=0>
<Run 83 expID=3 configID=3 time=477.84 num=0>
<Run 83 expID=3 configID=3 time=477.84 num=0>
<Run 83 expID=3 configID=3 time=477.84 num=0>
<Run 83 expID=3 configID=3 time=477.84 num=0>
<Run 83 expID=3 configID=3 time=477.84 num=0>
<Run 83 expID=3 configID=3 time=477.84 num=0>
<Run 83 expID=3 configID=3 time=477.84 num=0>
<Run 83 expID=3 configID=3 time=477.84 num=0>
<Run 83 expID=3 configID=3 time=477.84 num=0>
<Run 83 expID=3 configID=3 time=477.84 num=0>
<Run 83 expID=3 configID=3 time=477.84 num=0>
<Run 83 expID=3 configID=3 time=477.84 num=0>
<Run 83 expID=3 configID=3 time=477.84 num=0>
<Run 83 expID=3 configID=3 time=477.84 num=0>
<Run 83 expID=3 configID=3 time=477.84 num=0>
<Run 83 expID=3 configID=3 time=477.84 num=0>
<Run 83 expID=3 configID=3 time=477.84 num=0>
<Run 83 expID=3 configID=3 time=477.84 num=0>
<Run 83 expID=3 configID=3 time=477.84 num=0>
<Run 83 expID=3 configID=3 time=477.84 num=0>
<Run 83 expID=3 configID=3 time=477.84 num=0>
<Run 83 expID=3 configID=3 time=477.84 num=0>
<Run 83 expID=3 configID=3 time=477.84 num=0>
<Run 83 expID=3 configID=3 time=477.84 num=0>
<Run 83 expID=3 configID=3 time=477.84 num=0>
<Run 83 expID=3 configID=3 time=477.84 num=0>
<Run 83 expID=3 configID=3 time=477.84 num=0>
<Run 83 expID=3 configID=3 time=477.84 num=0>
<Run 83 expID=3 configID=3 time=477.84 num=0>
<Run 83 expID=3 configID=3 time=477.84 num=0>
<Run 83 expID=3 configID=3 time=477.84 num=0>
<Run 83 expID=3 configID=3 time=477.84 num=0>
<Run 83 expID=3 configID=3 time=477.84 num=0>
<Run 83 expID=3 configID=3 time=477.84 num=0>
<Run 83 expID=3 configID=3 time=477.84 num=0>
<Run 83 expID=3 configID=3 time=477.84 num=0>
<Run 83 expID=3 configID=3 time=477.84 num=0>
<Run 83 expID=3 configID=3 time=477.84 num=0>
<Run 83 expID=3 configID=3 time=477.84 num=0>
<Run 83 expID=3 configID=3 time=477.84 num=0>
<Run 83 expID=3 configID=3 time=477.84 num=0>
<Run 83 expID=3 configID=3 time=477.84 num=0>
<Run 83 expID=3 configID=3 time=477.84 num=0>
<Run 83 expID=3 configID=3 time=477.84 num=0>
<Run 83 expID=3 configID=3 time=477.84 num=0>
<Run 83 expID=3 configID=3 time=477.84 num=0>
<Run 83 expID=3 configID=3 time=477.84 num=0>
<Run 83 expID=3 configID=3 time=477.84 num=0>
<Run 83 expID=3 configID=3 time=477.84 num=0>
<Run 83 expID=3 configID=3 time=477.84 num=0>
<Run 83 expID=3 configID=3 time=477.84 num=0>
<Run 83 expID=3 configID=3 time=477.84 num=0>
<Run 83 expID=3 configID=3 time=453.1027260648 num=1>
total cost:  3638.63639797
Got result 8.199364

Job file reloaded.
Completed successfully in 7964.08 seconds. [8.199364]
setting job 13 complete
set...
