Running in wrapper mode for '20057'

Running python job.

[u'm1'] [u'xlarge'] [16]
terasort
/home/vode/pj/cherrypick-sandbox/spearmint/examples/typeca/experiment.txt
experiment:  <Experiment 1 name='terasort' count=0>
runs:  [<Run 24 expID=1 configID=24 time=54.62 num=1>]
<Run 24 expID=1 configID=24 time=54.62 num=0>
<Run 24 expID=1 configID=24 time=54.62 num=0>
<Run 24 expID=1 configID=24 time=54.62 num=0>
<Run 24 expID=1 configID=24 time=54.62 num=1>
<Run 24 expID=1 configID=24 time=54.62 num=1>
testdfsio
/home/vode/pj/cherrypick-sandbox/spearmint/examples/typeca/experiment.txt
experiment:  <Experiment 2 name='testdfsio' count=0>
runs:  [<Run 64 expID=2 configID=24 time=39.02 num=1>]
<Run 64 expID=2 configID=24 time=39.02 num=1>
<Run 64 expID=2 configID=24 time=39.02 num=1>
kmeans
/home/vode/pj/cherrypick-sandbox/spearmint/examples/typeca/experiment.txt
experiment:  <Experiment 4 name='kmeans' count=0>
runs:  [<Run 144 expID=4 configID=24 time=294.76 num=1>]
total cost:  2793.21678233
Got result 7.934949

Job file reloaded.
Completed successfully in 35.11 seconds. [7.934949]
setting job 20057 complete
set...
Running in wrapper mode for '20057'

Running python job.

[u'm1'] [u'xlarge'] [16]
terasort
/home/qh/Documents/cherrypick-sandbox/spearmint/examples/typeca/experiment.txt
experiment:  <Experiment 1 name='terasort' count=0>
runs:  [<Run 24 expID=1 configID=24 time=54.62 num=0>]
<Run 24 expID=1 configID=24 time=54.62 num=0>
<Run 24 expID=1 configID=24 time=54.62 num=0>
<Run 24 expID=1 configID=24 time=54.62 num=0>
<Run 24 expID=1 configID=24 time=54.62 num=0>
<Run 24 expID=1 configID=24 time=54.62 num=0>
<Run 24 expID=1 configID=24 time=54.62 num=0>
<Run 24 expID=1 configID=24 time=54.62 num=0>
<Run 24 expID=1 configID=24 time=54.62 num=0>
<Run 24 expID=1 configID=24 time=54.62 num=0>
<Run 24 expID=1 configID=24 time=54.62 num=0>
<Run 24 expID=1 configID=24 time=54.62 num=0>
<Run 24 expID=1 configID=24 time=54.62 num=0>
<Run 24 expID=1 configID=24 time=54.62 num=0>
<Run 24 expID=1 configID=24 time=54.62 num=0>
<Run 24 expID=1 configID=24 time=54.62 num=0>
<Run 24 expID=1 configID=24 time=54.62 num=0>
<Run 24 expID=1 configID=24 time=54.62 num=0>
<Run 24 expID=1 configID=24 time=54.62 num=0>
<Run 24 expID=1 configID=24 time=54.62 num=0>
<Run 24 expID=1 configID=24 time=54.62 num=0>
<Run 24 expID=1 configID=24 time=54.62 num=0>
<Run 24 expID=1 configID=24 time=54.62 num=0>
<Run 24 expID=1 configID=24 time=54.62 num=0>
<Run 24 expID=1 configID=24 time=54.62 num=0>
<Run 24 expID=1 configID=24 time=54.62 num=0>
<Run 24 expID=1 configID=24 time=54.62 num=0>
<Run 24 expID=1 configID=24 time=54.62 num=0>
<Run 24 expID=1 configID=24 time=54.62 num=0>
<Run 24 expID=1 configID=24 time=54.62 num=0>
<Run 24 expID=1 configID=24 time=54.62 num=0>
<Run 24 expID=1 configID=24 time=54.62 num=0>
<Run 24 expID=1 configID=24 time=54.62 num=0>
<Run 24 expID=1 configID=24 time=54.62 num=0>
<Run 24 expID=1 configID=24 time=54.62 num=0>
<Run 24 expID=1 configID=24 time=54.62 num=0>
<Run 24 expID=1 configID=24 time=54.62 num=0>
<Run 24 expID=1 configID=24 time=54.62 num=0>
<Run 24 expID=1 configID=24 time=54.62 num=0>
<Run 24 expID=1 configID=24 time=54.62 num=0>
<Run 24 expID=1 configID=24 time=54.62 num=0>
<Run 24 expID=1 configID=24 time=54.62 num=0>
<Run 24 expID=1 configID=24 time=78.482 num=1>
<Run 24 expID=1 configID=24 time=78.482 num=0>
<Run 24 expID=1 configID=24 time=78.482 num=0>
<Run 24 expID=1 configID=24 time=78.482 num=0>
<Run 24 expID=1 configID=24 time=78.482 num=0>
<Run 24 expID=1 configID=24 time=78.482 num=0>
<Run 24 expID=1 configID=24 time=78.482 num=0>
<Run 24 expID=1 configID=24 time=78.482 num=0>
<Run 24 expID=1 configID=24 time=78.482 num=0>
<Run 24 expID=1 configID=24 time=78.482 num=0>
<Run 24 expID=1 configID=24 time=78.482 num=0>
<Run 24 expID=1 configID=24 time=78.482 num=0>
<Run 24 expID=1 configID=24 time=78.482 num=0>
<Run 24 expID=1 configID=24 time=78.482 num=0>
<Run 24 expID=1 configID=24 time=78.482 num=0>
<Run 24 expID=1 configID=24 time=78.482 num=0>
<Run 24 expID=1 configID=24 time=78.482 num=0>
<Run 24 expID=1 configID=24 time=78.482 num=0>
<Run 24 expID=1 configID=24 time=78.482 num=0>
<Run 24 expID=1 configID=24 time=78.482 num=0>
<Run 24 expID=1 configID=24 time=78.482 num=0>
<Run 24 expID=1 configID=24 time=78.482 num=0>
<Run 24 expID=1 configID=24 time=78.482 num=0>
<Run 24 expID=1 configID=24 time=78.482 num=0>
<Run 24 expID=1 configID=24 time=78.482 num=0>
<Run 24 expID=1 configID=24 time=78.482 num=0>
<Run 24 expID=1 configID=24 time=78.482 num=0>
<Run 24 expID=1 configID=24 time=78.482 num=0>
<Run 24 expID=1 configID=24 time=78.482 num=0>
<Run 24 expID=1 configID=24 time=78.482 num=0>
<Run 24 expID=1 configID=24 time=78.482 num=0>
<Run 24 expID=1 configID=24 time=78.482 num=0>
<Run 24 expID=1 configID=24 time=78.482 num=0>
<Run 24 expID=1 configID=24 time=78.482 num=0>
<Run 24 expID=1 configID=24 time=78.482 num=0>
<Run 24 expID=1 configID=24 time=78.482 num=0>
<Run 24 expID=1 configID=24 time=78.482 num=0>
<Run 24 expID=1 configID=24 time=78.482 num=0>
<Run 24 expID=1 configID=24 time=78.482 num=0>
<Run 24 expID=1 configID=24 time=78.482 num=0>
<Run 24 expID=1 configID=24 time=78.482 num=0>
<Run 24 expID=1 configID=24 time=78.482 num=0>
<Run 24 expID=1 configID=24 time=78.482 num=0>
<Run 24 expID=1 configID=24 time=78.482 num=0>
<Run 24 expID=1 configID=24 time=78.482 num=0>
<Run 24 expID=1 configID=24 time=78.482 num=0>
<Run 24 expID=1 configID=24 time=78.482 num=0>
<Run 24 expID=1 configID=24 time=78.482 num=0>
<Run 24 expID=1 configID=24 time=78.482 num=0>
<Run 24 expID=1 configID=24 time=76.9388 num=1>
<Run 24 expID=1 configID=24 time=76.9388 num=0>
<Run 24 expID=1 configID=24 time=76.9388 num=0>
<Run 24 expID=1 configID=24 time=76.9388 num=0>
<Run 24 expID=1 configID=24 time=76.9388 num=0>
<Run 24 expID=1 configID=24 time=76.9388 num=0>
<Run 24 expID=1 configID=24 time=76.9388 num=0>
<Run 24 expID=1 configID=24 time=76.9388 num=0>
<Run 24 expID=1 configID=24 time=76.9388 num=0>
<Run 24 expID=1 configID=24 time=76.9388 num=0>
<Run 24 expID=1 configID=24 time=76.9388 num=0>
<Run 24 expID=1 configID=24 time=76.9388 num=0>
<Run 24 expID=1 configID=24 time=76.9388 num=0>
<Run 24 expID=1 configID=24 time=76.9388 num=0>
<Run 24 expID=1 configID=24 time=76.9388 num=0>
<Run 24 expID=1 configID=24 time=76.9388 num=0>
<Run 24 expID=1 configID=24 time=76.9388 num=0>
<Run 24 expID=1 configID=24 time=76.9388 num=0>
<Run 24 expID=1 configID=24 time=76.9388 num=0>
<Run 24 expID=1 configID=24 time=76.9388 num=0>
<Run 24 expID=1 configID=24 time=76.9388 num=0>
<Run 24 expID=1 configID=24 time=76.9388 num=0>
<Run 24 expID=1 configID=24 time=76.9388 num=0>
<Run 24 expID=1 configID=24 time=76.9388 num=0>
<Run 24 expID=1 configID=24 time=76.9388 num=0>
<Run 24 expID=1 configID=24 time=76.9388 num=0>
<Run 24 expID=1 configID=24 time=76.9388 num=0>
<Run 24 expID=1 configID=24 time=76.9388 num=0>
<Run 24 expID=1 configID=24 time=76.9388 num=0>
<Run 24 expID=1 configID=24 time=76.9388 num=0>
<Run 24 expID=1 configID=24 time=76.9388 num=0>
<Run 24 expID=1 configID=24 time=76.9388 num=0>
<Run 24 expID=1 configID=24 time=76.9388 num=0>
<Run 24 expID=1 configID=24 time=76.9388 num=0>
<Run 24 expID=1 configID=24 time=76.9388 num=0>
<Run 24 expID=1 configID=24 time=76.9388 num=0>
<Run 24 expID=1 configID=24 time=76.9388 num=0>
<Run 24 expID=1 configID=24 time=66.54151999999999 num=1>
<Run 24 expID=1 configID=24 time=66.54151999999999 num=0>
<Run 24 expID=1 configID=24 time=66.54151999999999 num=0>
<Run 24 expID=1 configID=24 time=66.54151999999999 num=0>
<Run 24 expID=1 configID=24 time=66.54151999999999 num=0>
<Run 24 expID=1 configID=24 time=66.54151999999999 num=0>
<Run 24 expID=1 configID=24 time=66.54151999999999 num=0>
<Run 24 expID=1 configID=24 time=66.54151999999999 num=0>
<Run 24 expID=1 configID=24 time=66.54151999999999 num=0>
<Run 24 expID=1 configID=24 time=66.54151999999999 num=0>
<Run 24 expID=1 configID=24 time=66.54151999999999 num=0>
<Run 24 expID=1 configID=24 time=66.54151999999999 num=0>
<Run 24 expID=1 configID=24 time=66.54151999999999 num=0>
<Run 24 expID=1 configID=24 time=66.54151999999999 num=0>
<Run 24 expID=1 configID=24 time=66.54151999999999 num=0>
<Run 24 expID=1 configID=24 time=66.54151999999999 num=0>
<Run 24 expID=1 configID=24 time=66.54151999999999 num=0>
<Run 24 expID=1 configID=24 time=66.54151999999999 num=0>
<Run 24 expID=1 configID=24 time=66.54151999999999 num=0>
<Run 24 expID=1 configID=24 time=66.54151999999999 num=0>
<Run 24 expID=1 configID=24 time=66.54151999999999 num=0>
<Run 24 expID=1 configID=24 time=66.54151999999999 num=0>
<Run 24 expID=1 configID=24 time=66.54151999999999 num=0>
<Run 24 expID=1 configID=24 time=66.54151999999999 num=0>
<Run 24 expID=1 configID=24 time=66.54151999999999 num=0>
<Run 24 expID=1 configID=24 time=66.54151999999999 num=0>
<Run 24 expID=1 configID=24 time=66.54151999999999 num=0>
<Run 24 expID=1 configID=24 time=66.54151999999999 num=0>
<Run 24 expID=1 configID=24 time=66.54151999999999 num=0>
<Run 24 expID=1 configID=24 time=66.54151999999999 num=0>
<Run 24 expID=1 configID=24 time=66.54151999999999 num=0>
<Run 24 expID=1 configID=24 time=66.54151999999999 num=0>
<Run 24 expID=1 configID=24 time=66.54151999999999 num=0>
<Run 24 expID=1 configID=24 time=66.54151999999999 num=0>
<Run 24 expID=1 configID=24 time=66.54151999999999 num=0>
<Run 24 expID=1 configID=24 time=61.482608 num=1>
<Run 24 expID=1 configID=24 time=61.482608 num=0>
<Run 24 expID=1 configID=24 time=61.482608 num=0>
<Run 24 expID=1 configID=24 time=61.482608 num=0>
<Run 24 expID=1 configID=24 time=61.482608 num=0>
<Run 24 expID=1 configID=24 time=61.482608 num=0>
<Run 24 expID=1 configID=24 time=61.482608 num=0>
<Run 24 expID=1 configID=24 time=61.482608 num=0>
<Run 24 expID=1 configID=24 time=61.482608 num=0>
<Run 24 expID=1 configID=24 time=61.482608 num=0>
<Run 24 expID=1 configID=24 time=61.482608 num=0>
<Run 24 expID=1 configID=24 time=61.482608 num=0>
<Run 24 expID=1 configID=24 time=61.482608 num=0>
<Run 24 expID=1 configID=24 time=61.482608 num=0>
<Run 24 expID=1 configID=24 time=61.482608 num=0>
<Run 24 expID=1 configID=24 time=61.482608 num=0>
<Run 24 expID=1 configID=24 time=61.482608 num=0>
<Run 24 expID=1 configID=24 time=61.482608 num=0>
<Run 24 expID=1 configID=24 time=61.482608 num=0>
<Run 24 expID=1 configID=24 time=61.482608 num=0>
<Run 24 expID=1 configID=24 time=61.482608 num=0>
<Run 24 expID=1 configID=24 time=61.482608 num=0>
<Run 24 expID=1 configID=24 time=61.482608 num=0>
<Run 24 expID=1 configID=24 time=61.482608 num=0>
<Run 24 expID=1 configID=24 time=61.482608 num=0>
<Run 24 expID=1 configID=24 time=61.482608 num=0>
<Run 24 expID=1 configID=24 time=61.482608 num=0>
<Run 24 expID=1 configID=24 time=61.482608 num=0>
<Run 24 expID=1 configID=24 time=61.482608 num=0>
<Run 24 expID=1 configID=24 time=61.482608 num=0>
<Run 24 expID=1 configID=24 time=61.482608 num=0>
<Run 24 expID=1 configID=24 time=61.482608 num=0>
<Run 24 expID=1 configID=24 time=61.482608 num=0>
<Run 24 expID=1 configID=24 time=61.482608 num=0>
<Run 24 expID=1 configID=24 time=61.482608 num=0>
<Run 24 expID=1 configID=24 time=61.482608 num=0>
<Run 24 expID=1 configID=24 time=61.482608 num=0>
<Run 24 expID=1 configID=24 time=61.482608 num=0>
<Run 24 expID=1 configID=24 time=63.78504319999999 num=1>
testdfsio
/home/qh/Documents/cherrypick-sandbox/spearmint/examples/typeca/experiment.txt
experiment:  <Experiment 2 name='testdfsio' count=0>
runs:  [<Run 64 expID=2 configID=24 time=39.02 num=0>]
<Run 64 expID=2 configID=24 time=39.02 num=0>
<Run 64 expID=2 configID=24 time=39.02 num=0>
<Run 64 expID=2 configID=24 time=39.02 num=0>
<Run 64 expID=2 configID=24 time=39.02 num=0>
<Run 64 expID=2 configID=24 time=39.02 num=0>
<Run 64 expID=2 configID=24 time=39.02 num=0>
<Run 64 expID=2 configID=24 time=39.02 num=0>
<Run 64 expID=2 configID=24 time=39.02 num=0>
<Run 64 expID=2 configID=24 time=39.02 num=0>
<Run 64 expID=2 configID=24 time=39.02 num=0>
<Run 64 expID=2 configID=24 time=39.02 num=0>
<Run 64 expID=2 configID=24 time=39.02 num=0>
<Run 64 expID=2 configID=24 time=39.02 num=0>
<Run 64 expID=2 configID=24 time=39.02 num=0>
<Run 64 expID=2 configID=24 time=39.02 num=0>
<Run 64 expID=2 configID=24 time=39.02 num=0>
<Run 64 expID=2 configID=24 time=39.02 num=0>
<Run 64 expID=2 configID=24 time=39.02 num=0>
<Run 64 expID=2 configID=24 time=39.02 num=0>
<Run 64 expID=2 configID=24 time=39.02 num=0>
<Run 64 expID=2 configID=24 time=39.02 num=0>
<Run 64 expID=2 configID=24 time=39.02 num=0>
<Run 64 expID=2 configID=24 time=39.02 num=0>
<Run 64 expID=2 configID=24 time=39.02 num=0>
<Run 64 expID=2 configID=24 time=39.02 num=0>
<Run 64 expID=2 configID=24 time=39.02 num=0>
<Run 64 expID=2 configID=24 time=40.424 num=1>
<Run 64 expID=2 configID=24 time=40.424 num=0>
<Run 64 expID=2 configID=24 time=40.424 num=0>
<Run 64 expID=2 configID=24 time=40.424 num=0>
<Run 64 expID=2 configID=24 time=40.424 num=0>
<Run 64 expID=2 configID=24 time=40.424 num=0>
<Run 64 expID=2 configID=24 time=40.424 num=0>
<Run 64 expID=2 configID=24 time=40.424 num=0>
<Run 64 expID=2 configID=24 time=40.424 num=0>
<Run 64 expID=2 configID=24 time=40.424 num=0>
<Run 64 expID=2 configID=24 time=40.424 num=0>
<Run 64 expID=2 configID=24 time=40.424 num=0>
<Run 64 expID=2 configID=24 time=40.424 num=0>
<Run 64 expID=2 configID=24 time=40.424 num=0>
<Run 64 expID=2 configID=24 time=40.424 num=0>
<Run 64 expID=2 configID=24 time=40.424 num=0>
<Run 64 expID=2 configID=24 time=40.424 num=0>
<Run 64 expID=2 configID=24 time=40.424 num=0>
<Run 64 expID=2 configID=24 time=40.424 num=0>
<Run 64 expID=2 configID=24 time=40.424 num=0>
<Run 64 expID=2 configID=24 time=40.424 num=0>
<Run 64 expID=2 configID=24 time=40.424 num=0>
<Run 64 expID=2 configID=24 time=40.424 num=0>
<Run 64 expID=2 configID=24 time=40.424 num=0>
<Run 64 expID=2 configID=24 time=40.424 num=0>
<Run 64 expID=2 configID=24 time=40.424 num=0>
<Run 64 expID=2 configID=24 time=40.424 num=0>
<Run 64 expID=2 configID=24 time=40.424 num=0>
<Run 64 expID=2 configID=24 time=37.1396 num=1>
<Run 64 expID=2 configID=24 time=37.1396 num=0>
<Run 64 expID=2 configID=24 time=37.1396 num=0>
<Run 64 expID=2 configID=24 time=37.1396 num=0>
<Run 64 expID=2 configID=24 time=37.1396 num=0>
<Run 64 expID=2 configID=24 time=37.1396 num=0>
<Run 64 expID=2 configID=24 time=37.1396 num=0>
<Run 64 expID=2 configID=24 time=37.1396 num=0>
<Run 64 expID=2 configID=24 time=37.1396 num=0>
<Run 64 expID=2 configID=24 time=37.1396 num=0>
<Run 64 expID=2 configID=24 time=37.1396 num=0>
<Run 64 expID=2 configID=24 time=37.1396 num=0>
<Run 64 expID=2 configID=24 time=37.1396 num=0>
<Run 64 expID=2 configID=24 time=37.1396 num=0>
<Run 64 expID=2 configID=24 time=37.1396 num=0>
<Run 64 expID=2 configID=24 time=37.1396 num=0>
<Run 64 expID=2 configID=24 time=37.1396 num=0>
<Run 64 expID=2 configID=24 time=37.1396 num=0>
<Run 64 expID=2 configID=24 time=37.1396 num=0>
<Run 64 expID=2 configID=24 time=37.1396 num=0>
<Run 64 expID=2 configID=24 time=37.1396 num=0>
<Run 64 expID=2 configID=24 time=37.1396 num=0>
<Run 64 expID=2 configID=24 time=37.1396 num=0>
<Run 64 expID=2 configID=24 time=37.1396 num=0>
<Run 64 expID=2 configID=24 time=37.1396 num=0>
<Run 64 expID=2 configID=24 time=37.1396 num=0>
<Run 64 expID=2 configID=24 time=37.1396 num=0>
<Run 64 expID=2 configID=24 time=37.1396 num=0>
<Run 64 expID=2 configID=24 time=37.1396 num=0>
<Run 64 expID=2 configID=24 time=35.98784 num=1>
<Run 64 expID=2 configID=24 time=35.98784 num=0>
<Run 64 expID=2 configID=24 time=35.98784 num=0>
<Run 64 expID=2 configID=24 time=35.98784 num=0>
<Run 64 expID=2 configID=24 time=35.98784 num=0>
<Run 64 expID=2 configID=24 time=35.98784 num=0>
<Run 64 expID=2 configID=24 time=35.98784 num=0>
<Run 64 expID=2 configID=24 time=35.98784 num=0>
<Run 64 expID=2 configID=24 time=35.98784 num=0>
<Run 64 expID=2 configID=24 time=35.98784 num=0>
<Run 64 expID=2 configID=24 time=35.98784 num=0>
<Run 64 expID=2 configID=24 time=35.98784 num=0>
<Run 64 expID=2 configID=24 time=35.98784 num=0>
<Run 64 expID=2 configID=24 time=35.98784 num=0>
<Run 64 expID=2 configID=24 time=35.98784 num=0>
<Run 64 expID=2 configID=24 time=35.98784 num=0>
<Run 64 expID=2 configID=24 time=35.98784 num=0>
<Run 64 expID=2 configID=24 time=35.98784 num=0>
<Run 64 expID=2 configID=24 time=35.98784 num=0>
<Run 64 expID=2 configID=24 time=35.98784 num=0>
<Run 64 expID=2 configID=24 time=35.98784 num=0>
<Run 64 expID=2 configID=24 time=35.98784 num=0>
<Run 64 expID=2 configID=24 time=35.98784 num=0>
<Run 64 expID=2 configID=24 time=35.98784 num=0>
<Run 64 expID=2 configID=24 time=35.98784 num=0>
<Run 64 expID=2 configID=24 time=35.98784 num=0>
<Run 64 expID=2 configID=24 time=35.98784 num=0>
<Run 64 expID=2 configID=24 time=35.98784 num=0>
<Run 64 expID=2 configID=24 time=35.98784 num=0>
<Run 64 expID=2 configID=24 time=35.98784 num=0>
<Run 64 expID=2 configID=24 time=35.98784 num=0>
<Run 64 expID=2 configID=24 time=35.98784 num=0>
<Run 64 expID=2 configID=24 time=35.98784 num=0>
<Run 64 expID=2 configID=24 time=35.98784 num=0>
<Run 64 expID=2 configID=24 time=35.98784 num=0>
<Run 64 expID=2 configID=24 time=35.98784 num=0>
<Run 64 expID=2 configID=24 time=35.98784 num=0>
<Run 64 expID=2 configID=24 time=35.98784 num=0>
<Run 64 expID=2 configID=24 time=35.98784 num=0>
<Run 64 expID=2 configID=24 time=35.98784 num=0>
<Run 64 expID=2 configID=24 time=35.98784 num=0>
<Run 64 expID=2 configID=24 time=35.98784 num=0>
<Run 64 expID=2 configID=24 time=35.98784 num=0>
<Run 64 expID=2 configID=24 time=35.98784 num=0>
<Run 64 expID=2 configID=24 time=35.98784 num=0>
<Run 64 expID=2 configID=24 time=35.98784 num=0>
<Run 64 expID=2 configID=24 time=35.98784 num=0>
<Run 64 expID=2 configID=24 time=35.98784 num=0>
<Run 64 expID=2 configID=24 time=35.98784 num=0>
<Run 64 expID=2 configID=24 time=35.98784 num=0>
<Run 64 expID=2 configID=24 time=35.98784 num=0>
<Run 64 expID=2 configID=24 time=35.98784 num=0>
<Run 64 expID=2 configID=24 time=35.98784 num=0>
<Run 64 expID=2 configID=24 time=35.98784 num=0>
<Run 64 expID=2 configID=24 time=35.98784 num=0>
<Run 64 expID=2 configID=24 time=35.98784 num=0>
<Run 64 expID=2 configID=24 time=35.98784 num=0>
<Run 64 expID=2 configID=24 time=35.98784 num=0>
<Run 64 expID=2 configID=24 time=35.98784 num=0>
<Run 64 expID=2 configID=24 time=35.98784 num=0>
<Run 64 expID=2 configID=24 time=35.98784 num=0>
<Run 64 expID=2 configID=24 time=35.98784 num=0>
<Run 64 expID=2 configID=24 time=35.98784 num=0>
<Run 64 expID=2 configID=24 time=35.98784 num=0>
<Run 64 expID=2 configID=24 time=35.98784 num=0>
<Run 64 expID=2 configID=24 time=35.98784 num=0>
<Run 64 expID=2 configID=24 time=35.98784 num=0>
<Run 64 expID=2 configID=24 time=35.98784 num=0>
<Run 64 expID=2 configID=24 time=35.98784 num=0>
<Run 64 expID=2 configID=24 time=35.98784 num=0>
<Run 64 expID=2 configID=24 time=35.98784 num=0>
<Run 64 expID=2 configID=24 time=35.98784 num=0>
<Run 64 expID=2 configID=24 time=35.98784 num=0>
<Run 64 expID=2 configID=24 time=35.98784 num=0>
<Run 64 expID=2 configID=24 time=35.98784 num=0>
<Run 64 expID=2 configID=24 time=35.98784 num=0>
<Run 64 expID=2 configID=24 time=35.98784 num=0>
<Run 64 expID=2 configID=24 time=35.98784 num=0>
<Run 64 expID=2 configID=24 time=35.98784 num=0>
<Run 64 expID=2 configID=24 time=35.98784 num=0>
<Run 64 expID=2 configID=24 time=35.98784 num=0>
<Run 64 expID=2 configID=24 time=35.98784 num=0>
<Run 64 expID=2 configID=24 time=35.98784 num=0>
<Run 64 expID=2 configID=24 time=35.98784 num=0>
<Run 64 expID=2 configID=24 time=35.98784 num=0>
<Run 64 expID=2 configID=24 time=35.98784 num=0>
<Run 64 expID=2 configID=24 time=35.98784 num=0>
<Run 64 expID=2 configID=24 time=35.98784 num=0>
<Run 64 expID=2 configID=24 time=35.98784 num=0>
<Run 64 expID=2 configID=24 time=35.98784 num=0>
<Run 64 expID=2 configID=24 time=35.98784 num=0>
<Run 64 expID=2 configID=24 time=35.98784 num=0>
<Run 64 expID=2 configID=24 time=35.98784 num=0>
<Run 64 expID=2 configID=24 time=35.98784 num=0>
<Run 64 expID=2 configID=24 time=35.98784 num=0>
<Run 64 expID=2 configID=24 time=35.98784 num=0>
<Run 64 expID=2 configID=24 time=35.98784 num=0>
<Run 64 expID=2 configID=24 time=35.98784 num=0>
<Run 64 expID=2 configID=24 time=35.98784 num=0>
<Run 64 expID=2 configID=24 time=35.98784 num=0>
<Run 64 expID=2 configID=24 time=35.98784 num=0>
<Run 64 expID=2 configID=24 time=35.98784 num=0>
<Run 64 expID=2 configID=24 time=35.98784 num=0>
<Run 64 expID=2 configID=24 time=35.98784 num=0>
<Run 64 expID=2 configID=24 time=35.98784 num=0>
<Run 64 expID=2 configID=24 time=35.98784 num=0>
<Run 64 expID=2 configID=24 time=35.98784 num=0>
<Run 64 expID=2 configID=24 time=35.98784 num=0>
<Run 64 expID=2 configID=24 time=35.98784 num=0>
<Run 64 expID=2 configID=24 time=35.98784 num=0>
<Run 64 expID=2 configID=24 time=35.98784 num=0>
<Run 64 expID=2 configID=24 time=35.98784 num=0>
<Run 64 expID=2 configID=24 time=35.98784 num=0>
<Run 64 expID=2 configID=24 time=35.98784 num=0>
<Run 64 expID=2 configID=24 time=35.98784 num=0>
<Run 64 expID=2 configID=24 time=35.98784 num=0>
<Run 64 expID=2 configID=24 time=35.98784 num=0>
<Run 64 expID=2 configID=24 time=35.98784 num=0>
<Run 64 expID=2 configID=24 time=35.98784 num=0>
<Run 64 expID=2 configID=24 time=35.98784 num=0>
<Run 64 expID=2 configID=24 time=35.98784 num=0>
<Run 64 expID=2 configID=24 time=35.98784 num=0>
<Run 64 expID=2 configID=24 time=35.98784 num=0>
<Run 64 expID=2 configID=24 time=35.98784 num=0>
<Run 64 expID=2 configID=24 time=35.98784 num=0>
<Run 64 expID=2 configID=24 time=35.98784 num=0>
<Run 64 expID=2 configID=24 time=35.98784 num=0>
<Run 64 expID=2 configID=24 time=35.98784 num=0>
<Run 64 expID=2 configID=24 time=35.98784 num=0>
<Run 64 expID=2 configID=24 time=35.98784 num=0>
<Run 64 expID=2 configID=24 time=35.98784 num=0>
<Run 64 expID=2 configID=24 time=35.98784 num=0>
<Run 64 expID=2 configID=24 time=35.98784 num=0>
<Run 64 expID=2 configID=24 time=35.98784 num=0>
<Run 64 expID=2 configID=24 time=35.98784 num=0>
<Run 64 expID=2 configID=24 time=35.98784 num=0>
<Run 64 expID=2 configID=24 time=35.98784 num=0>
<Run 64 expID=2 configID=24 time=35.98784 num=0>
<Run 64 expID=2 configID=24 time=35.98784 num=0>
<Run 64 expID=2 configID=24 time=35.98784 num=0>
<Run 64 expID=2 configID=24 time=35.98784 num=0>
<Run 64 expID=2 configID=24 time=35.98784 num=0>
<Run 64 expID=2 configID=24 time=35.98784 num=0>
<Run 64 expID=2 configID=24 time=35.98784 num=0>
<Run 64 expID=2 configID=24 time=35.98784 num=0>
<Run 64 expID=2 configID=24 time=35.98784 num=0>
<Run 64 expID=2 configID=24 time=35.98784 num=0>
<Run 64 expID=2 configID=24 time=35.98784 num=0>
<Run 64 expID=2 configID=24 time=35.98784 num=0>
<Run 64 expID=2 configID=24 time=35.98784 num=0>
<Run 64 expID=2 configID=24 time=35.98784 num=0>
<Run 64 expID=2 configID=24 time=35.98784 num=0>
<Run 64 expID=2 configID=24 time=35.98784 num=0>
<Run 64 expID=2 configID=24 time=35.98784 num=0>
<Run 64 expID=2 configID=24 time=35.98784 num=0>
<Run 64 expID=2 configID=24 time=35.98784 num=0>
<Run 64 expID=2 configID=24 time=35.98784 num=0>
<Run 64 expID=2 configID=24 time=35.98784 num=0>
<Run 64 expID=2 configID=24 time=35.98784 num=0>
<Run 64 expID=2 configID=24 time=35.98784 num=0>
<Run 64 expID=2 configID=24 time=35.98784 num=0>
<Run 64 expID=2 configID=24 time=35.98784 num=0>
<Run 64 expID=2 configID=24 time=35.98784 num=0>
<Run 64 expID=2 configID=24 time=35.98784 num=0>
<Run 64 expID=2 configID=24 time=35.98784 num=0>
<Run 64 expID=2 configID=24 time=35.98784 num=0>
<Run 64 expID=2 configID=24 time=35.98784 num=0>
<Run 64 expID=2 configID=24 time=35.98784 num=0>
<Run 64 expID=2 configID=24 time=35.98784 num=0>
<Run 64 expID=2 configID=24 time=35.98784 num=0>
<Run 64 expID=2 configID=24 time=35.98784 num=0>
<Run 64 expID=2 configID=24 time=35.98784 num=0>
<Run 64 expID=2 configID=24 time=35.98784 num=0>
<Run 64 expID=2 configID=24 time=35.98784 num=0>
<Run 64 expID=2 configID=24 time=35.98784 num=0>
<Run 64 expID=2 configID=24 time=35.98784 num=0>
<Run 64 expID=2 configID=24 time=35.98784 num=0>
<Run 64 expID=2 configID=24 time=35.98784 num=0>
<Run 64 expID=2 configID=24 time=35.98784 num=0>
<Run 64 expID=2 configID=24 time=35.98784 num=0>
<Run 64 expID=2 configID=24 time=35.98784 num=0>
<Run 64 expID=2 configID=24 time=35.98784 num=0>
<Run 64 expID=2 configID=24 time=35.98784 num=0>
<Run 64 expID=2 configID=24 time=35.98784 num=0>
<Run 64 expID=2 configID=24 time=35.98784 num=0>
<Run 64 expID=2 configID=24 time=35.98784 num=0>
<Run 64 expID=2 configID=24 time=35.98784 num=0>
<Run 64 expID=2 configID=24 time=35.98784 num=0>
<Run 64 expID=2 configID=24 time=35.98784 num=0>
<Run 64 expID=2 configID=24 time=35.98784 num=0>
<Run 64 expID=2 configID=24 time=35.98784 num=0>
<Run 64 expID=2 configID=24 time=35.98784 num=0>
<Run 64 expID=2 configID=24 time=35.98784 num=0>
<Run 64 expID=2 configID=24 time=35.98784 num=0>
<Run 64 expID=2 configID=24 time=35.98784 num=0>
<Run 64 expID=2 configID=24 time=35.98784 num=0>
<Run 64 expID=2 configID=24 time=35.98784 num=0>
<Run 64 expID=2 configID=24 time=35.98784 num=0>
<Run 64 expID=2 configID=24 time=35.98784 num=0>
<Run 64 expID=2 configID=24 time=35.98784 num=0>
<Run 64 expID=2 configID=24 time=35.98784 num=0>
<Run 64 expID=2 configID=24 time=35.98784 num=0>
<Run 64 expID=2 configID=24 time=35.98784 num=0>
<Run 64 expID=2 configID=24 time=35.98784 num=0>
<Run 64 expID=2 configID=24 time=35.98784 num=0>
<Run 64 expID=2 configID=24 time=35.98784 num=0>
<Run 64 expID=2 configID=24 time=35.98784 num=0>
<Run 64 expID=2 configID=24 time=35.98784 num=0>
<Run 64 expID=2 configID=24 time=35.98784 num=0>
<Run 64 expID=2 configID=24 time=35.98784 num=0>
<Run 64 expID=2 configID=24 time=35.98784 num=0>
<Run 64 expID=2 configID=24 time=35.98784 num=0>
<Run 64 expID=2 configID=24 time=35.98784 num=0>
<Run 64 expID=2 configID=24 time=35.98784 num=0>
<Run 64 expID=2 configID=24 time=35.98784 num=0>
<Run 64 expID=2 configID=24 time=35.98784 num=0>
<Run 64 expID=2 configID=24 time=35.98784 num=0>
<Run 64 expID=2 configID=24 time=35.98784 num=0>
<Run 64 expID=2 configID=24 time=35.98784 num=0>
<Run 64 expID=2 configID=24 time=35.98784 num=0>
<Run 64 expID=2 configID=24 time=35.98784 num=0>
<Run 64 expID=2 configID=24 time=35.98784 num=0>
<Run 64 expID=2 configID=24 time=35.98784 num=0>
<Run 64 expID=2 configID=24 time=35.98784 num=0>
<Run 64 expID=2 configID=24 time=35.98784 num=0>
<Run 64 expID=2 configID=24 time=35.98784 num=0>
<Run 64 expID=2 configID=24 time=35.98784 num=0>
<Run 64 expID=2 configID=24 time=35.98784 num=0>
<Run 64 expID=2 configID=24 time=35.98784 num=0>
<Run 64 expID=2 configID=24 time=35.98784 num=0>
<Run 64 expID=2 configID=24 time=35.98784 num=0>
<Run 64 expID=2 configID=24 time=35.98784 num=0>
<Run 64 expID=2 configID=24 time=35.98784 num=0>
<Run 64 expID=2 configID=24 time=35.98784 num=0>
<Run 64 expID=2 configID=24 time=35.98784 num=0>
<Run 64 expID=2 configID=24 time=35.98784 num=0>
<Run 64 expID=2 configID=24 time=35.98784 num=0>
<Run 64 expID=2 configID=24 time=35.98784 num=0>
<Run 64 expID=2 configID=24 time=35.98784 num=0>
<Run 64 expID=2 configID=24 time=35.98784 num=0>
<Run 64 expID=2 configID=24 time=35.98784 num=0>
<Run 64 expID=2 configID=24 time=35.98784 num=0>
<Run 64 expID=2 configID=24 time=35.98784 num=0>
<Run 64 expID=2 configID=24 time=35.98784 num=0>
<Run 64 expID=2 configID=24 time=35.98784 num=0>
<Run 64 expID=2 configID=24 time=35.98784 num=0>
<Run 64 expID=2 configID=24 time=35.98784 num=0>
<Run 64 expID=2 configID=24 time=35.98784 num=0>
<Run 64 expID=2 configID=24 time=35.98784 num=0>
<Run 64 expID=2 configID=24 time=35.98784 num=0>
<Run 64 expID=2 configID=24 time=35.98784 num=0>
<Run 64 expID=2 configID=24 time=35.98784 num=0>
<Run 64 expID=2 configID=24 time=35.98784 num=0>
<Run 64 expID=2 configID=24 time=35.98784 num=0>
<Run 64 expID=2 configID=24 time=35.98784 num=0>
<Run 64 expID=2 configID=24 time=35.98784 num=0>
<Run 64 expID=2 configID=24 time=35.98784 num=0>
<Run 64 expID=2 configID=24 time=35.98784 num=0>
<Run 64 expID=2 configID=24 time=35.98784 num=0>
<Run 64 expID=2 configID=24 time=35.98784 num=0>
<Run 64 expID=2 configID=24 time=35.98784 num=0>
<Run 64 expID=2 configID=24 time=35.98784 num=0>
<Run 64 expID=2 configID=24 time=35.98784 num=0>
<Run 64 expID=2 configID=24 time=35.98784 num=0>
<Run 64 expID=2 configID=24 time=35.98784 num=0>
<Run 64 expID=2 configID=24 time=35.98784 num=0>
<Run 64 expID=2 configID=24 time=35.98784 num=0>
<Run 64 expID=2 configID=24 time=35.98784 num=0>
<Run 64 expID=2 configID=24 time=35.98784 num=0>
<Run 64 expID=2 configID=24 time=35.98784 num=0>
<Run 64 expID=2 configID=24 time=35.98784 num=0>
<Run 64 expID=2 configID=24 time=35.98784 num=0>
<Run 64 expID=2 configID=24 time=35.98784 num=0>
<Run 64 expID=2 configID=24 time=35.98784 num=0>
<Run 64 expID=2 configID=24 time=35.98784 num=0>
<Run 64 expID=2 configID=24 time=35.98784 num=0>
<Run 64 expID=2 configID=24 time=35.98784 num=0>
<Run 64 expID=2 configID=24 time=35.98784 num=0>
<Run 64 expID=2 configID=24 time=35.98784 num=0>
<Run 64 expID=2 configID=24 time=35.98784 num=0>
<Run 64 expID=2 configID=24 time=35.98784 num=0>
<Run 64 expID=2 configID=24 time=35.98784 num=0>
<Run 64 expID=2 configID=24 time=35.98784 num=0>
<Run 64 expID=2 configID=24 time=35.98784 num=0>
<Run 64 expID=2 configID=24 time=35.98784 num=0>
<Run 64 expID=2 configID=24 time=35.98784 num=0>
<Run 64 expID=2 configID=24 time=35.98784 num=0>
<Run 64 expID=2 configID=24 time=35.98784 num=0>
<Run 64 expID=2 configID=24 time=35.98784 num=0>
<Run 64 expID=2 configID=24 time=35.98784 num=0>
<Run 64 expID=2 configID=24 time=35.98784 num=0>
<Run 64 expID=2 configID=24 time=35.98784 num=0>
<Run 64 expID=2 configID=24 time=35.98784 num=0>
<Run 64 expID=2 configID=24 time=35.98784 num=0>
<Run 64 expID=2 configID=24 time=35.98784 num=0>
<Run 64 expID=2 configID=24 time=35.98784 num=0>
<Run 64 expID=2 configID=24 time=35.98784 num=0>
<Run 64 expID=2 configID=24 time=35.98784 num=0>
<Run 64 expID=2 configID=24 time=35.98784 num=0>
<Run 64 expID=2 configID=24 time=35.98784 num=0>
<Run 64 expID=2 configID=24 time=35.98784 num=0>
<Run 64 expID=2 configID=24 time=35.98784 num=0>
<Run 64 expID=2 configID=24 time=35.98784 num=0>
<Run 64 expID=2 configID=24 time=35.98784 num=0>
<Run 64 expID=2 configID=24 time=35.98784 num=0>
<Run 64 expID=2 configID=24 time=35.98784 num=0>
<Run 64 expID=2 configID=24 time=35.98784 num=0>
<Run 64 expID=2 configID=24 time=35.98784 num=0>
<Run 64 expID=2 configID=24 time=35.98784 num=0>
<Run 64 expID=2 configID=24 time=35.98784 num=0>
<Run 64 expID=2 configID=24 time=35.98784 num=0>
<Run 64 expID=2 configID=24 time=35.98784 num=0>
<Run 64 expID=2 configID=24 time=35.98784 num=0>
<Run 64 expID=2 configID=24 time=35.98784 num=0>
<Run 64 expID=2 configID=24 time=35.98784 num=0>
<Run 64 expID=2 configID=24 time=35.98784 num=0>
<Run 64 expID=2 configID=24 time=35.98784 num=0>
<Run 64 expID=2 configID=24 time=35.98784 num=0>
<Run 64 expID=2 configID=24 time=35.98784 num=0>
<Run 64 expID=2 configID=24 time=35.98784 num=0>
<Run 64 expID=2 configID=24 time=35.98784 num=0>
<Run 64 expID=2 configID=24 time=35.98784 num=0>
<Run 64 expID=2 configID=24 time=35.98784 num=0>
<Run 64 expID=2 configID=24 time=35.98784 num=0>
<Run 64 expID=2 configID=24 time=35.98784 num=0>
<Run 64 expID=2 configID=24 time=35.98784 num=0>
<Run 64 expID=2 configID=24 time=35.98784 num=0>
<Run 64 expID=2 configID=24 time=35.98784 num=0>
<Run 64 expID=2 configID=24 time=35.98784 num=0>
<Run 64 expID=2 configID=24 time=35.98784 num=0>
<Run 64 expID=2 configID=24 time=35.98784 num=0>
<Run 64 expID=2 configID=24 time=35.98784 num=0>
<Run 64 expID=2 configID=24 time=35.98784 num=0>
<Run 64 expID=2 configID=24 time=35.98784 num=0>
<Run 64 expID=2 configID=24 time=35.98784 num=0>
<Run 64 expID=2 configID=24 time=35.98784 num=0>
<Run 64 expID=2 configID=24 time=35.98784 num=0>
<Run 64 expID=2 configID=24 time=35.98784 num=0>
<Run 64 expID=2 configID=24 time=35.98784 num=0>
<Run 64 expID=2 configID=24 time=35.98784 num=0>
<Run 64 expID=2 configID=24 time=35.98784 num=0>
<Run 64 expID=2 configID=24 time=35.98784 num=0>
<Run 64 expID=2 configID=24 time=35.98784 num=0>
<Run 64 expID=2 configID=24 time=35.98784 num=0>
<Run 64 expID=2 configID=24 time=35.98784 num=0>
<Run 64 expID=2 configID=24 time=35.98784 num=0>
<Run 64 expID=2 configID=24 time=35.98784 num=0>
<Run 64 expID=2 configID=24 time=35.98784 num=0>
<Run 64 expID=2 configID=24 time=35.98784 num=0>
<Run 64 expID=2 configID=24 time=35.98784 num=0>
<Run 64 expID=2 configID=24 time=35.98784 num=0>
<Run 64 expID=2 configID=24 time=35.98784 num=0>
<Run 64 expID=2 configID=24 time=35.98784 num=0>
<Run 64 expID=2 configID=24 time=35.98784 num=0>
<Run 64 expID=2 configID=24 time=35.98784 num=0>
<Run 64 expID=2 configID=24 time=35.98784 num=0>
<Run 64 expID=2 configID=24 time=35.98784 num=0>
<Run 64 expID=2 configID=24 time=35.98784 num=0>
<Run 64 expID=2 configID=24 time=35.98784 num=0>
<Run 64 expID=2 configID=24 time=35.98784 num=0>
<Run 64 expID=2 configID=24 time=35.98784 num=0>
<Run 64 expID=2 configID=24 time=35.98784 num=0>
<Run 64 expID=2 configID=24 time=35.98784 num=0>
<Run 64 expID=2 configID=24 time=35.98784 num=0>
<Run 64 expID=2 configID=24 time=35.98784 num=0>
<Run 64 expID=2 configID=24 time=35.98784 num=0>
<Run 64 expID=2 configID=24 time=35.98784 num=0>
<Run 64 expID=2 configID=24 time=35.98784 num=0>
<Run 64 expID=2 configID=24 time=35.98784 num=0>
<Run 64 expID=2 configID=24 time=35.98784 num=0>
<Run 64 expID=2 configID=24 time=35.98784 num=0>
<Run 64 expID=2 configID=24 time=35.98784 num=0>
<Run 64 expID=2 configID=24 time=35.98784 num=0>
<Run 64 expID=2 configID=24 time=35.98784 num=0>
<Run 64 expID=2 configID=24 time=35.98784 num=0>
<Run 64 expID=2 configID=24 time=35.98784 num=0>
<Run 64 expID=2 configID=24 time=35.98784 num=0>
<Run 64 expID=2 configID=24 time=35.98784 num=0>
<Run 64 expID=2 configID=24 time=35.98784 num=0>
<Run 64 expID=2 configID=24 time=35.98784 num=0>
<Run 64 expID=2 configID=24 time=35.98784 num=0>
<Run 64 expID=2 configID=24 time=35.98784 num=0>
<Run 64 expID=2 configID=24 time=35.98784 num=0>
<Run 64 expID=2 configID=24 time=35.98784 num=0>
<Run 64 expID=2 configID=24 time=35.98784 num=0>
<Run 64 expID=2 configID=24 time=35.98784 num=0>
<Run 64 expID=2 configID=24 time=35.98784 num=0>
<Run 64 expID=2 configID=24 time=35.98784 num=0>
<Run 64 expID=2 configID=24 time=35.98784 num=0>
<Run 64 expID=2 configID=24 time=35.98784 num=0>
<Run 64 expID=2 configID=24 time=35.98784 num=0>
<Run 64 expID=2 configID=24 time=35.98784 num=0>
<Run 64 expID=2 configID=24 time=35.98784 num=0>
<Run 64 expID=2 configID=24 time=35.98784 num=0>
<Run 64 expID=2 configID=24 time=35.98784 num=0>
<Run 64 expID=2 configID=24 time=35.98784 num=0>
<Run 64 expID=2 configID=24 time=35.98784 num=0>
<Run 64 expID=2 configID=24 time=35.98784 num=0>
<Run 64 expID=2 configID=24 time=35.98784 num=0>
<Run 64 expID=2 configID=24 time=35.98784 num=0>
<Run 64 expID=2 configID=24 time=35.98784 num=0>
<Run 64 expID=2 configID=24 time=35.98784 num=0>
<Run 64 expID=2 configID=24 time=35.98784 num=0>
<Run 64 expID=2 configID=24 time=35.98784 num=0>
<Run 64 expID=2 configID=24 time=35.98784 num=0>
<Run 64 expID=2 configID=24 time=35.98784 num=0>
<Run 64 expID=2 configID=24 time=35.98784 num=0>
<Run 64 expID=2 configID=24 time=35.98784 num=0>
<Run 64 expID=2 configID=24 time=35.98784 num=0>
<Run 64 expID=2 configID=24 time=35.98784 num=0>
<Run 64 expID=2 configID=24 time=35.98784 num=0>
<Run 64 expID=2 configID=24 time=35.98784 num=0>
<Run 64 expID=2 configID=24 time=35.98784 num=0>
<Run 64 expID=2 configID=24 time=35.98784 num=0>
<Run 64 expID=2 configID=24 time=35.98784 num=0>
<Run 64 expID=2 configID=24 time=35.98784 num=0>
<Run 64 expID=2 configID=24 time=35.98784 num=0>
<Run 64 expID=2 configID=24 time=35.98784 num=0>
<Run 64 expID=2 configID=24 time=35.98784 num=0>
<Run 64 expID=2 configID=24 time=35.98784 num=0>
<Run 64 expID=2 configID=24 time=35.98784 num=0>
<Run 64 expID=2 configID=24 time=35.98784 num=0>
<Run 64 expID=2 configID=24 time=35.98784 num=0>
<Run 64 expID=2 configID=24 time=35.98784 num=0>
<Run 64 expID=2 configID=24 time=35.98784 num=0>
<Run 64 expID=2 configID=24 time=35.98784 num=0>
<Run 64 expID=2 configID=24 time=35.98784 num=0>
<Run 64 expID=2 configID=24 time=35.98784 num=0>
<Run 64 expID=2 configID=24 time=35.98784 num=0>
<Run 64 expID=2 configID=24 time=35.98784 num=0>
<Run 64 expID=2 configID=24 time=35.98784 num=0>
<Run 64 expID=2 configID=24 time=35.98784 num=0>
<Run 64 expID=2 configID=24 time=35.98784 num=0>
<Run 64 expID=2 configID=24 time=35.98784 num=0>
<Run 64 expID=2 configID=24 time=35.98784 num=0>
<Run 64 expID=2 configID=24 time=35.98784 num=0>
<Run 64 expID=2 configID=24 time=35.98784 num=0>
<Run 64 expID=2 configID=24 time=35.98784 num=0>
<Run 64 expID=2 configID=24 time=35.98784 num=0>
<Run 64 expID=2 configID=24 time=35.98784 num=0>
<Run 64 expID=2 configID=24 time=35.98784 num=0>
<Run 64 expID=2 configID=24 time=35.98784 num=0>
<Run 64 expID=2 configID=24 time=35.98784 num=0>
<Run 64 expID=2 configID=24 time=35.995136 num=1>
<Run 64 expID=2 configID=24 time=35.995136 num=0>
<Run 64 expID=2 configID=24 time=35.995136 num=0>
<Run 64 expID=2 configID=24 time=35.995136 num=0>
<Run 64 expID=2 configID=24 time=35.995136 num=0>
<Run 64 expID=2 configID=24 time=35.995136 num=0>
<Run 64 expID=2 configID=24 time=35.995136 num=0>
<Run 64 expID=2 configID=24 time=35.995136 num=0>
<Run 64 expID=2 configID=24 time=35.995136 num=0>
<Run 64 expID=2 configID=24 time=35.995136 num=0>
<Run 64 expID=2 configID=24 time=35.995136 num=0>
<Run 64 expID=2 configID=24 time=35.995136 num=0>
<Run 64 expID=2 configID=24 time=35.995136 num=0>
<Run 64 expID=2 configID=24 time=35.995136 num=0>
<Run 64 expID=2 configID=24 time=35.995136 num=0>
<Run 64 expID=2 configID=24 time=35.995136 num=0>
<Run 64 expID=2 configID=24 time=35.995136 num=0>
<Run 64 expID=2 configID=24 time=35.995136 num=0>
<Run 64 expID=2 configID=24 time=35.995136 num=0>
<Run 64 expID=2 configID=24 time=35.995136 num=0>
<Run 64 expID=2 configID=24 time=35.995136 num=0>
<Run 64 expID=2 configID=24 time=35.995136 num=0>
<Run 64 expID=2 configID=24 time=35.995136 num=0>
<Run 64 expID=2 configID=24 time=35.995136 num=0>
<Run 64 expID=2 configID=24 time=35.995136 num=0>
<Run 64 expID=2 configID=24 time=35.995136 num=0>
<Run 64 expID=2 configID=24 time=35.995136 num=0>
<Run 64 expID=2 configID=24 time=35.995136 num=0>
<Run 64 expID=2 configID=24 time=35.995136 num=0>
<Run 64 expID=2 configID=24 time=35.995136 num=0>
<Run 64 expID=2 configID=24 time=35.995136 num=0>
<Run 64 expID=2 configID=24 time=35.995136 num=0>
<Run 64 expID=2 configID=24 time=35.995136 num=0>
<Run 64 expID=2 configID=24 time=35.995136 num=0>
<Run 64 expID=2 configID=24 time=35.995136 num=0>
<Run 64 expID=2 configID=24 time=35.995136 num=0>
<Run 64 expID=2 configID=24 time=35.995136 num=0>
<Run 64 expID=2 configID=24 time=35.995136 num=0>
<Run 64 expID=2 configID=24 time=35.995136 num=0>
<Run 64 expID=2 configID=24 time=35.995136 num=0>
<Run 64 expID=2 configID=24 time=35.995136 num=0>
<Run 64 expID=2 configID=24 time=35.995136 num=0>
<Run 64 expID=2 configID=24 time=36.6820544 num=1>
<Run 64 expID=2 configID=24 time=36.6820544 num=0>
<Run 64 expID=2 configID=24 time=36.6820544 num=0>
<Run 64 expID=2 configID=24 time=36.6820544 num=0>
<Run 64 expID=2 configID=24 time=36.6820544 num=0>
<Run 64 expID=2 configID=24 time=36.6820544 num=0>
<Run 64 expID=2 configID=24 time=36.6820544 num=0>
<Run 64 expID=2 configID=24 time=36.6820544 num=0>
<Run 64 expID=2 configID=24 time=36.6820544 num=0>
<Run 64 expID=2 configID=24 time=36.6820544 num=0>
<Run 64 expID=2 configID=24 time=36.6820544 num=0>
<Run 64 expID=2 configID=24 time=36.6820544 num=0>
<Run 64 expID=2 configID=24 time=36.6820544 num=0>
<Run 64 expID=2 configID=24 time=36.6820544 num=0>
<Run 64 expID=2 configID=24 time=36.6820544 num=0>
<Run 64 expID=2 configID=24 time=36.6820544 num=0>
<Run 64 expID=2 configID=24 time=36.6820544 num=0>
<Run 64 expID=2 configID=24 time=36.6820544 num=0>
<Run 64 expID=2 configID=24 time=36.6820544 num=0>
<Run 64 expID=2 configID=24 time=36.6820544 num=0>
<Run 64 expID=2 configID=24 time=36.6820544 num=0>
<Run 64 expID=2 configID=24 time=36.6820544 num=0>
<Run 64 expID=2 configID=24 time=36.6820544 num=0>
<Run 64 expID=2 configID=24 time=36.6820544 num=0>
<Run 64 expID=2 configID=24 time=36.6820544 num=0>
<Run 64 expID=2 configID=24 time=36.6820544 num=0>
<Run 64 expID=2 configID=24 time=36.6820544 num=0>
<Run 64 expID=2 configID=24 time=36.6820544 num=0>
<Run 64 expID=2 configID=24 time=36.6820544 num=0>
<Run 64 expID=2 configID=24 time=36.6820544 num=0>
<Run 64 expID=2 configID=24 time=36.6820544 num=0>
<Run 64 expID=2 configID=24 time=36.6820544 num=0>
<Run 64 expID=2 configID=24 time=36.6820544 num=0>
<Run 64 expID=2 configID=24 time=36.6820544 num=0>
<Run 64 expID=2 configID=24 time=36.6820544 num=0>
<Run 64 expID=2 configID=24 time=36.6820544 num=0>
<Run 64 expID=2 configID=24 time=36.6820544 num=0>
<Run 64 expID=2 configID=24 time=37.694821759999996 num=1>
<Run 64 expID=2 configID=24 time=37.694821759999996 num=0>
<Run 64 expID=2 configID=24 time=37.694821759999996 num=0>
<Run 64 expID=2 configID=24 time=37.694821759999996 num=0>
<Run 64 expID=2 configID=24 time=37.694821759999996 num=0>
<Run 64 expID=2 configID=24 time=37.694821759999996 num=0>
<Run 64 expID=2 configID=24 time=37.694821759999996 num=0>
<Run 64 expID=2 configID=24 time=37.694821759999996 num=0>
<Run 64 expID=2 configID=24 time=37.694821759999996 num=0>
<Run 64 expID=2 configID=24 time=37.694821759999996 num=0>
<Run 64 expID=2 configID=24 time=37.694821759999996 num=0>
<Run 64 expID=2 configID=24 time=37.694821759999996 num=0>
<Run 64 expID=2 configID=24 time=37.694821759999996 num=0>
<Run 64 expID=2 configID=24 time=37.694821759999996 num=0>
<Run 64 expID=2 configID=24 time=37.694821759999996 num=0>
<Run 64 expID=2 configID=24 time=37.694821759999996 num=0>
<Run 64 expID=2 configID=24 time=37.694821759999996 num=0>
<Run 64 expID=2 configID=24 time=37.694821759999996 num=0>
<Run 64 expID=2 configID=24 time=37.694821759999996 num=0>
<Run 64 expID=2 configID=24 time=37.694821759999996 num=0>
<Run 64 expID=2 configID=24 time=37.694821759999996 num=0>
<Run 64 expID=2 configID=24 time=37.694821759999996 num=0>
<Run 64 expID=2 configID=24 time=37.694821759999996 num=0>
<Run 64 expID=2 configID=24 time=37.694821759999996 num=0>
<Run 64 expID=2 configID=24 time=37.694821759999996 num=0>
<Run 64 expID=2 configID=24 time=37.694821759999996 num=0>
<Run 64 expID=2 configID=24 time=37.694821759999996 num=0>
<Run 64 expID=2 configID=24 time=37.694821759999996 num=0>
<Run 64 expID=2 configID=24 time=37.694821759999996 num=0>
<Run 64 expID=2 configID=24 time=37.694821759999996 num=0>
<Run 64 expID=2 configID=24 time=37.694821759999996 num=0>
<Run 64 expID=2 configID=24 time=37.694821759999996 num=0>
<Run 64 expID=2 configID=24 time=37.694821759999996 num=0>
<Run 64 expID=2 configID=24 time=37.694821759999996 num=0>
<Run 64 expID=2 configID=24 time=37.694821759999996 num=0>
<Run 64 expID=2 configID=24 time=37.694821759999996 num=0>
<Run 64 expID=2 configID=24 time=37.694821759999996 num=0>
<Run 64 expID=2 configID=24 time=37.694821759999996 num=0>
<Run 64 expID=2 configID=24 time=37.694821759999996 num=0>
<Run 64 expID=2 configID=24 time=37.694821759999996 num=0>
<Run 64 expID=2 configID=24 time=37.694821759999996 num=0>
<Run 64 expID=2 configID=24 time=37.694821759999996 num=0>
<Run 64 expID=2 configID=24 time=37.694821759999996 num=0>
<Run 64 expID=2 configID=24 time=37.694821759999996 num=0>
<Run 64 expID=2 configID=24 time=37.694821759999996 num=0>
<Run 64 expID=2 configID=24 time=37.694821759999996 num=0>
<Run 64 expID=2 configID=24 time=37.694821759999996 num=0>
<Run 64 expID=2 configID=24 time=37.694821759999996 num=0>
<Run 64 expID=2 configID=24 time=37.694821759999996 num=0>
<Run 64 expID=2 configID=24 time=37.694821759999996 num=0>
<Run 64 expID=2 configID=24 time=37.694821759999996 num=0>
<Run 64 expID=2 configID=24 time=37.694821759999996 num=0>
<Run 64 expID=2 configID=24 time=37.694821759999996 num=0>
<Run 64 expID=2 configID=24 time=37.694821759999996 num=0>
<Run 64 expID=2 configID=24 time=37.694821759999996 num=0>
<Run 64 expID=2 configID=24 time=37.694821759999996 num=0>
<Run 64 expID=2 configID=24 time=37.694821759999996 num=0>
<Run 64 expID=2 configID=24 time=37.694821759999996 num=0>
<Run 64 expID=2 configID=24 time=37.694821759999996 num=0>
<Run 64 expID=2 configID=24 time=37.694821759999996 num=0>
<Run 64 expID=2 configID=24 time=37.694821759999996 num=0>
<Run 64 expID=2 configID=24 time=37.694821759999996 num=0>
<Run 64 expID=2 configID=24 time=37.694821759999996 num=0>
<Run 64 expID=2 configID=24 time=37.694821759999996 num=0>
<Run 64 expID=2 configID=24 time=37.694821759999996 num=0>
<Run 64 expID=2 configID=24 time=37.694821759999996 num=0>
<Run 64 expID=2 configID=24 time=37.694821759999996 num=0>
<Run 64 expID=2 configID=24 time=37.694821759999996 num=0>
<Run 64 expID=2 configID=24 time=37.694821759999996 num=0>
<Run 64 expID=2 configID=24 time=27.581928704 num=1>
spark
/home/qh/Documents/cherrypick-sandbox/spearmint/examples/typeca/experiment.txt
experiment:  <Experiment 3 name='spark' count=0>
runs:  [<Run 104 expID=3 configID=24 time=523.47 num=0>]
<Run 104 expID=3 configID=24 time=523.47 num=0>
<Run 104 expID=3 configID=24 time=523.47 num=0>
<Run 104 expID=3 configID=24 time=523.47 num=0>
<Run 104 expID=3 configID=24 time=523.47 num=0>
<Run 104 expID=3 configID=24 time=523.47 num=0>
<Run 104 expID=3 configID=24 time=523.47 num=0>
<Run 104 expID=3 configID=24 time=523.47 num=0>
<Run 104 expID=3 configID=24 time=523.47 num=0>
<Run 104 expID=3 configID=24 time=523.47 num=0>
<Run 104 expID=3 configID=24 time=523.47 num=0>
<Run 104 expID=3 configID=24 time=523.47 num=0>
<Run 104 expID=3 configID=24 time=523.47 num=0>
<Run 104 expID=3 configID=24 time=523.47 num=0>
<Run 104 expID=3 configID=24 time=523.47 num=0>
<Run 104 expID=3 configID=24 time=523.47 num=0>
<Run 104 expID=3 configID=24 time=523.47 num=0>
<Run 104 expID=3 configID=24 time=523.47 num=0>
<Run 104 expID=3 configID=24 time=523.47 num=0>
<Run 104 expID=3 configID=24 time=523.47 num=0>
<Run 104 expID=3 configID=24 time=523.47 num=0>
<Run 104 expID=3 configID=24 time=523.47 num=0>
<Run 104 expID=3 configID=24 time=523.47 num=0>
<Run 104 expID=3 configID=24 time=523.47 num=0>
<Run 104 expID=3 configID=24 time=523.47 num=0>
<Run 104 expID=3 configID=24 time=523.47 num=0>
<Run 104 expID=3 configID=24 time=523.47 num=0>
<Run 104 expID=3 configID=24 time=523.47 num=0>
<Run 104 expID=3 configID=24 time=523.47 num=0>
<Run 104 expID=3 configID=24 time=523.47 num=0>
<Run 104 expID=3 configID=24 time=523.47 num=0>
<Run 104 expID=3 configID=24 time=523.47 num=0>
<Run 104 expID=3 configID=24 time=523.47 num=0>
<Run 104 expID=3 configID=24 time=523.47 num=0>
<Run 104 expID=3 configID=24 time=523.47 num=0>
<Run 104 expID=3 configID=24 time=523.47 num=0>
<Run 104 expID=3 configID=24 time=523.47 num=0>
<Run 104 expID=3 configID=24 time=523.47 num=0>
<Run 104 expID=3 configID=24 time=523.47 num=0>
<Run 104 expID=3 configID=24 time=523.47 num=0>
<Run 104 expID=3 configID=24 time=523.47 num=0>
<Run 104 expID=3 configID=24 time=523.47 num=0>
<Run 104 expID=3 configID=24 time=523.47 num=0>
<Run 104 expID=3 configID=24 time=523.47 num=0>
<Run 104 expID=3 configID=24 time=523.47 num=0>
<Run 104 expID=3 configID=24 time=523.47 num=0>
<Run 104 expID=3 configID=24 time=523.47 num=0>
<Run 104 expID=3 configID=24 time=523.47 num=0>
<Run 104 expID=3 configID=24 time=523.47 num=0>
<Run 104 expID=3 configID=24 time=523.47 num=0>
<Run 104 expID=3 configID=24 time=523.47 num=0>
<Run 104 expID=3 configID=24 time=523.47 num=0>
<Run 104 expID=3 configID=24 time=523.47 num=0>
<Run 104 expID=3 configID=24 time=523.47 num=0>
<Run 104 expID=3 configID=24 time=523.47 num=0>
<Run 104 expID=3 configID=24 time=523.47 num=0>
<Run 104 expID=3 configID=24 time=523.47 num=0>
<Run 104 expID=3 configID=24 time=523.47 num=0>
<Run 104 expID=3 configID=24 time=523.47 num=0>
<Run 104 expID=3 configID=24 time=523.47 num=0>
<Run 104 expID=3 configID=24 time=523.47 num=0>
<Run 104 expID=3 configID=24 time=523.47 num=0>
<Run 104 expID=3 configID=24 time=523.47 num=0>
<Run 104 expID=3 configID=24 time=523.47 num=0>
<Run 104 expID=3 configID=24 time=523.47 num=0>
<Run 104 expID=3 configID=24 time=523.47 num=0>
<Run 104 expID=3 configID=24 time=523.47 num=0>
<Run 104 expID=3 configID=24 time=523.47 num=0>
<Run 104 expID=3 configID=24 time=523.47 num=0>
<Run 104 expID=3 configID=24 time=523.47 num=0>
<Run 104 expID=3 configID=24 time=523.47 num=0>
<Run 104 expID=3 configID=24 time=523.47 num=0>
<Run 104 expID=3 configID=24 time=523.47 num=0>
<Run 104 expID=3 configID=24 time=523.47 num=0>
<Run 104 expID=3 configID=24 time=523.47 num=0>
<Run 104 expID=3 configID=24 time=523.47 num=0>
<Run 104 expID=3 configID=24 time=523.47 num=0>
<Run 104 expID=3 configID=24 time=523.47 num=0>
<Run 104 expID=3 configID=24 time=523.47 num=0>
<Run 104 expID=3 configID=24 time=523.47 num=0>
<Run 104 expID=3 configID=24 time=523.47 num=0>
<Run 104 expID=3 configID=24 time=523.47 num=0>
<Run 104 expID=3 configID=24 time=523.47 num=0>
<Run 104 expID=3 configID=24 time=523.47 num=0>
<Run 104 expID=3 configID=24 time=523.47 num=0>
<Run 104 expID=3 configID=24 time=523.47 num=0>
<Run 104 expID=3 configID=24 time=523.47 num=0>
<Run 104 expID=3 configID=24 time=523.47 num=0>
<Run 104 expID=3 configID=24 time=523.47 num=0>
<Run 104 expID=3 configID=24 time=523.47 num=0>
<Run 104 expID=3 configID=24 time=523.47 num=0>
<Run 104 expID=3 configID=24 time=523.47 num=0>
<Run 104 expID=3 configID=24 time=523.47 num=0>
<Run 104 expID=3 configID=24 time=523.47 num=0>
<Run 104 expID=3 configID=24 time=523.47 num=0>
<Run 104 expID=3 configID=24 time=523.47 num=0>
<Run 104 expID=3 configID=24 time=523.47 num=0>
<Run 104 expID=3 configID=24 time=523.47 num=0>
<Run 104 expID=3 configID=24 time=523.47 num=0>
<Run 104 expID=3 configID=24 time=523.47 num=0>
<Run 104 expID=3 configID=24 time=523.47 num=0>
<Run 104 expID=3 configID=24 time=523.47 num=0>
<Run 104 expID=3 configID=24 time=523.47 num=0>
<Run 104 expID=3 configID=24 time=523.47 num=0>
<Run 104 expID=3 configID=24 time=523.47 num=0>
<Run 104 expID=3 configID=24 time=523.47 num=0>
<Run 104 expID=3 configID=24 time=523.47 num=0>
<Run 104 expID=3 configID=24 time=523.47 num=0>
<Run 104 expID=3 configID=24 time=523.47 num=0>
<Run 104 expID=3 configID=24 time=523.47 num=0>
<Run 104 expID=3 configID=24 time=523.47 num=0>
<Run 104 expID=3 configID=24 time=523.47 num=0>
<Run 104 expID=3 configID=24 time=523.47 num=0>
<Run 104 expID=3 configID=24 time=523.47 num=0>
<Run 104 expID=3 configID=24 time=523.47 num=0>
<Run 104 expID=3 configID=24 time=523.47 num=0>
<Run 104 expID=3 configID=24 time=523.47 num=0>
<Run 104 expID=3 configID=24 time=523.47 num=0>
<Run 104 expID=3 configID=24 time=523.47 num=0>
<Run 104 expID=3 configID=24 time=523.47 num=0>
<Run 104 expID=3 configID=24 time=523.47 num=0>
<Run 104 expID=3 configID=24 time=523.47 num=0>
<Run 104 expID=3 configID=24 time=523.47 num=0>
<Run 104 expID=3 configID=24 time=523.47 num=0>
<Run 104 expID=3 configID=24 time=523.47 num=0>
<Run 104 expID=3 configID=24 time=523.47 num=0>
<Run 104 expID=3 configID=24 time=523.47 num=0>
<Run 104 expID=3 configID=24 time=523.47 num=0>
<Run 104 expID=3 configID=24 time=523.47 num=0>
<Run 104 expID=3 configID=24 time=523.47 num=0>
<Run 104 expID=3 configID=24 time=523.47 num=0>
<Run 104 expID=3 configID=24 time=523.47 num=0>
<Run 104 expID=3 configID=24 time=523.47 num=0>
<Run 104 expID=3 configID=24 time=523.47 num=0>
<Run 104 expID=3 configID=24 time=523.47 num=0>
<Run 104 expID=3 configID=24 time=523.47 num=0>
<Run 104 expID=3 configID=24 time=523.47 num=0>
<Run 104 expID=3 configID=24 time=523.47 num=0>
<Run 104 expID=3 configID=24 time=523.47 num=0>
<Run 104 expID=3 configID=24 time=523.47 num=0>
<Run 104 expID=3 configID=24 time=523.47 num=0>
<Run 104 expID=3 configID=24 time=523.47 num=0>
<Run 104 expID=3 configID=24 time=523.47 num=0>
<Run 104 expID=3 configID=24 time=523.47 num=0>
<Run 104 expID=3 configID=24 time=523.47 num=0>
<Run 104 expID=3 configID=24 time=523.47 num=0>
<Run 104 expID=3 configID=24 time=523.47 num=0>
<Run 104 expID=3 configID=24 time=523.47 num=0>
<Run 104 expID=3 configID=24 time=523.47 num=0>
<Run 104 expID=3 configID=24 time=523.47 num=0>
<Run 104 expID=3 configID=24 time=523.47 num=0>
<Run 104 expID=3 configID=24 time=523.47 num=0>
<Run 104 expID=3 configID=24 time=523.47 num=0>
<Run 104 expID=3 configID=24 time=523.47 num=0>
<Run 104 expID=3 configID=24 time=523.47 num=0>
<Run 104 expID=3 configID=24 time=523.47 num=0>
<Run 104 expID=3 configID=24 time=523.47 num=0>
<Run 104 expID=3 configID=24 time=523.47 num=0>
<Run 104 expID=3 configID=24 time=523.47 num=0>
<Run 104 expID=3 configID=24 time=523.47 num=0>
<Run 104 expID=3 configID=24 time=523.47 num=0>
<Run 104 expID=3 configID=24 time=523.47 num=0>
<Run 104 expID=3 configID=24 time=523.47 num=0>
<Run 104 expID=3 configID=24 time=523.47 num=0>
<Run 104 expID=3 configID=24 time=523.47 num=0>
<Run 104 expID=3 configID=24 time=523.47 num=0>
<Run 104 expID=3 configID=24 time=523.47 num=0>
<Run 104 expID=3 configID=24 time=523.47 num=0>
<Run 104 expID=3 configID=24 time=523.47 num=0>
<Run 104 expID=3 configID=24 time=523.47 num=0>
<Run 104 expID=3 configID=24 time=523.47 num=0>
<Run 104 expID=3 configID=24 time=523.47 num=0>
<Run 104 expID=3 configID=24 time=523.47 num=0>
<Run 104 expID=3 configID=24 time=523.47 num=0>
<Run 104 expID=3 configID=24 time=523.47 num=0>
<Run 104 expID=3 configID=24 time=523.47 num=0>
<Run 104 expID=3 configID=24 time=523.47 num=0>
<Run 104 expID=3 configID=24 time=523.47 num=0>
<Run 104 expID=3 configID=24 time=523.47 num=0>
<Run 104 expID=3 configID=24 time=523.47 num=0>
<Run 104 expID=3 configID=24 time=523.47 num=0>
<Run 104 expID=3 configID=24 time=523.47 num=0>
<Run 104 expID=3 configID=24 time=523.47 num=0>
<Run 104 expID=3 configID=24 time=523.47 num=0>
<Run 104 expID=3 configID=24 time=523.47 num=0>
<Run 104 expID=3 configID=24 time=523.47 num=0>
<Run 104 expID=3 configID=24 time=523.47 num=0>
<Run 104 expID=3 configID=24 time=523.47 num=0>
<Run 104 expID=3 configID=24 time=523.47 num=0>
<Run 104 expID=3 configID=24 time=523.47 num=0>
<Run 104 expID=3 configID=24 time=523.47 num=0>
<Run 104 expID=3 configID=24 time=523.47 num=0>
<Run 104 expID=3 configID=24 time=523.47 num=0>
<Run 104 expID=3 configID=24 time=523.47 num=0>
<Run 104 expID=3 configID=24 time=523.47 num=0>
<Run 104 expID=3 configID=24 time=523.47 num=0>
<Run 104 expID=3 configID=24 time=523.47 num=0>
<Run 104 expID=3 configID=24 time=523.47 num=0>
<Run 104 expID=3 configID=24 time=523.47 num=0>
<Run 104 expID=3 configID=24 time=523.47 num=0>
<Run 104 expID=3 configID=24 time=523.47 num=0>
<Run 104 expID=3 configID=24 time=523.47 num=0>
<Run 104 expID=3 configID=24 time=523.47 num=0>
<Run 104 expID=3 configID=24 time=523.47 num=0>
<Run 104 expID=3 configID=24 time=523.47 num=0>
<Run 104 expID=3 configID=24 time=523.47 num=0>
<Run 104 expID=3 configID=24 time=523.47 num=0>
<Run 104 expID=3 configID=24 time=523.47 num=0>
<Run 104 expID=3 configID=24 time=523.47 num=0>
<Run 104 expID=3 configID=24 time=523.47 num=0>
<Run 104 expID=3 configID=24 time=523.47 num=0>
<Run 104 expID=3 configID=24 time=523.47 num=0>
<Run 104 expID=3 configID=24 time=523.47 num=0>
<Run 104 expID=3 configID=24 time=523.47 num=0>
<Run 104 expID=3 configID=24 time=523.47 num=0>
<Run 104 expID=3 configID=24 time=523.47 num=0>
<Run 104 expID=3 configID=24 time=523.47 num=0>
<Run 104 expID=3 configID=24 time=523.47 num=0>
<Run 104 expID=3 configID=24 time=523.47 num=0>
<Run 104 expID=3 configID=24 time=523.47 num=0>
<Run 104 expID=3 configID=24 time=523.47 num=0>
<Run 104 expID=3 configID=24 time=523.47 num=0>
<Run 104 expID=3 configID=24 time=523.47 num=0>
<Run 104 expID=3 configID=24 time=523.47 num=0>
<Run 104 expID=3 configID=24 time=523.47 num=0>
<Run 104 expID=3 configID=24 time=523.47 num=0>
<Run 104 expID=3 configID=24 time=523.47 num=0>
<Run 104 expID=3 configID=24 time=523.47 num=0>
<Run 104 expID=3 configID=24 time=523.47 num=0>
<Run 104 expID=3 configID=24 time=523.47 num=0>
<Run 104 expID=3 configID=24 time=523.47 num=0>
<Run 104 expID=3 configID=24 time=523.47 num=0>
<Run 104 expID=3 configID=24 time=523.47 num=0>
<Run 104 expID=3 configID=24 time=523.47 num=0>
<Run 104 expID=3 configID=24 time=523.47 num=0>
<Run 104 expID=3 configID=24 time=523.47 num=0>
<Run 104 expID=3 configID=24 time=523.47 num=0>
<Run 104 expID=3 configID=24 time=523.47 num=0>
<Run 104 expID=3 configID=24 time=523.47 num=0>
<Run 104 expID=3 configID=24 time=523.47 num=0>
<Run 104 expID=3 configID=24 time=523.47 num=0>
<Run 104 expID=3 configID=24 time=523.47 num=0>
<Run 104 expID=3 configID=24 time=523.47 num=0>
<Run 104 expID=3 configID=24 time=523.47 num=0>
<Run 104 expID=3 configID=24 time=523.47 num=0>
<Run 104 expID=3 configID=24 time=523.47 num=0>
<Run 104 expID=3 configID=24 time=523.47 num=0>
<Run 104 expID=3 configID=24 time=523.47 num=0>
<Run 104 expID=3 configID=24 time=523.47 num=0>
<Run 104 expID=3 configID=24 time=523.47 num=0>
<Run 104 expID=3 configID=24 time=523.47 num=0>
<Run 104 expID=3 configID=24 time=523.47 num=0>
<Run 104 expID=3 configID=24 time=523.47 num=0>
<Run 104 expID=3 configID=24 time=523.47 num=0>
<Run 104 expID=3 configID=24 time=523.47 num=0>
<Run 104 expID=3 configID=24 time=523.47 num=0>
<Run 104 expID=3 configID=24 time=523.47 num=0>
<Run 104 expID=3 configID=24 time=523.47 num=0>
<Run 104 expID=3 configID=24 time=523.47 num=0>
<Run 104 expID=3 configID=24 time=523.47 num=0>
<Run 104 expID=3 configID=24 time=523.47 num=0>
<Run 104 expID=3 configID=24 time=523.47 num=0>
<Run 104 expID=3 configID=24 time=523.47 num=0>
<Run 104 expID=3 configID=24 time=523.47 num=0>
<Run 104 expID=3 configID=24 time=523.47 num=0>
<Run 104 expID=3 configID=24 time=523.47 num=0>
<Run 104 expID=3 configID=24 time=523.47 num=0>
<Run 104 expID=3 configID=24 time=523.47 num=0>
<Run 104 expID=3 configID=24 time=523.47 num=0>
<Run 104 expID=3 configID=24 time=523.47 num=0>
<Run 104 expID=3 configID=24 time=523.47 num=0>
<Run 104 expID=3 configID=24 time=523.47 num=0>
<Run 104 expID=3 configID=24 time=523.47 num=0>
<Run 104 expID=3 configID=24 time=523.47 num=0>
<Run 104 expID=3 configID=24 time=523.47 num=0>
<Run 104 expID=3 configID=24 time=523.47 num=0>
<Run 104 expID=3 configID=24 time=523.47 num=0>
<Run 104 expID=3 configID=24 time=523.47 num=0>
<Run 104 expID=3 configID=24 time=523.47 num=0>
<Run 104 expID=3 configID=24 time=523.47 num=0>
<Run 104 expID=3 configID=24 time=523.47 num=0>
<Run 104 expID=3 configID=24 time=523.47 num=0>
<Run 104 expID=3 configID=24 time=523.47 num=0>
<Run 104 expID=3 configID=24 time=523.47 num=0>
<Run 104 expID=3 configID=24 time=523.47 num=0>
<Run 104 expID=3 configID=24 time=523.47 num=0>
<Run 104 expID=3 configID=24 time=523.47 num=0>
<Run 104 expID=3 configID=24 time=523.47 num=0>
<Run 104 expID=3 configID=24 time=523.47 num=0>
<Run 104 expID=3 configID=24 time=523.47 num=0>
<Run 104 expID=3 configID=24 time=523.47 num=0>
<Run 104 expID=3 configID=24 time=523.47 num=0>
<Run 104 expID=3 configID=24 time=523.47 num=0>
<Run 104 expID=3 configID=24 time=523.47 num=0>
<Run 104 expID=3 configID=24 time=523.47 num=0>
<Run 104 expID=3 configID=24 time=523.47 num=0>
<Run 104 expID=3 configID=24 time=523.47 num=0>
<Run 104 expID=3 configID=24 time=523.47 num=0>
<Run 104 expID=3 configID=24 time=523.47 num=0>
<Run 104 expID=3 configID=24 time=523.47 num=0>
<Run 104 expID=3 configID=24 time=523.47 num=0>
<Run 104 expID=3 configID=24 time=523.47 num=0>
<Run 104 expID=3 configID=24 time=523.47 num=0>
<Run 104 expID=3 configID=24 time=523.47 num=0>
<Run 104 expID=3 configID=24 time=523.47 num=0>
<Run 104 expID=3 configID=24 time=523.47 num=0>
<Run 104 expID=3 configID=24 time=523.47 num=0>
<Run 104 expID=3 configID=24 time=523.47 num=0>
<Run 104 expID=3 configID=24 time=523.47 num=0>
<Run 104 expID=3 configID=24 time=523.47 num=0>
<Run 104 expID=3 configID=24 time=523.47 num=0>
<Run 104 expID=3 configID=24 time=523.47 num=0>
<Run 104 expID=3 configID=24 time=523.47 num=0>
<Run 104 expID=3 configID=24 time=523.47 num=0>
<Run 104 expID=3 configID=24 time=523.47 num=0>
<Run 104 expID=3 configID=24 time=523.47 num=0>
<Run 104 expID=3 configID=24 time=523.47 num=0>
<Run 104 expID=3 configID=24 time=523.47 num=0>
<Run 104 expID=3 configID=24 time=523.47 num=0>
<Run 104 expID=3 configID=24 time=523.47 num=0>
<Run 104 expID=3 configID=24 time=523.47 num=0>
<Run 104 expID=3 configID=24 time=523.47 num=0>
<Run 104 expID=3 configID=24 time=523.47 num=0>
<Run 104 expID=3 configID=24 time=523.47 num=0>
<Run 104 expID=3 configID=24 time=523.47 num=0>
<Run 104 expID=3 configID=24 time=523.47 num=0>
<Run 104 expID=3 configID=24 time=523.47 num=0>
<Run 104 expID=3 configID=24 time=523.47 num=0>
<Run 104 expID=3 configID=24 time=523.47 num=0>
<Run 104 expID=3 configID=24 time=523.47 num=0>
<Run 104 expID=3 configID=24 time=523.47 num=0>
<Run 104 expID=3 configID=24 time=523.47 num=0>
<Run 104 expID=3 configID=24 time=523.47 num=0>
<Run 104 expID=3 configID=24 time=523.47 num=0>
<Run 104 expID=3 configID=24 time=523.47 num=0>
<Run 104 expID=3 configID=24 time=523.47 num=0>
<Run 104 expID=3 configID=24 time=523.47 num=0>
<Run 104 expID=3 configID=24 time=523.47 num=0>
<Run 104 expID=3 configID=24 time=523.47 num=0>
<Run 104 expID=3 configID=24 time=523.47 num=0>
<Run 104 expID=3 configID=24 time=523.47 num=0>
<Run 104 expID=3 configID=24 time=523.47 num=0>
<Run 104 expID=3 configID=24 time=523.47 num=0>
<Run 104 expID=3 configID=24 time=523.47 num=0>
<Run 104 expID=3 configID=24 time=523.47 num=0>
<Run 104 expID=3 configID=24 time=523.47 num=0>
<Run 104 expID=3 configID=24 time=523.47 num=0>
<Run 104 expID=3 configID=24 time=523.47 num=0>
<Run 104 expID=3 configID=24 time=523.47 num=0>
<Run 104 expID=3 configID=24 time=523.47 num=0>
<Run 104 expID=3 configID=24 time=523.47 num=0>
<Run 104 expID=3 configID=24 time=523.47 num=0>
<Run 104 expID=3 configID=24 time=523.47 num=0>
<Run 104 expID=3 configID=24 time=523.47 num=0>
<Run 104 expID=3 configID=24 time=523.47 num=0>
<Run 104 expID=3 configID=24 time=523.47 num=0>
<Run 104 expID=3 configID=24 time=523.47 num=0>
<Run 104 expID=3 configID=24 time=523.47 num=0>
<Run 104 expID=3 configID=24 time=523.47 num=0>
<Run 104 expID=3 configID=24 time=523.47 num=0>
<Run 104 expID=3 configID=24 time=523.47 num=0>
<Run 104 expID=3 configID=24 time=523.47 num=0>
<Run 104 expID=3 configID=24 time=523.47 num=0>
<Run 104 expID=3 configID=24 time=523.47 num=0>
<Run 104 expID=3 configID=24 time=523.47 num=0>
<Run 104 expID=3 configID=24 time=523.47 num=0>
<Run 104 expID=3 configID=24 time=523.47 num=0>
<Run 104 expID=3 configID=24 time=523.47 num=0>
<Run 104 expID=3 configID=24 time=523.47 num=0>
<Run 104 expID=3 configID=24 time=523.47 num=0>
<Run 104 expID=3 configID=24 time=523.47 num=0>
<Run 104 expID=3 configID=24 time=523.47 num=0>
<Run 104 expID=3 configID=24 time=523.47 num=0>
<Run 104 expID=3 configID=24 time=523.47 num=0>
<Run 104 expID=3 configID=24 time=523.47 num=0>
<Run 104 expID=3 configID=24 time=523.47 num=0>
<Run 104 expID=3 configID=24 time=523.47 num=0>
<Run 104 expID=3 configID=24 time=523.47 num=0>
<Run 104 expID=3 configID=24 time=523.47 num=0>
<Run 104 expID=3 configID=24 time=523.47 num=0>
<Run 104 expID=3 configID=24 time=523.47 num=0>
<Run 104 expID=3 configID=24 time=523.47 num=0>
<Run 104 expID=3 configID=24 time=523.47 num=0>
<Run 104 expID=3 configID=24 time=523.47 num=0>
<Run 104 expID=3 configID=24 time=523.47 num=0>
<Run 104 expID=3 configID=24 time=523.47 num=0>
<Run 104 expID=3 configID=24 time=523.47 num=0>
<Run 104 expID=3 configID=24 time=523.47 num=0>
<Run 104 expID=3 configID=24 time=523.47 num=0>
<Run 104 expID=3 configID=24 time=523.47 num=0>
<Run 104 expID=3 configID=24 time=523.47 num=0>
<Run 104 expID=3 configID=24 time=523.47 num=0>
<Run 104 expID=3 configID=24 time=523.47 num=0>
<Run 104 expID=3 configID=24 time=523.47 num=0>
<Run 104 expID=3 configID=24 time=523.47 num=0>
<Run 104 expID=3 configID=24 time=523.47 num=0>
<Run 104 expID=3 configID=24 time=523.47 num=0>
<Run 104 expID=3 configID=24 time=523.47 num=0>
<Run 104 expID=3 configID=24 time=523.47 num=0>
<Run 104 expID=3 configID=24 time=523.47 num=0>
<Run 104 expID=3 configID=24 time=523.47 num=0>
<Run 104 expID=3 configID=24 time=523.47 num=0>
<Run 104 expID=3 configID=24 time=523.47 num=0>
<Run 104 expID=3 configID=24 time=523.47 num=0>
<Run 104 expID=3 configID=24 time=523.47 num=0>
<Run 104 expID=3 configID=24 time=523.47 num=0>
<Run 104 expID=3 configID=24 time=523.47 num=0>
<Run 104 expID=3 configID=24 time=523.47 num=0>
<Run 104 expID=3 configID=24 time=523.47 num=0>
<Run 104 expID=3 configID=24 time=523.47 num=0>
<Run 104 expID=3 configID=24 time=523.47 num=0>
<Run 104 expID=3 configID=24 time=523.47 num=0>
<Run 104 expID=3 configID=24 time=523.47 num=0>
<Run 104 expID=3 configID=24 time=523.47 num=0>
<Run 104 expID=3 configID=24 time=523.47 num=0>
<Run 104 expID=3 configID=24 time=523.47 num=0>
<Run 104 expID=3 configID=24 time=523.47 num=0>
<Run 104 expID=3 configID=24 time=523.47 num=0>
<Run 104 expID=3 configID=24 time=523.47 num=0>
<Run 104 expID=3 configID=24 time=523.47 num=0>
<Run 104 expID=3 configID=24 time=523.47 num=0>
<Run 104 expID=3 configID=24 time=523.47 num=0>
<Run 104 expID=3 configID=24 time=523.47 num=0>
<Run 104 expID=3 configID=24 time=523.47 num=0>
<Run 104 expID=3 configID=24 time=523.47 num=0>
<Run 104 expID=3 configID=24 time=523.47 num=0>
<Run 104 expID=3 configID=24 time=523.47 num=0>
<Run 104 expID=3 configID=24 time=523.47 num=0>
<Run 104 expID=3 configID=24 time=523.47 num=0>
<Run 104 expID=3 configID=24 time=523.47 num=0>
<Run 104 expID=3 configID=24 time=523.47 num=0>
<Run 104 expID=3 configID=24 time=523.47 num=0>
<Run 104 expID=3 configID=24 time=523.47 num=0>
<Run 104 expID=3 configID=24 time=523.47 num=0>
<Run 104 expID=3 configID=24 time=523.47 num=0>
<Run 104 expID=3 configID=24 time=523.47 num=0>
<Run 104 expID=3 configID=24 time=523.47 num=0>
<Run 104 expID=3 configID=24 time=523.47 num=0>
<Run 104 expID=3 configID=24 time=523.47 num=0>
<Run 104 expID=3 configID=24 time=523.47 num=0>
<Run 104 expID=3 configID=24 time=523.47 num=0>
<Run 104 expID=3 configID=24 time=523.47 num=0>
<Run 104 expID=3 configID=24 time=523.47 num=0>
<Run 104 expID=3 configID=24 time=523.47 num=0>
<Run 104 expID=3 configID=24 time=523.47 num=0>
<Run 104 expID=3 configID=24 time=523.47 num=0>
<Run 104 expID=3 configID=24 time=523.47 num=0>
<Run 104 expID=3 configID=24 time=523.47 num=0>
<Run 104 expID=3 configID=24 time=523.47 num=0>
<Run 104 expID=3 configID=24 time=523.47 num=0>
<Run 104 expID=3 configID=24 time=523.47 num=0>
<Run 104 expID=3 configID=24 time=523.47 num=0>
<Run 104 expID=3 configID=24 time=523.47 num=0>
<Run 104 expID=3 configID=24 time=523.47 num=0>
<Run 104 expID=3 configID=24 time=523.47 num=0>
<Run 104 expID=3 configID=24 time=523.47 num=0>
<Run 104 expID=3 configID=24 time=523.47 num=0>
<Run 104 expID=3 configID=24 time=523.47 num=0>
<Run 104 expID=3 configID=24 time=523.47 num=0>
<Run 104 expID=3 configID=24 time=523.47 num=0>
<Run 104 expID=3 configID=24 time=523.47 num=0>
<Run 104 expID=3 configID=24 time=523.47 num=0>
<Run 104 expID=3 configID=24 time=523.47 num=0>
<Run 104 expID=3 configID=24 time=523.47 num=0>
<Run 104 expID=3 configID=24 time=523.47 num=0>
<Run 104 expID=3 configID=24 time=523.47 num=0>
<Run 104 expID=3 configID=24 time=523.47 num=0>
<Run 104 expID=3 configID=24 time=523.47 num=0>
<Run 104 expID=3 configID=24 time=523.47 num=0>
<Run 104 expID=3 configID=24 time=523.47 num=0>
<Run 104 expID=3 configID=24 time=523.47 num=0>
<Run 104 expID=3 configID=24 time=523.47 num=0>
<Run 104 expID=3 configID=24 time=523.47 num=0>
<Run 104 expID=3 configID=24 time=523.47 num=0>
<Run 104 expID=3 configID=24 time=523.47 num=0>
<Run 104 expID=3 configID=24 time=523.47 num=0>
<Run 104 expID=3 configID=24 time=523.47 num=0>
<Run 104 expID=3 configID=24 time=523.47 num=0>
<Run 104 expID=3 configID=24 time=523.47 num=0>
<Run 104 expID=3 configID=24 time=523.47 num=0>
<Run 104 expID=3 configID=24 time=523.47 num=0>
<Run 104 expID=3 configID=24 time=523.47 num=0>
<Run 104 expID=3 configID=24 time=523.47 num=0>
<Run 104 expID=3 configID=24 time=523.47 num=0>
<Run 104 expID=3 configID=24 time=523.47 num=0>
<Run 104 expID=3 configID=24 time=523.47 num=0>
<Run 104 expID=3 configID=24 time=523.47 num=0>
<Run 104 expID=3 configID=24 time=523.47 num=0>
<Run 104 expID=3 configID=24 time=523.47 num=0>
<Run 104 expID=3 configID=24 time=523.47 num=0>
<Run 104 expID=3 configID=24 time=523.47 num=0>
<Run 104 expID=3 configID=24 time=523.47 num=0>
<Run 104 expID=3 configID=24 time=523.47 num=0>
<Run 104 expID=3 configID=24 time=523.47 num=0>
<Run 104 expID=3 configID=24 time=523.47 num=0>
<Run 104 expID=3 configID=24 time=523.47 num=0>
<Run 104 expID=3 configID=24 time=523.47 num=0>
<Run 104 expID=3 configID=24 time=523.47 num=0>
<Run 104 expID=3 configID=24 time=523.47 num=0>
<Run 104 expID=3 configID=24 time=523.47 num=0>
<Run 104 expID=3 configID=24 time=523.47 num=0>
<Run 104 expID=3 configID=24 time=523.47 num=0>
<Run 104 expID=3 configID=24 time=523.47 num=0>
<Run 104 expID=3 configID=24 time=523.47 num=0>
<Run 104 expID=3 configID=24 time=523.47 num=0>
<Run 104 expID=3 configID=24 time=523.47 num=0>
<Run 104 expID=3 configID=24 time=523.47 num=0>
<Run 104 expID=3 configID=24 time=523.47 num=0>
<Run 104 expID=3 configID=24 time=523.47 num=0>
<Run 104 expID=3 configID=24 time=523.47 num=0>
<Run 104 expID=3 configID=24 time=523.47 num=0>
<Run 104 expID=3 configID=24 time=523.47 num=0>
<Run 104 expID=3 configID=24 time=523.47 num=0>
<Run 104 expID=3 configID=24 time=523.47 num=0>
<Run 104 expID=3 configID=24 time=523.47 num=0>
<Run 104 expID=3 configID=24 time=523.47 num=0>
<Run 104 expID=3 configID=24 time=523.47 num=0>
<Run 104 expID=3 configID=24 time=523.47 num=0>
<Run 104 expID=3 configID=24 time=523.47 num=0>
<Run 104 expID=3 configID=24 time=523.47 num=0>
<Run 104 expID=3 configID=24 time=523.47 num=0>
<Run 104 expID=3 configID=24 time=523.47 num=0>
<Run 104 expID=3 configID=24 time=523.47 num=0>
<Run 104 expID=3 configID=24 time=523.47 num=0>
<Run 104 expID=3 configID=24 time=523.47 num=0>
<Run 104 expID=3 configID=24 time=523.47 num=0>
<Run 104 expID=3 configID=24 time=523.47 num=0>
<Run 104 expID=3 configID=24 time=523.47 num=0>
<Run 104 expID=3 configID=24 time=523.47 num=0>
<Run 104 expID=3 configID=24 time=523.47 num=0>
<Run 104 expID=3 configID=24 time=523.47 num=0>
<Run 104 expID=3 configID=24 time=523.47 num=0>
<Run 104 expID=3 configID=24 time=523.47 num=0>
<Run 104 expID=3 configID=24 time=523.47 num=0>
<Run 104 expID=3 configID=24 time=523.47 num=0>
<Run 104 expID=3 configID=24 time=523.47 num=0>
<Run 104 expID=3 configID=24 time=523.47 num=0>
<Run 104 expID=3 configID=24 time=523.47 num=0>
<Run 104 expID=3 configID=24 time=523.47 num=0>
<Run 104 expID=3 configID=24 time=523.47 num=0>
<Run 104 expID=3 configID=24 time=523.47 num=0>
<Run 104 expID=3 configID=24 time=523.47 num=0>
<Run 104 expID=3 configID=24 time=523.47 num=0>
<Run 104 expID=3 configID=24 time=523.47 num=0>
<Run 104 expID=3 configID=24 time=523.47 num=0>
<Run 104 expID=3 configID=24 time=523.47 num=0>
<Run 104 expID=3 configID=24 time=523.47 num=0>
<Run 104 expID=3 configID=24 time=523.47 num=0>
<Run 104 expID=3 configID=24 time=523.47 num=0>
<Run 104 expID=3 configID=24 time=523.47 num=0>
<Run 104 expID=3 configID=24 time=523.47 num=0>
<Run 104 expID=3 configID=24 time=523.47 num=0>
<Run 104 expID=3 configID=24 time=523.47 num=0>
<Run 104 expID=3 configID=24 time=523.47 num=0>
<Run 104 expID=3 configID=24 time=523.47 num=0>
<Run 104 expID=3 configID=24 time=523.47 num=0>
<Run 104 expID=3 configID=24 time=523.47 num=0>
<Run 104 expID=3 configID=24 time=523.47 num=0>
<Run 104 expID=3 configID=24 time=523.47 num=0>
<Run 104 expID=3 configID=24 time=523.47 num=0>
<Run 104 expID=3 configID=24 time=523.47 num=0>
<Run 104 expID=3 configID=24 time=523.47 num=0>
<Run 104 expID=3 configID=24 time=523.47 num=0>
<Run 104 expID=3 configID=24 time=523.47 num=0>
<Run 104 expID=3 configID=24 time=523.47 num=0>
<Run 104 expID=3 configID=24 time=523.47 num=0>
<Run 104 expID=3 configID=24 time=523.47 num=0>
<Run 104 expID=3 configID=24 time=523.47 num=0>
<Run 104 expID=3 configID=24 time=523.47 num=0>
<Run 104 expID=3 configID=24 time=523.47 num=0>
<Run 104 expID=3 configID=24 time=523.47 num=0>
<Run 104 expID=3 configID=24 time=523.47 num=0>
<Run 104 expID=3 configID=24 time=523.47 num=0>
<Run 104 expID=3 configID=24 time=523.47 num=0>
<Run 104 expID=3 configID=24 time=523.47 num=0>
<Run 104 expID=3 configID=24 time=523.47 num=0>
<Run 104 expID=3 configID=24 time=523.47 num=0>
<Run 104 expID=3 configID=24 time=523.47 num=0>
<Run 104 expID=3 configID=24 time=523.47 num=0>
<Run 104 expID=3 configID=24 time=523.47 num=0>
<Run 104 expID=3 configID=24 time=523.47 num=0>
<Run 104 expID=3 configID=24 time=523.47 num=0>
<Run 104 expID=3 configID=24 time=523.47 num=0>
<Run 104 expID=3 configID=24 time=523.47 num=0>
<Run 104 expID=3 configID=24 time=523.47 num=0>
<Run 104 expID=3 configID=24 time=523.47 num=0>
<Run 104 expID=3 configID=24 time=523.47 num=0>
<Run 104 expID=3 configID=24 time=523.47 num=0>
<Run 104 expID=3 configID=24 time=523.47 num=0>
<Run 104 expID=3 configID=24 time=523.47 num=0>
<Run 104 expID=3 configID=24 time=523.47 num=0>
<Run 104 expID=3 configID=24 time=523.47 num=0>
<Run 104 expID=3 configID=24 time=523.47 num=0>
<Run 104 expID=3 configID=24 time=523.47 num=0>
<Run 104 expID=3 configID=24 time=523.47 num=0>
<Run 104 expID=3 configID=24 time=523.47 num=0>
<Run 104 expID=3 configID=24 time=523.47 num=0>
<Run 104 expID=3 configID=24 time=523.47 num=0>
<Run 104 expID=3 configID=24 time=523.47 num=0>
<Run 104 expID=3 configID=24 time=523.47 num=0>
<Run 104 expID=3 configID=24 time=523.47 num=0>
<Run 104 expID=3 configID=24 time=523.47 num=0>
<Run 104 expID=3 configID=24 time=523.47 num=0>
<Run 104 expID=3 configID=24 time=523.47 num=0>
<Run 104 expID=3 configID=24 time=523.47 num=0>
<Run 104 expID=3 configID=24 time=523.47 num=0>
<Run 104 expID=3 configID=24 time=540.5423220522 num=1>
kmeans
/home/qh/Documents/cherrypick-sandbox/spearmint/examples/typeca/experiment.txt
experiment:  <Experiment 4 name='kmeans' count=0>
runs:  [<Run 144 expID=4 configID=24 time=294.76 num=0>]
<Run 144 expID=4 configID=24 time=294.76 num=0>
<Run 144 expID=4 configID=24 time=294.76 num=0>
<Run 144 expID=4 configID=24 time=294.76 num=0>
<Run 144 expID=4 configID=24 time=294.76 num=0>
<Run 144 expID=4 configID=24 time=294.76 num=0>
<Run 144 expID=4 configID=24 time=294.76 num=0>
<Run 144 expID=4 configID=24 time=294.76 num=0>
<Run 144 expID=4 configID=24 time=294.76 num=0>
<Run 144 expID=4 configID=24 time=294.76 num=0>
<Run 144 expID=4 configID=24 time=294.76 num=0>
<Run 144 expID=4 configID=24 time=294.76 num=0>
<Run 144 expID=4 configID=24 time=294.76 num=0>
<Run 144 expID=4 configID=24 time=294.76 num=0>
<Run 144 expID=4 configID=24 time=294.76 num=0>
<Run 144 expID=4 configID=24 time=294.76 num=0>
<Run 144 expID=4 configID=24 time=294.76 num=0>
<Run 144 expID=4 configID=24 time=294.76 num=0>
<Run 144 expID=4 configID=24 time=294.76 num=0>
<Run 144 expID=4 configID=24 time=294.76 num=0>
<Run 144 expID=4 configID=24 time=294.76 num=0>
<Run 144 expID=4 configID=24 time=294.76 num=0>
<Run 144 expID=4 configID=24 time=294.76 num=0>
<Run 144 expID=4 configID=24 time=294.76 num=0>
<Run 144 expID=4 configID=24 time=294.76 num=0>
<Run 144 expID=4 configID=24 time=294.76 num=0>
<Run 144 expID=4 configID=24 time=294.76 num=0>
<Run 144 expID=4 configID=24 time=294.76 num=0>
<Run 144 expID=4 configID=24 time=294.76 num=0>
<Run 144 expID=4 configID=24 time=294.76 num=0>
<Run 144 expID=4 configID=24 time=294.76 num=0>
<Run 144 expID=4 configID=24 time=294.76 num=0>
<Run 144 expID=4 configID=24 time=294.76 num=0>
<Run 144 expID=4 configID=24 time=294.76 num=0>
<Run 144 expID=4 configID=24 time=294.76 num=0>
<Run 144 expID=4 configID=24 time=294.76 num=0>
<Run 144 expID=4 configID=24 time=294.76 num=0>
<Run 144 expID=4 configID=24 time=294.76 num=0>
<Run 144 expID=4 configID=24 time=294.76 num=0>
<Run 144 expID=4 configID=24 time=294.76 num=0>
<Run 144 expID=4 configID=24 time=294.76 num=0>
<Run 144 expID=4 configID=24 time=294.76 num=0>
<Run 144 expID=4 configID=24 time=294.76 num=0>
<Run 144 expID=4 configID=24 time=294.76 num=0>
<Run 144 expID=4 configID=24 time=294.76 num=0>
<Run 144 expID=4 configID=24 time=294.76 num=0>
<Run 144 expID=4 configID=24 time=294.76 num=0>
<Run 144 expID=4 configID=24 time=294.76 num=0>
<Run 144 expID=4 configID=24 time=294.76 num=0>
<Run 144 expID=4 configID=24 time=294.76 num=0>
<Run 144 expID=4 configID=24 time=294.76 num=0>
<Run 144 expID=4 configID=24 time=294.76 num=0>
<Run 144 expID=4 configID=24 time=294.76 num=0>
<Run 144 expID=4 configID=24 time=294.76 num=0>
<Run 144 expID=4 configID=24 time=294.76 num=0>
<Run 144 expID=4 configID=24 time=294.76 num=0>
<Run 144 expID=4 configID=24 time=294.76 num=0>
<Run 144 expID=4 configID=24 time=294.76 num=0>
<Run 144 expID=4 configID=24 time=294.76 num=0>
<Run 144 expID=4 configID=24 time=294.76 num=0>
<Run 144 expID=4 configID=24 time=294.76 num=0>
<Run 144 expID=4 configID=24 time=294.76 num=0>
<Run 144 expID=4 configID=24 time=294.76 num=0>
<Run 144 expID=4 configID=24 time=294.76 num=0>
<Run 144 expID=4 configID=24 time=294.76 num=0>
<Run 144 expID=4 configID=24 time=294.76 num=0>
<Run 144 expID=4 configID=24 time=294.76 num=0>
<Run 144 expID=4 configID=24 time=294.76 num=0>
<Run 144 expID=4 configID=24 time=294.76 num=0>
<Run 144 expID=4 configID=24 time=294.76 num=0>
<Run 144 expID=4 configID=24 time=294.76 num=0>
<Run 144 expID=4 configID=24 time=294.76 num=0>
<Run 144 expID=4 configID=24 time=294.76 num=0>
<Run 144 expID=4 configID=24 time=294.76 num=0>
<Run 144 expID=4 configID=24 time=294.76 num=0>
<Run 144 expID=4 configID=24 time=294.76 num=0>
<Run 144 expID=4 configID=24 time=294.76 num=0>
<Run 144 expID=4 configID=24 time=294.76 num=0>
<Run 144 expID=4 configID=24 time=294.76 num=0>
<Run 144 expID=4 configID=24 time=294.76 num=0>
<Run 144 expID=4 configID=24 time=294.76 num=0>
<Run 144 expID=4 configID=24 time=294.76 num=0>
<Run 144 expID=4 configID=24 time=294.76 num=0>
<Run 144 expID=4 configID=24 time=294.76 num=0>
<Run 144 expID=4 configID=24 time=294.76 num=0>
<Run 144 expID=4 configID=24 time=294.76 num=0>
<Run 144 expID=4 configID=24 time=294.76 num=0>
<Run 144 expID=4 configID=24 time=294.76 num=0>
<Run 144 expID=4 configID=24 time=294.76 num=0>
<Run 144 expID=4 configID=24 time=294.76 num=0>
<Run 144 expID=4 configID=24 time=294.76 num=0>
<Run 144 expID=4 configID=24 time=294.76 num=0>
<Run 144 expID=4 configID=24 time=294.76 num=0>
<Run 144 expID=4 configID=24 time=294.76 num=0>
<Run 144 expID=4 configID=24 time=294.76 num=0>
<Run 144 expID=4 configID=24 time=294.76 num=0>
<Run 144 expID=4 configID=24 time=294.76 num=0>
<Run 144 expID=4 configID=24 time=294.76 num=0>
<Run 144 expID=4 configID=24 time=294.76 num=0>
<Run 144 expID=4 configID=24 time=294.76 num=0>
<Run 144 expID=4 configID=24 time=294.76 num=0>
<Run 144 expID=4 configID=24 time=294.76 num=0>
<Run 144 expID=4 configID=24 time=294.76 num=0>
<Run 144 expID=4 configID=24 time=294.76 num=0>
<Run 144 expID=4 configID=24 time=294.76 num=0>
<Run 144 expID=4 configID=24 time=294.76 num=0>
<Run 144 expID=4 configID=24 time=294.76 num=0>
<Run 144 expID=4 configID=24 time=294.76 num=0>
<Run 144 expID=4 configID=24 time=294.76 num=0>
<Run 144 expID=4 configID=24 time=294.76 num=0>
<Run 144 expID=4 configID=24 time=294.76 num=0>
<Run 144 expID=4 configID=24 time=294.76 num=0>
<Run 144 expID=4 configID=24 time=294.76 num=0>
<Run 144 expID=4 configID=24 time=294.76 num=0>
<Run 144 expID=4 configID=24 time=294.76 num=0>
<Run 144 expID=4 configID=24 time=294.76 num=0>
<Run 144 expID=4 configID=24 time=294.76 num=0>
<Run 144 expID=4 configID=24 time=294.76 num=0>
<Run 144 expID=4 configID=24 time=294.76 num=0>
<Run 144 expID=4 configID=24 time=294.76 num=0>
<Run 144 expID=4 configID=24 time=294.76 num=0>
<Run 144 expID=4 configID=24 time=294.76 num=0>
<Run 144 expID=4 configID=24 time=294.76 num=0>
<Run 144 expID=4 configID=24 time=294.76 num=0>
<Run 144 expID=4 configID=24 time=294.76 num=0>
<Run 144 expID=4 configID=24 time=294.76 num=0>
<Run 144 expID=4 configID=24 time=294.76 num=0>
<Run 144 expID=4 configID=24 time=294.76 num=0>
<Run 144 expID=4 configID=24 time=294.76 num=0>
<Run 144 expID=4 configID=24 time=294.76 num=0>
<Run 144 expID=4 configID=24 time=294.76 num=0>
<Run 144 expID=4 configID=24 time=294.76 num=0>
<Run 144 expID=4 configID=24 time=294.76 num=0>
<Run 144 expID=4 configID=24 time=294.76 num=0>
<Run 144 expID=4 configID=24 time=294.76 num=0>
<Run 144 expID=4 configID=24 time=294.76 num=0>
<Run 144 expID=4 configID=24 time=294.76 num=0>
<Run 144 expID=4 configID=24 time=294.76 num=0>
<Run 144 expID=4 configID=24 time=294.76 num=0>
<Run 144 expID=4 configID=24 time=294.76 num=0>
<Run 144 expID=4 configID=24 time=294.76 num=0>
<Run 144 expID=4 configID=24 time=294.76 num=0>
<Run 144 expID=4 configID=24 time=294.76 num=0>
<Run 144 expID=4 configID=24 time=294.76 num=0>
<Run 144 expID=4 configID=24 time=294.76 num=0>
<Run 144 expID=4 configID=24 time=294.76 num=0>
<Run 144 expID=4 configID=24 time=294.76 num=0>
<Run 144 expID=4 configID=24 time=294.76 num=0>
<Run 144 expID=4 configID=24 time=294.76 num=0>
<Run 144 expID=4 configID=24 time=294.76 num=0>
<Run 144 expID=4 configID=24 time=294.76 num=0>
<Run 144 expID=4 configID=24 time=294.76 num=0>
<Run 144 expID=4 configID=24 time=294.76 num=0>
<Run 144 expID=4 configID=24 time=294.76 num=0>
<Run 144 expID=4 configID=24 time=294.76 num=0>
<Run 144 expID=4 configID=24 time=294.76 num=0>
<Run 144 expID=4 configID=24 time=294.76 num=0>
<Run 144 expID=4 configID=24 time=294.76 num=0>
<Run 144 expID=4 configID=24 time=294.76 num=0>
<Run 144 expID=4 configID=24 time=294.76 num=0>
<Run 144 expID=4 configID=24 time=294.76 num=0>
<Run 144 expID=4 configID=24 time=294.76 num=0>
<Run 144 expID=4 configID=24 time=294.76 num=0>
<Run 144 expID=4 configID=24 time=294.76 num=0>
<Run 144 expID=4 configID=24 time=294.76 num=0>
<Run 144 expID=4 configID=24 time=294.76 num=0>
<Run 144 expID=4 configID=24 time=294.76 num=0>
<Run 144 expID=4 configID=24 time=294.76 num=0>
<Run 144 expID=4 configID=24 time=294.76 num=0>
<Run 144 expID=4 configID=24 time=294.76 num=0>
<Run 144 expID=4 configID=24 time=294.76 num=0>
<Run 144 expID=4 configID=24 time=294.76 num=0>
<Run 144 expID=4 configID=24 time=294.76 num=0>
<Run 144 expID=4 configID=24 time=294.76 num=0>
<Run 144 expID=4 configID=24 time=294.76 num=0>
<Run 144 expID=4 configID=24 time=294.76 num=0>
<Run 144 expID=4 configID=24 time=294.76 num=0>
<Run 144 expID=4 configID=24 time=294.76 num=0>
<Run 144 expID=4 configID=24 time=294.76 num=0>
<Run 144 expID=4 configID=24 time=294.76 num=0>
<Run 144 expID=4 configID=24 time=294.76 num=0>
<Run 144 expID=4 configID=24 time=294.76 num=0>
<Run 144 expID=4 configID=24 time=294.76 num=0>
<Run 144 expID=4 configID=24 time=294.76 num=0>
<Run 144 expID=4 configID=24 time=294.76 num=0>
<Run 144 expID=4 configID=24 time=294.76 num=0>
<Run 144 expID=4 configID=24 time=294.76 num=0>
<Run 144 expID=4 configID=24 time=294.76 num=0>
<Run 144 expID=4 configID=24 time=294.76 num=0>
<Run 144 expID=4 configID=24 time=294.76 num=0>
<Run 144 expID=4 configID=24 time=294.76 num=0>
<Run 144 expID=4 configID=24 time=294.76 num=0>
<Run 144 expID=4 configID=24 time=294.76 num=0>
<Run 144 expID=4 configID=24 time=294.76 num=0>
<Run 144 expID=4 configID=24 time=294.76 num=0>
<Run 144 expID=4 configID=24 time=294.76 num=0>
<Run 144 expID=4 configID=24 time=294.76 num=0>
<Run 144 expID=4 configID=24 time=294.76 num=0>
<Run 144 expID=4 configID=24 time=294.76 num=0>
<Run 144 expID=4 configID=24 time=294.76 num=0>
<Run 144 expID=4 configID=24 time=294.76 num=0>
<Run 144 expID=4 configID=24 time=294.76 num=0>
<Run 144 expID=4 configID=24 time=294.76 num=0>
<Run 144 expID=4 configID=24 time=294.76 num=0>
<Run 144 expID=4 configID=24 time=294.76 num=0>
<Run 144 expID=4 configID=24 time=294.76 num=0>
<Run 144 expID=4 configID=24 time=294.76 num=0>
<Run 144 expID=4 configID=24 time=294.76 num=0>
<Run 144 expID=4 configID=24 time=294.76 num=0>
<Run 144 expID=4 configID=24 time=342.2254869502 num=1>
total cost:  7188.29817359
Got result 8.880210

Job file reloaded.
Completed successfully in 8464.78 seconds. [8.880210]
setting job 20057 complete
set...
