Running in wrapper mode for '13'

Running python job.

[u'c3'] [u'large'] [8]
terasort
/home/vode/pj/cherrypick-sandbox/spearmint/examples/typeaa/experiment.txt
experiment:  <Experiment 1 name='terasort' count=0>
runs:  [<Run 3 expID=1 configID=3 time=98.42 num=1>]
<Run 3 expID=1 configID=3 time=98.42 num=0>
<Run 3 expID=1 configID=3 time=98.42 num=0>
<Run 3 expID=1 configID=3 time=98.42 num=0>
<Run 3 expID=1 configID=3 time=98.42 num=0>
<Run 3 expID=1 configID=3 time=98.42 num=0>
<Run 3 expID=1 configID=3 time=98.42 num=0>
<Run 3 expID=1 configID=3 time=98.42 num=0>
<Run 3 expID=1 configID=3 time=98.42 num=0>
<Run 3 expID=1 configID=3 time=98.42 num=0>
<Run 3 expID=1 configID=3 time=98.42 num=0>
<Run 3 expID=1 configID=3 time=98.42 num=0>
<Run 3 expID=1 configID=3 time=98.42 num=0>
<Run 3 expID=1 configID=3 time=98.42 num=0>
<Run 3 expID=1 configID=3 time=98.42 num=1>
<Run 3 expID=1 configID=3 time=98.42 num=1>
<Run 3 expID=1 configID=3 time=98.42 num=1>
<Run 3 expID=1 configID=3 time=98.42 num=1>
<Run 3 expID=1 configID=3 time=98.42 num=1>
<Run 3 expID=1 configID=3 time=98.42 num=1>
<Run 3 expID=1 configID=3 time=98.42 num=1>
testdfsio
/home/vode/pj/cherrypick-sandbox/spearmint/examples/typeaa/experiment.txt
experiment:  <Experiment 2 name='testdfsio' count=0>
runs:  [<Run 43 expID=2 configID=3 time=47.47 num=1>]
tpcds
/home/vode/pj/cherrypick-sandbox/spearmint/examples/typeaa/experiment.txt
experiment:  <Experiment 5 name='tpcds' count=0>
runs:  [<Run 163 expID=5 configID=3 time=88.17 num=1>]
spark
/home/vode/pj/cherrypick-sandbox/spearmint/examples/typeaa/experiment.txt
experiment:  <Experiment 3 name='spark' count=0>
runs:  [<Run 83 expID=3 configID=3 time=477.84 num=1>]
kmeans
/home/vode/pj/cherrypick-sandbox/spearmint/examples/typeaa/experiment.txt
experiment:  <Experiment 4 name='kmeans' count=0>
runs:  [<Run 123 expID=4 configID=3 time=296.51 num=1>]
total cost:  6044.34156831
Got result 8.706878

Job file reloaded.
Completed successfully in 100.21 seconds. [8.706878]
setting job 13 complete
set...
