Running in wrapper mode for '11'

Running python job.

[u'r2'] [u'large'] [2]
terasort
/home/vode/pj/cherrypick-sandbox/spearmint/examples/typeaa/experiment.txt
experiment:  <Experiment 1 name='terasort' count=0>
runs:  [<Run 25 expID=1 configID=25 time=79.16 num=1>]
<Run 25 expID=1 configID=25 time=79.16 num=0>
<Run 25 expID=1 configID=25 time=79.16 num=0>
<Run 25 expID=1 configID=25 time=79.16 num=0>
<Run 25 expID=1 configID=25 time=79.16 num=0>
<Run 25 expID=1 configID=25 time=79.16 num=0>
<Run 25 expID=1 configID=25 time=79.16 num=0>
<Run 25 expID=1 configID=25 time=79.16 num=0>
<Run 25 expID=1 configID=25 time=79.16 num=0>
<Run 25 expID=1 configID=25 time=79.16 num=0>
<Run 25 expID=1 configID=25 time=79.16 num=0>
<Run 25 expID=1 configID=25 time=79.16 num=0>
<Run 25 expID=1 configID=25 time=79.16 num=0>
<Run 25 expID=1 configID=25 time=79.16 num=0>
<Run 25 expID=1 configID=25 time=79.16 num=0>
<Run 25 expID=1 configID=25 time=79.16 num=0>
<Run 25 expID=1 configID=25 time=79.16 num=0>
<Run 25 expID=1 configID=25 time=79.16 num=0>
<Run 25 expID=1 configID=25 time=79.16 num=0>
<Run 25 expID=1 configID=25 time=79.16 num=0>
<Run 25 expID=1 configID=25 time=79.16 num=0>
<Run 25 expID=1 configID=25 time=79.16 num=0>
<Run 25 expID=1 configID=25 time=79.16 num=0>
<Run 25 expID=1 configID=25 time=79.16 num=0>
<Run 25 expID=1 configID=25 time=79.16 num=0>
<Run 25 expID=1 configID=25 time=79.16 num=0>
<Run 25 expID=1 configID=25 time=79.16 num=0>
<Run 25 expID=1 configID=25 time=79.16 num=0>
<Run 25 expID=1 configID=25 time=79.16 num=0>
<Run 25 expID=1 configID=25 time=79.16 num=0>
<Run 25 expID=1 configID=25 time=79.16 num=0>
<Run 25 expID=1 configID=25 time=79.16 num=0>
<Run 25 expID=1 configID=25 time=79.16 num=0>
<Run 25 expID=1 configID=25 time=79.16 num=0>
<Run 25 expID=1 configID=25 time=79.16 num=0>
<Run 25 expID=1 configID=25 time=79.16 num=0>
<Run 25 expID=1 configID=25 time=79.16 num=0>
<Run 25 expID=1 configID=25 time=79.16 num=0>
<Run 25 expID=1 configID=25 time=79.16 num=0>
<Run 25 expID=1 configID=25 time=79.16 num=0>
<Run 25 expID=1 configID=25 time=79.16 num=0>
<Run 25 expID=1 configID=25 time=79.16 num=0>
<Run 25 expID=1 configID=25 time=79.16 num=0>
<Run 25 expID=1 configID=25 time=79.16 num=0>
<Run 25 expID=1 configID=25 time=79.16 num=0>
<Run 25 expID=1 configID=25 time=79.16 num=0>
<Run 25 expID=1 configID=25 time=79.16 num=0>
<Run 25 expID=1 configID=25 time=79.16 num=0>
<Run 25 expID=1 configID=25 time=79.16 num=1>
<Run 25 expID=1 configID=25 time=79.16 num=1>
<Run 25 expID=1 configID=25 time=79.16 num=1>
<Run 25 expID=1 configID=25 time=79.16 num=1>
<Run 25 expID=1 configID=25 time=79.16 num=1>
<Run 25 expID=1 configID=25 time=79.16 num=1>
<Run 25 expID=1 configID=25 time=79.16 num=1>
testdfsio
/home/vode/pj/cherrypick-sandbox/spearmint/examples/typeaa/experiment.txt
experiment:  <Experiment 2 name='testdfsio' count=0>
runs:  [<Run 65 expID=2 configID=25 time=29.64 num=1>]
tpcds
/home/vode/pj/cherrypick-sandbox/spearmint/examples/typeaa/experiment.txt
experiment:  <Experiment 5 name='tpcds' count=0>
runs:  [<Run 185 expID=5 configID=25 time=106.42 num=1>]
spark
/home/vode/pj/cherrypick-sandbox/spearmint/examples/typeaa/experiment.txt
experiment:  <Experiment 3 name='spark' count=0>
runs:  [<Run 105 expID=3 configID=25 time=383.32 num=1>]
kmeans
/home/vode/pj/cherrypick-sandbox/spearmint/examples/typeaa/experiment.txt
experiment:  <Experiment 4 name='kmeans' count=0>
runs:  [<Run 145 expID=4 configID=25 time=583.28 num=1>]
total cost:  3926.28503316
Got result 8.275449

Job file reloaded.
Completed successfully in 270.40 seconds. [8.275449]
setting job 11 complete
set...
