Running in wrapper mode for '20006'

Running python job.

[u'm1'] [u'medium'] [2]
terasort
/home/vode/pj/cherrypick-sandbox/spearmint/examples/typeaa/experiment.txt
experiment:  <Experiment 1 name='terasort' count=0>
runs:  [<Run 17 expID=1 configID=17 time=93.58 num=1>]
<Run 17 expID=1 configID=17 time=93.58 num=1>
<Run 17 expID=1 configID=17 time=93.58 num=0>
<Run 17 expID=1 configID=17 time=93.58 num=0>
<Run 17 expID=1 configID=17 time=93.58 num=0>
<Run 17 expID=1 configID=17 time=93.58 num=0>
<Run 17 expID=1 configID=17 time=93.58 num=0>
<Run 17 expID=1 configID=17 time=93.58 num=0>
<Run 17 expID=1 configID=17 time=93.58 num=0>
<Run 17 expID=1 configID=17 time=93.58 num=0>
<Run 17 expID=1 configID=17 time=93.58 num=0>
<Run 17 expID=1 configID=17 time=93.58 num=0>
<Run 17 expID=1 configID=17 time=93.58 num=0>
<Run 17 expID=1 configID=17 time=93.58 num=0>
<Run 17 expID=1 configID=17 time=93.58 num=0>
<Run 17 expID=1 configID=17 time=93.58 num=0>
<Run 17 expID=1 configID=17 time=93.58 num=0>
<Run 17 expID=1 configID=17 time=93.58 num=0>
<Run 17 expID=1 configID=17 time=93.58 num=0>
<Run 17 expID=1 configID=17 time=93.58 num=0>
<Run 17 expID=1 configID=17 time=93.58 num=0>
<Run 17 expID=1 configID=17 time=93.58 num=0>
<Run 17 expID=1 configID=17 time=93.58 num=0>
<Run 17 expID=1 configID=17 time=93.58 num=0>
<Run 17 expID=1 configID=17 time=93.58 num=0>
<Run 17 expID=1 configID=17 time=93.58 num=0>
<Run 17 expID=1 configID=17 time=93.58 num=1>
<Run 17 expID=1 configID=17 time=93.58 num=1>
<Run 17 expID=1 configID=17 time=93.58 num=1>
<Run 17 expID=1 configID=17 time=93.58 num=1>
<Run 17 expID=1 configID=17 time=93.58 num=1>
<Run 17 expID=1 configID=17 time=93.58 num=1>
testdfsio
/home/vode/pj/cherrypick-sandbox/spearmint/examples/typeaa/experiment.txt
experiment:  <Experiment 2 name='testdfsio' count=0>
runs:  [<Run 57 expID=2 configID=17 time=37.95 num=1>]
tpcds
/home/vode/pj/cherrypick-sandbox/spearmint/examples/typeaa/experiment.txt
experiment:  <Experiment 5 name='tpcds' count=0>
runs:  [<Run 177 expID=5 configID=17 time=43.39 num=1>]
spark
/home/vode/pj/cherrypick-sandbox/spearmint/examples/typeaa/experiment.txt
experiment:  <Experiment 3 name='spark' count=0>
runs:  [<Run 97 expID=3 configID=17 time=710.91 num=1>]
kmeans
/home/vode/pj/cherrypick-sandbox/spearmint/examples/typeaa/experiment.txt
experiment:  <Experiment 4 name='kmeans' count=0>
runs:  [<Run 137 expID=4 configID=17 time=1205.0 num=1>]
total cost:  3806.61182326
Got result 8.244495

Job file reloaded.
Completed successfully in 155.26 seconds. [8.244495]
setting job 20006 complete
set...
